<?xml version="1.0" encoding="UTF-8"?>
<!-- Generated by org.testng.reporters.JUnitXMLReporter -->
<testsuite ignored="0" hostname="Qualitrix-LinuxPC" failures="97" tests="152" name="Test" time="35082.604" errors="0" timestamp="10 Dec 2018 03:46:51 GMT">
  <testcase classname="org.testscript.ConsumeOpenCourseByPublicUserAndCheckCourseStatAsMentor" name="consumeOpenCourseByPublicUserAndCheckCourseStatAsMentor" time="332.376">
    <failure type="java.lang.AssertionError" message="Failed on logging out, Exception : unknown error: Element &amp;lt;div _ngcontent-c2=&amp;quot;&amp;quot; class=&amp;quot;ui floating dropdown right top pointing header-user-container&amp;quot; id=&amp;quot;dropdown-menu-list-header&amp;quot; suidropdown=&amp;quot;&amp;quot; tabindex=&amp;quot;0&amp;quot;&amp;gt;...&amp;lt;/div&amp;gt; is not clickable at point (1213, 37). Other element would receive the click: &amp;lt;a _ngcontent-c2=&amp;quot;&amp;quot; class=&amp;quot;item pt-5&amp;quot;&amp;gt;...&amp;lt;/a&amp;gt;
  (Session info: chrome=70.0.3538.67)
  (Driver info: chromedriver=2.41.578700 (2f1ed5f9343c13f73144538f15c00b370eda6706),platform=Linux 4.15.0-42-generic x86_64) (WARNING: The server did not provide any stacktrace information)
Command duration or timeout: 0 milliseconds
Build info: version: &amp;apos;3.12.0&amp;apos;, revision: &amp;apos;7c6e0b3&amp;apos;, time: &amp;apos;2018-05-08T14:04:26.12Z&amp;apos;
System info: host: &amp;apos;Qualitrix-LinuxPC&amp;apos;, ip: &amp;apos;127.0.1.1&amp;apos;, os.name: &amp;apos;Linux&amp;apos;, os.arch: &amp;apos;amd64&amp;apos;, os.version: &amp;apos;4.15.0-42-generic&amp;apos;, java.version: &amp;apos;10.0.2&amp;apos;
Driver info: org.openqa.selenium.chrome.ChromeDriver
Capabilities {acceptInsecureCerts: false, acceptSslCerts: false, applicationCacheEnabled: false, browserConnectionEnabled: false, browserName: chrome, chrome: {chromedriverVersion: 2.41.578700 (2f1ed5f9343c13..., userDataDir: /tmp/.org.chromium.Chromium...}, cssSelectorsEnabled: true, databaseEnabled: false, goog:chromeOptions: {debuggerAddress: localhost:41883}, handlesAlerts: true, hasTouchScreen: false, javascriptEnabled: true, locationContextEnabled: true, mobileEmulationEnabled: false, nativeEvents: true, networkConnectionEnabled: false, pageLoadStrategy: normal, platform: LINUX, platformName: LINUX, rotatable: false, setWindowRect: true, takesHeapSnapshot: true, takesScreenshot: true, unexpectedAlertBehaviour: , unhandledPromptBehavior: , version: 70.0.3538.67, webStorageEnabled: true}
Session ID: 2bb844fea37ef3fae4cb8b80feeb63df">
      <![CDATA[java.lang.AssertionError: Failed on logging out, Exception : unknown error: Element <div _ngcontent-c2="" class="ui floating dropdown right top pointing header-user-container" id="dropdown-menu-list-header" suidropdown="" tabindex="0">...</div> is not clickable at point (1213, 37). Other element would receive the click: <a _ngcontent-c2="" class="item pt-5">...</a>
  (Session info: chrome=70.0.3538.67)
  (Driver info: chromedriver=2.41.578700 (2f1ed5f9343c13f73144538f15c00b370eda6706),platform=Linux 4.15.0-42-generic x86_64) (WARNING: The server did not provide any stacktrace information)
Command duration or timeout: 0 milliseconds
Build info: version: '3.12.0', revision: '7c6e0b3', time: '2018-05-08T14:04:26.12Z'
System info: host: 'Qualitrix-LinuxPC', ip: '127.0.1.1', os.name: 'Linux', os.arch: 'amd64', os.version: '4.15.0-42-generic', java.version: '10.0.2'
Driver info: org.openqa.selenium.chrome.ChromeDriver
Capabilities {acceptInsecureCerts: false, acceptSslCerts: false, applicationCacheEnabled: false, browserConnectionEnabled: false, browserName: chrome, chrome: {chromedriverVersion: 2.41.578700 (2f1ed5f9343c13..., userDataDir: /tmp/.org.chromium.Chromium...}, cssSelectorsEnabled: true, databaseEnabled: false, goog:chromeOptions: {debuggerAddress: localhost:41883}, handlesAlerts: true, hasTouchScreen: false, javascriptEnabled: true, locationContextEnabled: true, mobileEmulationEnabled: false, nativeEvents: true, networkConnectionEnabled: false, pageLoadStrategy: normal, platform: LINUX, platformName: LINUX, rotatable: false, setWindowRect: true, takesHeapSnapshot: true, takesScreenshot: true, unexpectedAlertBehaviour: , unhandledPromptBehavior: , version: 70.0.3538.67, webStorageEnabled: true}
Session ID: 2bb844fea37ef3fae4cb8b80feeb63df
	at org.pageobjects.SignUpPageObj.userLogout(SignUpPageObj.java:196)
	at org.testscript.ConsumeOpenCourseByPublicUserAndCheckCourseStatAsMentor.consumeOpenCourseByPublicUserAndCheckCourseStatAsMentor(ConsumeOpenCourseByPublicUserAndCheckCourseStatAsMentor.java:136)
... Removed 26 stack frames]]>
    </failure>
  </testcase> <!-- consumeOpenCourseByPublicUserAndCheckCourseStatAsMentor -->
  <testcase classname="org.testscript.regression.QuestionTemplateFillInTheBlankCustom" name="QuestionTemplateFibCustomKeyboard" time="71.494">
    <failure type="java.lang.AssertionError" message="Failed to verify create-Fill in the blanks question type no such element: Unable to locate element: {&amp;quot;method&amp;quot;:&amp;quot;xpath&amp;quot;,&amp;quot;selector&amp;quot;:&amp;quot;//select[@ng-model=&amp;apos;keyboardType&amp;apos;]&amp;quot;}
  (Session info: chrome=70.0.3538.67)
  (Driver info: chromedriver=2.41.578700 (2f1ed5f9343c13f73144538f15c00b370eda6706),platform=Linux 4.15.0-42-generic x86_64) (WARNING: The server did not provide any stacktrace information)
Command duration or timeout: 0 milliseconds
For documentation on this error, please visit: http://seleniumhq.org/exceptions/no_such_element.html
Build info: version: &amp;apos;3.12.0&amp;apos;, revision: &amp;apos;7c6e0b3&amp;apos;, time: &amp;apos;2018-05-08T14:04:26.12Z&amp;apos;
System info: host: &amp;apos;Qualitrix-LinuxPC&amp;apos;, ip: &amp;apos;127.0.1.1&amp;apos;, os.name: &amp;apos;Linux&amp;apos;, os.arch: &amp;apos;amd64&amp;apos;, os.version: &amp;apos;4.15.0-42-generic&amp;apos;, java.version: &amp;apos;10.0.2&amp;apos;
Driver info: org.openqa.selenium.chrome.ChromeDriver
Capabilities {acceptInsecureCerts: false, acceptSslCerts: false, applicationCacheEnabled: false, browserConnectionEnabled: false, browserName: chrome, chrome: {chromedriverVersion: 2.41.578700 (2f1ed5f9343c13..., userDataDir: /tmp/.org.chromium.Chromium...}, cssSelectorsEnabled: true, databaseEnabled: false, goog:chromeOptions: {debuggerAddress: localhost:41109}, handlesAlerts: true, hasTouchScreen: false, javascriptEnabled: true, locationContextEnabled: true, mobileEmulationEnabled: false, nativeEvents: true, networkConnectionEnabled: false, pageLoadStrategy: normal, platform: LINUX, platformName: LINUX, rotatable: false, setWindowRect: true, takesHeapSnapshot: true, takesScreenshot: true, unexpectedAlertBehaviour: , unhandledPromptBehavior: , version: 70.0.3538.67, webStorageEnabled: true}
Session ID: 50e4041e03d45278c657a2e281ec6f29
*** Element info: {Using=xpath, value=//select[@ng-model=&amp;apos;keyboardType&amp;apos;]}">
      <![CDATA[java.lang.AssertionError: Failed to verify create-Fill in the blanks question type no such element: Unable to locate element: {"method":"xpath","selector":"//select[@ng-model='keyboardType']"}
  (Session info: chrome=70.0.3538.67)
  (Driver info: chromedriver=2.41.578700 (2f1ed5f9343c13f73144538f15c00b370eda6706),platform=Linux 4.15.0-42-generic x86_64) (WARNING: The server did not provide any stacktrace information)
Command duration or timeout: 0 milliseconds
For documentation on this error, please visit: http://seleniumhq.org/exceptions/no_such_element.html
Build info: version: '3.12.0', revision: '7c6e0b3', time: '2018-05-08T14:04:26.12Z'
System info: host: 'Qualitrix-LinuxPC', ip: '127.0.1.1', os.name: 'Linux', os.arch: 'amd64', os.version: '4.15.0-42-generic', java.version: '10.0.2'
Driver info: org.openqa.selenium.chrome.ChromeDriver
Capabilities {acceptInsecureCerts: false, acceptSslCerts: false, applicationCacheEnabled: false, browserConnectionEnabled: false, browserName: chrome, chrome: {chromedriverVersion: 2.41.578700 (2f1ed5f9343c13..., userDataDir: /tmp/.org.chromium.Chromium...}, cssSelectorsEnabled: true, databaseEnabled: false, goog:chromeOptions: {debuggerAddress: localhost:41109}, handlesAlerts: true, hasTouchScreen: false, javascriptEnabled: true, locationContextEnabled: true, mobileEmulationEnabled: false, nativeEvents: true, networkConnectionEnabled: false, pageLoadStrategy: normal, platform: LINUX, platformName: LINUX, rotatable: false, setWindowRect: true, takesHeapSnapshot: true, takesScreenshot: true, unexpectedAlertBehaviour: , unhandledPromptBehavior: , version: 70.0.3538.67, webStorageEnabled: true}
Session ID: 50e4041e03d45278c657a2e281ec6f29
*** Element info: {Using=xpath, value=//select[@ng-model='keyboardType']}
	at org.pageobjects.ContentCreationResourcePageObj.fillInTheBlankQuestion(ContentCreationResourcePageObj.java:1578)
	at org.testscript.regression.QuestionTemplateFillInTheBlankCustom.QuestionTemplateFibCustomKeyboard(QuestionTemplateFillInTheBlankCustom.java:34)
... Removed 26 stack frames]]>
    </failure>
  </testcase> <!-- QuestionTemplateFibCustomKeyboard -->
  <testcase classname="org.testscript.regression.VerifyReviewerRequestChangesTheBook" name="verifyReviewerRequestChangesTheBook" time="95.647">
    <failure type="java.lang.AssertionError" message="Failed on logging out, Exception : unknown error: Element &amp;lt;div _ngcontent-c2=&amp;quot;&amp;quot; class=&amp;quot;ui floating dropdown right top pointing header-user-container&amp;quot; id=&amp;quot;dropdown-menu-list-header&amp;quot; suidropdown=&amp;quot;&amp;quot; tabindex=&amp;quot;0&amp;quot;&amp;gt;...&amp;lt;/div&amp;gt; is not clickable at point (1213, 37). Other element would receive the click: &amp;lt;a _ngcontent-c2=&amp;quot;&amp;quot; class=&amp;quot;item pt-5&amp;quot;&amp;gt;...&amp;lt;/a&amp;gt;
  (Session info: chrome=70.0.3538.67)
  (Driver info: chromedriver=2.41.578700 (2f1ed5f9343c13f73144538f15c00b370eda6706),platform=Linux 4.15.0-42-generic x86_64) (WARNING: The server did not provide any stacktrace information)
Command duration or timeout: 0 milliseconds
Build info: version: &amp;apos;3.12.0&amp;apos;, revision: &amp;apos;7c6e0b3&amp;apos;, time: &amp;apos;2018-05-08T14:04:26.12Z&amp;apos;
System info: host: &amp;apos;Qualitrix-LinuxPC&amp;apos;, ip: &amp;apos;127.0.1.1&amp;apos;, os.name: &amp;apos;Linux&amp;apos;, os.arch: &amp;apos;amd64&amp;apos;, os.version: &amp;apos;4.15.0-42-generic&amp;apos;, java.version: &amp;apos;10.0.2&amp;apos;
Driver info: org.openqa.selenium.chrome.ChromeDriver
Capabilities {acceptInsecureCerts: false, acceptSslCerts: false, applicationCacheEnabled: false, browserConnectionEnabled: false, browserName: chrome, chrome: {chromedriverVersion: 2.41.578700 (2f1ed5f9343c13..., userDataDir: /tmp/.org.chromium.Chromium...}, cssSelectorsEnabled: true, databaseEnabled: false, goog:chromeOptions: {debuggerAddress: localhost:42165}, handlesAlerts: true, hasTouchScreen: false, javascriptEnabled: true, locationContextEnabled: true, mobileEmulationEnabled: false, nativeEvents: true, networkConnectionEnabled: false, pageLoadStrategy: normal, platform: LINUX, platformName: LINUX, rotatable: false, setWindowRect: true, takesHeapSnapshot: true, takesScreenshot: true, unexpectedAlertBehaviour: , unhandledPromptBehavior: , version: 70.0.3538.67, webStorageEnabled: true}
Session ID: 11e677b4a49a5b534b118aa20a3ff8af">
      <![CDATA[java.lang.AssertionError: Failed on logging out, Exception : unknown error: Element <div _ngcontent-c2="" class="ui floating dropdown right top pointing header-user-container" id="dropdown-menu-list-header" suidropdown="" tabindex="0">...</div> is not clickable at point (1213, 37). Other element would receive the click: <a _ngcontent-c2="" class="item pt-5">...</a>
  (Session info: chrome=70.0.3538.67)
  (Driver info: chromedriver=2.41.578700 (2f1ed5f9343c13f73144538f15c00b370eda6706),platform=Linux 4.15.0-42-generic x86_64) (WARNING: The server did not provide any stacktrace information)
Command duration or timeout: 0 milliseconds
Build info: version: '3.12.0', revision: '7c6e0b3', time: '2018-05-08T14:04:26.12Z'
System info: host: 'Qualitrix-LinuxPC', ip: '127.0.1.1', os.name: 'Linux', os.arch: 'amd64', os.version: '4.15.0-42-generic', java.version: '10.0.2'
Driver info: org.openqa.selenium.chrome.ChromeDriver
Capabilities {acceptInsecureCerts: false, acceptSslCerts: false, applicationCacheEnabled: false, browserConnectionEnabled: false, browserName: chrome, chrome: {chromedriverVersion: 2.41.578700 (2f1ed5f9343c13..., userDataDir: /tmp/.org.chromium.Chromium...}, cssSelectorsEnabled: true, databaseEnabled: false, goog:chromeOptions: {debuggerAddress: localhost:42165}, handlesAlerts: true, hasTouchScreen: false, javascriptEnabled: true, locationContextEnabled: true, mobileEmulationEnabled: false, nativeEvents: true, networkConnectionEnabled: false, pageLoadStrategy: normal, platform: LINUX, platformName: LINUX, rotatable: false, setWindowRect: true, takesHeapSnapshot: true, takesScreenshot: true, unexpectedAlertBehaviour: , unhandledPromptBehavior: , version: 70.0.3538.67, webStorageEnabled: true}
Session ID: 11e677b4a49a5b534b118aa20a3ff8af
	at org.pageobjects.SignUpPageObj.userLogout(SignUpPageObj.java:196)
	at org.testscript.regression.VerifyReviewerRequestChangesTheBook.verifyReviewerRequestChangesTheBook(VerifyReviewerRequestChangesTheBook.java:45)
... Removed 26 stack frames]]>
    </failure>
  </testcase> <!-- verifyReviewerRequestChangesTheBook -->
  <testcase classname="org.testscript.regression.CreateResourceByUploadingVideoAndActivityPlugins" name="verifyAddingActivityFunctionality" time="36.421"/>
  <testcase classname="org.testscript.regression.CreateResourceByUploadingVideoAndActivityPlugins" name="verifyUploadingVideo_AddingActivity" time="73.034"/>
  <testcase classname="org.testscript.CreateLessonPlanAndVerify" name="createLessonAndVerify" time="261.207"/>
  <testcase classname="org.testscript.regression.VerifyTheClosingOfContentEditor" name="contentCreator_CloseEditor" time="38.636">
    <failure type="java.lang.AssertionError" message="Failed to verify and close content editor no such alert
  (Session info: chrome=70.0.3538.67)
  (Driver info: chromedriver=2.41.578700 (2f1ed5f9343c13f73144538f15c00b370eda6706),platform=Linux 4.15.0-42-generic x86_64) (WARNING: The server did not provide any stacktrace information)
Command duration or timeout: 0 milliseconds
Build info: version: &amp;apos;3.12.0&amp;apos;, revision: &amp;apos;7c6e0b3&amp;apos;, time: &amp;apos;2018-05-08T14:04:26.12Z&amp;apos;
System info: host: &amp;apos;Qualitrix-LinuxPC&amp;apos;, ip: &amp;apos;127.0.1.1&amp;apos;, os.name: &amp;apos;Linux&amp;apos;, os.arch: &amp;apos;amd64&amp;apos;, os.version: &amp;apos;4.15.0-42-generic&amp;apos;, java.version: &amp;apos;10.0.2&amp;apos;
Driver info: org.openqa.selenium.chrome.ChromeDriver
Capabilities {acceptInsecureCerts: false, acceptSslCerts: false, applicationCacheEnabled: false, browserConnectionEnabled: false, browserName: chrome, chrome: {chromedriverVersion: 2.41.578700 (2f1ed5f9343c13..., userDataDir: /tmp/.org.chromium.Chromium...}, cssSelectorsEnabled: true, databaseEnabled: false, goog:chromeOptions: {debuggerAddress: localhost:37021}, handlesAlerts: true, hasTouchScreen: false, javascriptEnabled: true, locationContextEnabled: true, mobileEmulationEnabled: false, nativeEvents: true, networkConnectionEnabled: false, pageLoadStrategy: normal, platform: LINUX, platformName: LINUX, rotatable: false, setWindowRect: true, takesHeapSnapshot: true, takesScreenshot: true, unexpectedAlertBehaviour: , unhandledPromptBehavior: , version: 70.0.3538.67, webStorageEnabled: true}
Session ID: 9221e07ed662b577840906facc820124">
      <![CDATA[java.lang.AssertionError: Failed to verify and close content editor no such alert
  (Session info: chrome=70.0.3538.67)
  (Driver info: chromedriver=2.41.578700 (2f1ed5f9343c13f73144538f15c00b370eda6706),platform=Linux 4.15.0-42-generic x86_64) (WARNING: The server did not provide any stacktrace information)
Command duration or timeout: 0 milliseconds
Build info: version: '3.12.0', revision: '7c6e0b3', time: '2018-05-08T14:04:26.12Z'
System info: host: 'Qualitrix-LinuxPC', ip: '127.0.1.1', os.name: 'Linux', os.arch: 'amd64', os.version: '4.15.0-42-generic', java.version: '10.0.2'
Driver info: org.openqa.selenium.chrome.ChromeDriver
Capabilities {acceptInsecureCerts: false, acceptSslCerts: false, applicationCacheEnabled: false, browserConnectionEnabled: false, browserName: chrome, chrome: {chromedriverVersion: 2.41.578700 (2f1ed5f9343c13..., userDataDir: /tmp/.org.chromium.Chromium...}, cssSelectorsEnabled: true, databaseEnabled: false, goog:chromeOptions: {debuggerAddress: localhost:37021}, handlesAlerts: true, hasTouchScreen: false, javascriptEnabled: true, locationContextEnabled: true, mobileEmulationEnabled: false, nativeEvents: true, networkConnectionEnabled: false, pageLoadStrategy: normal, platform: LINUX, platformName: LINUX, rotatable: false, setWindowRect: true, takesHeapSnapshot: true, takesScreenshot: true, unexpectedAlertBehaviour: , unhandledPromptBehavior: , version: 70.0.3538.67, webStorageEnabled: true}
Session ID: 9221e07ed662b577840906facc820124
	at org.pageobjects.ContentCreationResourcePageObj.verifyCloseContentEditor(ContentCreationResourcePageObj.java:1873)
	at org.testscript.regression.VerifyTheClosingOfContentEditor.contentCreator_CloseEditor(VerifyTheClosingOfContentEditor.java:32)
... Removed 26 stack frames]]>
    </failure>
  </testcase> <!-- contentCreator_CloseEditor -->
  <testcase classname="org.testscript.CreateBookAndVerify" name="createBoookAndVerify" time="188.248"/>
  <testcase classname="org.testscript.CreateCollectionAndVerify" name="createCollectionAndVerify" time="199.783"/>
  <testcase classname="org.testscript.regression.CreateResourceWithContentsPluginsAndVerifyContentEditor" name="createResourceWithContentsPlugins_VerifyContentEditor" time="79.049">
    <failure type="java.lang.AssertionError" message="Failed to create new question set for resource no such element: Unable to locate element: {&amp;quot;method&amp;quot;:&amp;quot;xpath&amp;quot;,&amp;quot;selector&amp;quot;:&amp;quot;//div//input[contains(@name,&amp;apos;0&amp;apos;)]&amp;quot;}
  (Session info: chrome=70.0.3538.67)
  (Driver info: chromedriver=2.41.578700 (2f1ed5f9343c13f73144538f15c00b370eda6706),platform=Linux 4.15.0-42-generic x86_64) (WARNING: The server did not provide any stacktrace information)
Command duration or timeout: 0 milliseconds
For documentation on this error, please visit: http://seleniumhq.org/exceptions/no_such_element.html
Build info: version: &amp;apos;3.12.0&amp;apos;, revision: &amp;apos;7c6e0b3&amp;apos;, time: &amp;apos;2018-05-08T14:04:26.12Z&amp;apos;
System info: host: &amp;apos;Qualitrix-LinuxPC&amp;apos;, ip: &amp;apos;127.0.1.1&amp;apos;, os.name: &amp;apos;Linux&amp;apos;, os.arch: &amp;apos;amd64&amp;apos;, os.version: &amp;apos;4.15.0-42-generic&amp;apos;, java.version: &amp;apos;10.0.2&amp;apos;
Driver info: org.openqa.selenium.chrome.ChromeDriver
Capabilities {acceptInsecureCerts: false, acceptSslCerts: false, applicationCacheEnabled: false, browserConnectionEnabled: false, browserName: chrome, chrome: {chromedriverVersion: 2.41.578700 (2f1ed5f9343c13..., userDataDir: /tmp/.org.chromium.Chromium...}, cssSelectorsEnabled: true, databaseEnabled: false, goog:chromeOptions: {debuggerAddress: localhost:37645}, handlesAlerts: true, hasTouchScreen: false, javascriptEnabled: true, locationContextEnabled: true, mobileEmulationEnabled: false, nativeEvents: true, networkConnectionEnabled: false, pageLoadStrategy: normal, platform: LINUX, platformName: LINUX, rotatable: false, setWindowRect: true, takesHeapSnapshot: true, takesScreenshot: true, unexpectedAlertBehaviour: , unhandledPromptBehavior: , version: 70.0.3538.67, webStorageEnabled: true}
Session ID: 3752d97d04a524ba04252d5de328082c
*** Element info: {Using=xpath, value=//div//input[contains(@name,&amp;apos;0&amp;apos;)]}">
      <![CDATA[java.lang.AssertionError: Failed to create new question set for resource no such element: Unable to locate element: {"method":"xpath","selector":"//div//input[contains(@name,'0')]"}
  (Session info: chrome=70.0.3538.67)
  (Driver info: chromedriver=2.41.578700 (2f1ed5f9343c13f73144538f15c00b370eda6706),platform=Linux 4.15.0-42-generic x86_64) (WARNING: The server did not provide any stacktrace information)
Command duration or timeout: 0 milliseconds
For documentation on this error, please visit: http://seleniumhq.org/exceptions/no_such_element.html
Build info: version: '3.12.0', revision: '7c6e0b3', time: '2018-05-08T14:04:26.12Z'
System info: host: 'Qualitrix-LinuxPC', ip: '127.0.1.1', os.name: 'Linux', os.arch: 'amd64', os.version: '4.15.0-42-generic', java.version: '10.0.2'
Driver info: org.openqa.selenium.chrome.ChromeDriver
Capabilities {acceptInsecureCerts: false, acceptSslCerts: false, applicationCacheEnabled: false, browserConnectionEnabled: false, browserName: chrome, chrome: {chromedriverVersion: 2.41.578700 (2f1ed5f9343c13..., userDataDir: /tmp/.org.chromium.Chromium...}, cssSelectorsEnabled: true, databaseEnabled: false, goog:chromeOptions: {debuggerAddress: localhost:37645}, handlesAlerts: true, hasTouchScreen: false, javascriptEnabled: true, locationContextEnabled: true, mobileEmulationEnabled: false, nativeEvents: true, networkConnectionEnabled: false, pageLoadStrategy: normal, platform: LINUX, platformName: LINUX, rotatable: false, setWindowRect: true, takesHeapSnapshot: true, takesScreenshot: true, unexpectedAlertBehaviour: , unhandledPromptBehavior: , version: 70.0.3538.67, webStorageEnabled: true}
Session ID: 3752d97d04a524ba04252d5de328082c
*** Element info: {Using=xpath, value=//div//input[contains(@name,'0')]}
	at org.pageobjects.ContentCreationResourcePageObj.createQuestion(ContentCreationResourcePageObj.java:1061)
	at org.pageobjects.ContentCreationResourcePageObj.verifyResourcePluginsAndContents(ContentCreationResourcePageObj.java:527)
	at org.testscript.regression.CreateResourceWithContentsPluginsAndVerifyContentEditor.createResourceWithContentsPlugins_VerifyContentEditor(CreateResourceWithContentsPluginsAndVerifyContentEditor.java:32)
... Removed 26 stack frames]]>
    </failure>
  </testcase> <!-- createResourceWithContentsPlugins_VerifyContentEditor -->
  <testcase classname="org.testscript.regression.VerifyFeaturesOfProfileIconAndWorkspace" name="verifyProfileIcon4Features_workspaceFeatures" time="34.344"/>
  <testcase classname="org.testscript.regression.SameUserNameIsNotAllowedWhileSignup" name="verify_SignUpFailure" time="108.337">
    <failure type="java.lang.AssertionError" message="Failed on sign up to the applicationExpected condition failed: waiting for visibility of Proxy element for: DefaultElementLocator &amp;apos;By.xpath: //div[@class=&amp;apos;iziToast-texts&amp;apos;]//strong[@class=&amp;apos;iziToast-title slideIn&amp;apos;]&amp;apos; (tried for 60 second(s) with 500 milliseconds interval)">
      <![CDATA[java.lang.AssertionError: Failed on sign up to the applicationExpected condition failed: waiting for visibility of Proxy element for: DefaultElementLocator 'By.xpath: //div[@class='iziToast-texts']//strong[@class='iziToast-title slideIn']' (tried for 60 second(s) with 500 milliseconds interval)
	at org.pageobjects.SignUpPageObj.checkUserDataExists(SignUpPageObj.java:290)
	at org.testscript.regression.SameUserNameIsNotAllowedWhileSignup.verify_SignUpFailure(SameUserNameIsNotAllowedWhileSignup.java:20)
... Removed 26 stack frames]]>
    </failure>
  </testcase> <!-- verify_SignUpFailure -->
  <testcase classname="org.testscript.regression.VerifyNavigateToGetPage" name="verify_NavigateToGetPage" time="96.322"/>
  <testcase classname="org.testscript.regression.ContentValidationInUpForReviewSearchWithFilter" name="contentValidationInUpForReviewSearchWithFilter" time="68.807"/>
  <testcase classname="org.testscript.regression.AccessOnAllPagesAfterLogin" name="verify_PageAccessOnLogin" time="66.437"/>
  <testcase classname="org.testscript.regression.CreateResourceByAddingAudio" name="resource_VerifyAudioUpload" time="55.507">
    <failure type="java.lang.AssertionError" message="Failed to upload an audioinvalid selector: Unable to locate an element with the xpath expression //span[contains(@class,&amp;apos;playAudio&amp;apos;) because of the following error:
SyntaxError: Failed to execute &amp;apos;evaluate&amp;apos; on &amp;apos;Document&amp;apos;: The string &amp;apos;//span[contains(@class,&amp;apos;playAudio&amp;apos;)&amp;apos; is not a valid XPath expression.
  (Session info: chrome=70.0.3538.67)
  (Driver info: chromedriver=2.41.578700 (2f1ed5f9343c13f73144538f15c00b370eda6706),platform=Linux 4.15.0-42-generic x86_64) (WARNING: The server did not provide any stacktrace information)
Command duration or timeout: 0 milliseconds
For documentation on this error, please visit: http://seleniumhq.org/exceptions/invalid_selector_exception.html
Build info: version: &amp;apos;3.12.0&amp;apos;, revision: &amp;apos;7c6e0b3&amp;apos;, time: &amp;apos;2018-05-08T14:04:26.12Z&amp;apos;
System info: host: &amp;apos;Qualitrix-LinuxPC&amp;apos;, ip: &amp;apos;127.0.1.1&amp;apos;, os.name: &amp;apos;Linux&amp;apos;, os.arch: &amp;apos;amd64&amp;apos;, os.version: &amp;apos;4.15.0-42-generic&amp;apos;, java.version: &amp;apos;10.0.2&amp;apos;
Driver info: org.openqa.selenium.chrome.ChromeDriver
Capabilities {acceptInsecureCerts: false, acceptSslCerts: false, applicationCacheEnabled: false, browserConnectionEnabled: false, browserName: chrome, chrome: {chromedriverVersion: 2.41.578700 (2f1ed5f9343c13..., userDataDir: /tmp/.org.chromium.Chromium...}, cssSelectorsEnabled: true, databaseEnabled: false, goog:chromeOptions: {debuggerAddress: localhost:45785}, handlesAlerts: true, hasTouchScreen: false, javascriptEnabled: true, locationContextEnabled: true, mobileEmulationEnabled: false, nativeEvents: true, networkConnectionEnabled: false, pageLoadStrategy: normal, platform: LINUX, platformName: LINUX, rotatable: false, setWindowRect: true, takesHeapSnapshot: true, takesScreenshot: true, unexpectedAlertBehaviour: , unhandledPromptBehavior: , version: 70.0.3538.67, webStorageEnabled: true}
Session ID: d544d52f7da0f4c32ad7328a729daeb8
*** Element info: {Using=xpath, value=//span[contains(@class,&amp;apos;playAudio&amp;apos;)}">
      <![CDATA[java.lang.AssertionError: Failed to upload an audioinvalid selector: Unable to locate an element with the xpath expression //span[contains(@class,'playAudio') because of the following error:
SyntaxError: Failed to execute 'evaluate' on 'Document': The string '//span[contains(@class,'playAudio')' is not a valid XPath expression.
  (Session info: chrome=70.0.3538.67)
  (Driver info: chromedriver=2.41.578700 (2f1ed5f9343c13f73144538f15c00b370eda6706),platform=Linux 4.15.0-42-generic x86_64) (WARNING: The server did not provide any stacktrace information)
Command duration or timeout: 0 milliseconds
For documentation on this error, please visit: http://seleniumhq.org/exceptions/invalid_selector_exception.html
Build info: version: '3.12.0', revision: '7c6e0b3', time: '2018-05-08T14:04:26.12Z'
System info: host: 'Qualitrix-LinuxPC', ip: '127.0.1.1', os.name: 'Linux', os.arch: 'amd64', os.version: '4.15.0-42-generic', java.version: '10.0.2'
Driver info: org.openqa.selenium.chrome.ChromeDriver
Capabilities {acceptInsecureCerts: false, acceptSslCerts: false, applicationCacheEnabled: false, browserConnectionEnabled: false, browserName: chrome, chrome: {chromedriverVersion: 2.41.578700 (2f1ed5f9343c13..., userDataDir: /tmp/.org.chromium.Chromium...}, cssSelectorsEnabled: true, databaseEnabled: false, goog:chromeOptions: {debuggerAddress: localhost:45785}, handlesAlerts: true, hasTouchScreen: false, javascriptEnabled: true, locationContextEnabled: true, mobileEmulationEnabled: false, nativeEvents: true, networkConnectionEnabled: false, pageLoadStrategy: normal, platform: LINUX, platformName: LINUX, rotatable: false, setWindowRect: true, takesHeapSnapshot: true, takesScreenshot: true, unexpectedAlertBehaviour: , unhandledPromptBehavior: , version: 70.0.3538.67, webStorageEnabled: true}
Session ID: d544d52f7da0f4c32ad7328a729daeb8
*** Element info: {Using=xpath, value=//span[contains(@class,'playAudio')}
	at org.pageobjects.ContentCreationResourcePageObj.uploadAudioForEveryone(ContentCreationResourcePageObj.java:2086)
	at org.testscript.regression.CreateResourceByAddingAudio.resource_VerifyAudioUpload(CreateResourceByAddingAudio.java:39)
... Removed 26 stack frames]]>
    </failure>
  </testcase> <!-- resource_VerifyAudioUpload -->
  <testcase classname="org.testscript.regression.VerifyEditMetadataPageForCollection" name="workspaceCollection_verifyEditDetailsPage" time="42.92">
    <failure type="java.lang.AssertionError" message="Failed to create new collection">
      <![CDATA[java.lang.AssertionError: Failed to create new collection
	at org.pageobjects.ContentCreationResourcePageObj.createNewCollection(ContentCreationResourcePageObj.java:2007)
	at org.testscript.regression.VerifyEditMetadataPageForCollection.workspaceCollection_verifyEditDetailsPage(VerifyEditMetadataPageForCollection.java:31)
... Removed 26 stack frames]]>
    </failure>
  </testcase> <!-- workspaceCollection_verifyEditDetailsPage -->
  <testcase classname="org.testscript.SearchOrgsAsAdmin" name="searchOrgsAsAdmin" time="24.601"/>
  <testcase classname="org.testscript.CheckCourseStatAsMentor" name="checkCourseStatAsMentor" time="248.919">
    <failure type="java.lang.AssertionError" message="Failed to enroll for an open batch, Exceptionno such element: Unable to locate element: {&amp;quot;method&amp;quot;:&amp;quot;xpath&amp;quot;,&amp;quot;selector&amp;quot;:&amp;quot;//button[text()=&amp;apos;Enroll	&amp;apos;]&amp;quot;}
  (Session info: chrome=70.0.3538.67)
  (Driver info: chromedriver=2.41.578700 (2f1ed5f9343c13f73144538f15c00b370eda6706),platform=Linux 4.15.0-42-generic x86_64) (WARNING: The server did not provide any stacktrace information)
Command duration or timeout: 0 milliseconds
For documentation on this error, please visit: http://seleniumhq.org/exceptions/no_such_element.html
Build info: version: &amp;apos;3.12.0&amp;apos;, revision: &amp;apos;7c6e0b3&amp;apos;, time: &amp;apos;2018-05-08T14:04:26.12Z&amp;apos;
System info: host: &amp;apos;Qualitrix-LinuxPC&amp;apos;, ip: &amp;apos;127.0.1.1&amp;apos;, os.name: &amp;apos;Linux&amp;apos;, os.arch: &amp;apos;amd64&amp;apos;, os.version: &amp;apos;4.15.0-42-generic&amp;apos;, java.version: &amp;apos;10.0.2&amp;apos;
Driver info: org.openqa.selenium.chrome.ChromeDriver
Capabilities {acceptInsecureCerts: false, acceptSslCerts: false, applicationCacheEnabled: false, browserConnectionEnabled: false, browserName: chrome, chrome: {chromedriverVersion: 2.41.578700 (2f1ed5f9343c13..., userDataDir: /tmp/.org.chromium.Chromium...}, cssSelectorsEnabled: true, databaseEnabled: false, goog:chromeOptions: {debuggerAddress: localhost:45891}, handlesAlerts: true, hasTouchScreen: false, javascriptEnabled: true, locationContextEnabled: true, mobileEmulationEnabled: false, nativeEvents: true, networkConnectionEnabled: false, pageLoadStrategy: normal, platform: LINUX, platformName: LINUX, rotatable: false, setWindowRect: true, takesHeapSnapshot: true, takesScreenshot: true, unexpectedAlertBehaviour: , unhandledPromptBehavior: , version: 70.0.3538.67, webStorageEnabled: true}
Session ID: 06919adb700e9687262624919831a079
*** Element info: {Using=xpath, value=//button[text()=&amp;apos;Enroll	&amp;apos;]}">
      <![CDATA[java.lang.AssertionError: Failed to enroll for an open batch, Exceptionno such element: Unable to locate element: {"method":"xpath","selector":"//button[text()='Enroll	']"}
  (Session info: chrome=70.0.3538.67)
  (Driver info: chromedriver=2.41.578700 (2f1ed5f9343c13f73144538f15c00b370eda6706),platform=Linux 4.15.0-42-generic x86_64) (WARNING: The server did not provide any stacktrace information)
Command duration or timeout: 0 milliseconds
For documentation on this error, please visit: http://seleniumhq.org/exceptions/no_such_element.html
Build info: version: '3.12.0', revision: '7c6e0b3', time: '2018-05-08T14:04:26.12Z'
System info: host: 'Qualitrix-LinuxPC', ip: '127.0.1.1', os.name: 'Linux', os.arch: 'amd64', os.version: '4.15.0-42-generic', java.version: '10.0.2'
Driver info: org.openqa.selenium.chrome.ChromeDriver
Capabilities {acceptInsecureCerts: false, acceptSslCerts: false, applicationCacheEnabled: false, browserConnectionEnabled: false, browserName: chrome, chrome: {chromedriverVersion: 2.41.578700 (2f1ed5f9343c13..., userDataDir: /tmp/.org.chromium.Chromium...}, cssSelectorsEnabled: true, databaseEnabled: false, goog:chromeOptions: {debuggerAddress: localhost:45891}, handlesAlerts: true, hasTouchScreen: false, javascriptEnabled: true, locationContextEnabled: true, mobileEmulationEnabled: false, nativeEvents: true, networkConnectionEnabled: false, pageLoadStrategy: normal, platform: LINUX, platformName: LINUX, rotatable: false, setWindowRect: true, takesHeapSnapshot: true, takesScreenshot: true, unexpectedAlertBehaviour: , unhandledPromptBehavior: , version: 70.0.3538.67, webStorageEnabled: true}
Session ID: 06919adb700e9687262624919831a079
*** Element info: {Using=xpath, value=//button[text()='Enroll	']}
	at org.pageobjects.CreateMentorPageObj.enrollForOpenBatch(CreateMentorPageObj.java:356)
	at org.testscript.CheckCourseStatAsMentor.checkCourseStatAsMentor(CheckCourseStatAsMentor.java:110)
... Removed 26 stack frames]]>
    </failure>
  </testcase> <!-- checkCourseStatAsMentor -->
  <testcase classname="org.testscript.CheckForDownloadButtonAvailabilityForUserInProfile" name="checkForDownloadButtonAvailabilityForUserInProfile" time="57.825"/>
  <testcase classname="org.testscript.CheckForAuthenticUserInMentor" name="checkForAuthenticUserInMentor" time="39.514"/>
  <testcase classname="org.testscript.UpdateBatchAsInvitedMentor" name="updateBatchAsInvitedMentor" time="292.493">
    <failure type="java.lang.AssertionError" message="Failed on navigating to Course section, search course and update the course, Exception : Expected condition failed: waiting for visibility of Proxy element for: DefaultElementLocator &amp;apos;By.xpath: //i[@class=&amp;apos;icon float-ContentRight cursor-pointer write&amp;apos;]&amp;apos; (tried for 60 second(s) with 500 milliseconds interval)">
      <![CDATA[java.lang.AssertionError: Failed on navigating to Course section, search course and update the course, Exception : Expected condition failed: waiting for visibility of Proxy element for: DefaultElementLocator 'By.xpath: //i[@class='icon float-ContentRight cursor-pointer write']' (tried for 60 second(s) with 500 milliseconds interval)
	at org.pageobjects.CreateMentorPageObj.navigateToCourseSearchAndUpdate(CreateMentorPageObj.java:208)
	at org.testscript.UpdateBatchAsInvitedMentor.updateBatchAsInvitedMentor(UpdateBatchAsInvitedMentor.java:94)
... Removed 26 stack frames]]>
    </failure>
  </testcase> <!-- updateBatchAsInvitedMentor -->
  <testcase classname="org.testscript.CheckSuborgMentorInvitingOrgMember" name="suborgMentorInvitingOrgMember" time="223.634"/>
  <testcase classname="org.testscript.EnrollToCourseInOpenBatch" name="enrollToCourseInOpenBatch" time="246.776">
    <failure type="java.lang.AssertionError" message="Failed to enroll for an open batch, Exceptionno such element: Unable to locate element: {&amp;quot;method&amp;quot;:&amp;quot;xpath&amp;quot;,&amp;quot;selector&amp;quot;:&amp;quot;//button[text()=&amp;apos;Enroll	&amp;apos;]&amp;quot;}
  (Session info: chrome=70.0.3538.67)
  (Driver info: chromedriver=2.41.578700 (2f1ed5f9343c13f73144538f15c00b370eda6706),platform=Linux 4.15.0-42-generic x86_64) (WARNING: The server did not provide any stacktrace information)
Command duration or timeout: 0 milliseconds
For documentation on this error, please visit: http://seleniumhq.org/exceptions/no_such_element.html
Build info: version: &amp;apos;3.12.0&amp;apos;, revision: &amp;apos;7c6e0b3&amp;apos;, time: &amp;apos;2018-05-08T14:04:26.12Z&amp;apos;
System info: host: &amp;apos;Qualitrix-LinuxPC&amp;apos;, ip: &amp;apos;127.0.1.1&amp;apos;, os.name: &amp;apos;Linux&amp;apos;, os.arch: &amp;apos;amd64&amp;apos;, os.version: &amp;apos;4.15.0-42-generic&amp;apos;, java.version: &amp;apos;10.0.2&amp;apos;
Driver info: org.openqa.selenium.chrome.ChromeDriver
Capabilities {acceptInsecureCerts: false, acceptSslCerts: false, applicationCacheEnabled: false, browserConnectionEnabled: false, browserName: chrome, chrome: {chromedriverVersion: 2.41.578700 (2f1ed5f9343c13..., userDataDir: /tmp/.org.chromium.Chromium...}, cssSelectorsEnabled: true, databaseEnabled: false, goog:chromeOptions: {debuggerAddress: localhost:35971}, handlesAlerts: true, hasTouchScreen: false, javascriptEnabled: true, locationContextEnabled: true, mobileEmulationEnabled: false, nativeEvents: true, networkConnectionEnabled: false, pageLoadStrategy: normal, platform: LINUX, platformName: LINUX, rotatable: false, setWindowRect: true, takesHeapSnapshot: true, takesScreenshot: true, unexpectedAlertBehaviour: , unhandledPromptBehavior: , version: 70.0.3538.67, webStorageEnabled: true}
Session ID: 88d6dc183bd78d6f794e3c142088859d
*** Element info: {Using=xpath, value=//button[text()=&amp;apos;Enroll	&amp;apos;]}">
      <![CDATA[java.lang.AssertionError: Failed to enroll for an open batch, Exceptionno such element: Unable to locate element: {"method":"xpath","selector":"//button[text()='Enroll	']"}
  (Session info: chrome=70.0.3538.67)
  (Driver info: chromedriver=2.41.578700 (2f1ed5f9343c13f73144538f15c00b370eda6706),platform=Linux 4.15.0-42-generic x86_64) (WARNING: The server did not provide any stacktrace information)
Command duration or timeout: 0 milliseconds
For documentation on this error, please visit: http://seleniumhq.org/exceptions/no_such_element.html
Build info: version: '3.12.0', revision: '7c6e0b3', time: '2018-05-08T14:04:26.12Z'
System info: host: 'Qualitrix-LinuxPC', ip: '127.0.1.1', os.name: 'Linux', os.arch: 'amd64', os.version: '4.15.0-42-generic', java.version: '10.0.2'
Driver info: org.openqa.selenium.chrome.ChromeDriver
Capabilities {acceptInsecureCerts: false, acceptSslCerts: false, applicationCacheEnabled: false, browserConnectionEnabled: false, browserName: chrome, chrome: {chromedriverVersion: 2.41.578700 (2f1ed5f9343c13..., userDataDir: /tmp/.org.chromium.Chromium...}, cssSelectorsEnabled: true, databaseEnabled: false, goog:chromeOptions: {debuggerAddress: localhost:35971}, handlesAlerts: true, hasTouchScreen: false, javascriptEnabled: true, locationContextEnabled: true, mobileEmulationEnabled: false, nativeEvents: true, networkConnectionEnabled: false, pageLoadStrategy: normal, platform: LINUX, platformName: LINUX, rotatable: false, setWindowRect: true, takesHeapSnapshot: true, takesScreenshot: true, unexpectedAlertBehaviour: , unhandledPromptBehavior: , version: 70.0.3538.67, webStorageEnabled: true}
Session ID: 88d6dc183bd78d6f794e3c142088859d
*** Element info: {Using=xpath, value=//button[text()='Enroll	']}
	at org.pageobjects.CreateMentorPageObj.enrollForOpenBatch(CreateMentorPageObj.java:356)
	at org.testscript.EnrollToCourseInOpenBatch.enrollToCourseInOpenBatch(EnrollToCourseInOpenBatch.java:109)
... Removed 26 stack frames]]>
    </failure>
  </testcase> <!-- enrollToCourseInOpenBatch -->
  <testcase classname="org.testscript.ConsumeOpenCourseByPublicUser" name="consumeOpenCourseByPublicUser" time="245.009">
    <failure type="java.lang.AssertionError" message="Failed to enroll for an open batch, Exceptionno such element: Unable to locate element: {&amp;quot;method&amp;quot;:&amp;quot;xpath&amp;quot;,&amp;quot;selector&amp;quot;:&amp;quot;//button[text()=&amp;apos;Enroll	&amp;apos;]&amp;quot;}
  (Session info: chrome=70.0.3538.67)
  (Driver info: chromedriver=2.41.578700 (2f1ed5f9343c13f73144538f15c00b370eda6706),platform=Linux 4.15.0-42-generic x86_64) (WARNING: The server did not provide any stacktrace information)
Command duration or timeout: 0 milliseconds
For documentation on this error, please visit: http://seleniumhq.org/exceptions/no_such_element.html
Build info: version: &amp;apos;3.12.0&amp;apos;, revision: &amp;apos;7c6e0b3&amp;apos;, time: &amp;apos;2018-05-08T14:04:26.12Z&amp;apos;
System info: host: &amp;apos;Qualitrix-LinuxPC&amp;apos;, ip: &amp;apos;127.0.1.1&amp;apos;, os.name: &amp;apos;Linux&amp;apos;, os.arch: &amp;apos;amd64&amp;apos;, os.version: &amp;apos;4.15.0-42-generic&amp;apos;, java.version: &amp;apos;10.0.2&amp;apos;
Driver info: org.openqa.selenium.chrome.ChromeDriver
Capabilities {acceptInsecureCerts: false, acceptSslCerts: false, applicationCacheEnabled: false, browserConnectionEnabled: false, browserName: chrome, chrome: {chromedriverVersion: 2.41.578700 (2f1ed5f9343c13..., userDataDir: /tmp/.org.chromium.Chromium...}, cssSelectorsEnabled: true, databaseEnabled: false, goog:chromeOptions: {debuggerAddress: localhost:42717}, handlesAlerts: true, hasTouchScreen: false, javascriptEnabled: true, locationContextEnabled: true, mobileEmulationEnabled: false, nativeEvents: true, networkConnectionEnabled: false, pageLoadStrategy: normal, platform: LINUX, platformName: LINUX, rotatable: false, setWindowRect: true, takesHeapSnapshot: true, takesScreenshot: true, unexpectedAlertBehaviour: , unhandledPromptBehavior: , version: 70.0.3538.67, webStorageEnabled: true}
Session ID: 947a491b6e18fade6e8de53e25c68db5
*** Element info: {Using=xpath, value=//button[text()=&amp;apos;Enroll	&amp;apos;]}">
      <![CDATA[java.lang.AssertionError: Failed to enroll for an open batch, Exceptionno such element: Unable to locate element: {"method":"xpath","selector":"//button[text()='Enroll	']"}
  (Session info: chrome=70.0.3538.67)
  (Driver info: chromedriver=2.41.578700 (2f1ed5f9343c13f73144538f15c00b370eda6706),platform=Linux 4.15.0-42-generic x86_64) (WARNING: The server did not provide any stacktrace information)
Command duration or timeout: 0 milliseconds
For documentation on this error, please visit: http://seleniumhq.org/exceptions/no_such_element.html
Build info: version: '3.12.0', revision: '7c6e0b3', time: '2018-05-08T14:04:26.12Z'
System info: host: 'Qualitrix-LinuxPC', ip: '127.0.1.1', os.name: 'Linux', os.arch: 'amd64', os.version: '4.15.0-42-generic', java.version: '10.0.2'
Driver info: org.openqa.selenium.chrome.ChromeDriver
Capabilities {acceptInsecureCerts: false, acceptSslCerts: false, applicationCacheEnabled: false, browserConnectionEnabled: false, browserName: chrome, chrome: {chromedriverVersion: 2.41.578700 (2f1ed5f9343c13..., userDataDir: /tmp/.org.chromium.Chromium...}, cssSelectorsEnabled: true, databaseEnabled: false, goog:chromeOptions: {debuggerAddress: localhost:42717}, handlesAlerts: true, hasTouchScreen: false, javascriptEnabled: true, locationContextEnabled: true, mobileEmulationEnabled: false, nativeEvents: true, networkConnectionEnabled: false, pageLoadStrategy: normal, platform: LINUX, platformName: LINUX, rotatable: false, setWindowRect: true, takesHeapSnapshot: true, takesScreenshot: true, unexpectedAlertBehaviour: , unhandledPromptBehavior: , version: 70.0.3538.67, webStorageEnabled: true}
Session ID: 947a491b6e18fade6e8de53e25c68db5
*** Element info: {Using=xpath, value=//button[text()='Enroll	']}
	at org.pageobjects.CreateMentorPageObj.enrollForOpenBatch(CreateMentorPageObj.java:356)
	at org.testscript.ConsumeOpenCourseByPublicUser.consumeOpenCourseByPublicUser(ConsumeOpenCourseByPublicUser.java:109)
... Removed 26 stack frames]]>
    </failure>
  </testcase> <!-- consumeOpenCourseByPublicUser -->
  <testcase classname="org.testscript.ConsumeCourseByInvitedMember" name="consumeCourseByInvitedMember" time="257.239"/>
  <testcase classname="org.testscript.NavigateToMyActivityInDropdown" name="navigateToMyActivityInDropdown" time="90.736">
    <failure type="java.lang.AssertionError" message="Failed on navigating to My activity, Exception : Expected condition failed: waiting for visibility of Proxy element for: DefaultElementLocator &amp;apos;By.xpath: //i[@class=&amp;apos;right arrow icon&amp;apos;]&amp;apos; (tried for 60 second(s) with 500 milliseconds interval)">
      <![CDATA[java.lang.AssertionError: Failed on navigating to My activity, Exception : Expected condition failed: waiting for visibility of Proxy element for: DefaultElementLocator 'By.xpath: //i[@class='right arrow icon']' (tried for 60 second(s) with 500 milliseconds interval)
	at org.pageobjects.CreateMentorPageObj.navigateToMyActivityInDropDownMenu(CreateMentorPageObj.java:79)
	at org.testscript.NavigateToMyActivityInDropdown.navigateToMyActivityInDropdown(NavigateToMyActivityInDropdown.java:36)
... Removed 26 stack frames]]>
    </failure>
  </testcase> <!-- navigateToMyActivityInDropdown -->
  <testcase classname="org.testscript.SearchCourseCreateInviteOnlyBatch" name="searchCourseCreateInviteOnlyBatch" time="66.66"/>
  <testcase classname="org.testscript.CreateAnnouncementWithAttachment" name="createAnnouncementWithAttachment" time="80.064"/>
  <testcase classname="org.testscript.NavigateToAnnouncementDashboard" name="navigateToAnnouncementDashboard" time="22.909"/>
  <testcase classname="org.testscript.CheckAvailabilityOfCourseForInvitedMember" name="checkAvailabilityOfCourseForInvitedMember" time="267.352"/>
  <testcase classname="org.testscript.ResendAnnouncementAndVerifyAsReciever" name="resendAnnouncementAndVerifyAsReciever" time="70.998"/>
  <testcase classname="org.testscript.CreateVerifyAndDeleteAnnouncement" name="createVerifyAndDeleteAnnouncement" time="76.279"/>
  <testcase classname="org.testscript.DeleteAnnouncement" name="deleteAnnouncement" time="33.316"/>
  <testcase classname="org.testscript.ResendAnnouncement" name="resendAnnouncement" time="70.853"/>
  <testcase classname="org.testscript.OpenAnnouncement" name="openAnnouncement" time="35.385"/>
  <testcase classname="org.testscript.regression.VerifyPublishedContentInPublishedBucket" name="verifyPublishedContentInPublishedBucket" time="55.083">
    <failure type="java.lang.AssertionError" message="The upload content is not displaying in the review submision page, Exceptionno such element: Unable to locate element: {&amp;quot;method&amp;quot;:&amp;quot;xpath&amp;quot;,&amp;quot;selector&amp;quot;:&amp;quot;//div[2]/app-upforreview-contentplayer//div/button[1]&amp;quot;}
  (Session info: chrome=70.0.3538.67)
  (Driver info: chromedriver=2.41.578700 (2f1ed5f9343c13f73144538f15c00b370eda6706),platform=Linux 4.15.0-42-generic x86_64) (WARNING: The server did not provide any stacktrace information)
Command duration or timeout: 0 milliseconds
For documentation on this error, please visit: http://seleniumhq.org/exceptions/no_such_element.html
Build info: version: &amp;apos;3.12.0&amp;apos;, revision: &amp;apos;7c6e0b3&amp;apos;, time: &amp;apos;2018-05-08T14:04:26.12Z&amp;apos;
System info: host: &amp;apos;Qualitrix-LinuxPC&amp;apos;, ip: &amp;apos;127.0.1.1&amp;apos;, os.name: &amp;apos;Linux&amp;apos;, os.arch: &amp;apos;amd64&amp;apos;, os.version: &amp;apos;4.15.0-42-generic&amp;apos;, java.version: &amp;apos;10.0.2&amp;apos;
Driver info: org.openqa.selenium.chrome.ChromeDriver
Capabilities {acceptInsecureCerts: false, acceptSslCerts: false, applicationCacheEnabled: false, browserConnectionEnabled: false, browserName: chrome, chrome: {chromedriverVersion: 2.41.578700 (2f1ed5f9343c13..., userDataDir: /tmp/.org.chromium.Chromium...}, cssSelectorsEnabled: true, databaseEnabled: false, goog:chromeOptions: {debuggerAddress: localhost:45515}, handlesAlerts: true, hasTouchScreen: false, javascriptEnabled: true, locationContextEnabled: true, mobileEmulationEnabled: false, nativeEvents: true, networkConnectionEnabled: false, pageLoadStrategy: normal, platform: LINUX, platformName: LINUX, rotatable: false, setWindowRect: true, takesHeapSnapshot: true, takesScreenshot: true, unexpectedAlertBehaviour: , unhandledPromptBehavior: , version: 70.0.3538.67, webStorageEnabled: true}
Session ID: 1fa9639801bd6d87543859cb1b9ce8a8
*** Element info: {Using=xpath, value=//div[2]/app-upforreview-contentplayer//div/button[1]}">
      <![CDATA[java.lang.AssertionError: The upload content is not displaying in the review submision page, Exceptionno such element: Unable to locate element: {"method":"xpath","selector":"//div[2]/app-upforreview-contentplayer//div/button[1]"}
  (Session info: chrome=70.0.3538.67)
  (Driver info: chromedriver=2.41.578700 (2f1ed5f9343c13f73144538f15c00b370eda6706),platform=Linux 4.15.0-42-generic x86_64) (WARNING: The server did not provide any stacktrace information)
Command duration or timeout: 0 milliseconds
For documentation on this error, please visit: http://seleniumhq.org/exceptions/no_such_element.html
Build info: version: '3.12.0', revision: '7c6e0b3', time: '2018-05-08T14:04:26.12Z'
System info: host: 'Qualitrix-LinuxPC', ip: '127.0.1.1', os.name: 'Linux', os.arch: 'amd64', os.version: '4.15.0-42-generic', java.version: '10.0.2'
Driver info: org.openqa.selenium.chrome.ChromeDriver
Capabilities {acceptInsecureCerts: false, acceptSslCerts: false, applicationCacheEnabled: false, browserConnectionEnabled: false, browserName: chrome, chrome: {chromedriverVersion: 2.41.578700 (2f1ed5f9343c13..., userDataDir: /tmp/.org.chromium.Chromium...}, cssSelectorsEnabled: true, databaseEnabled: false, goog:chromeOptions: {debuggerAddress: localhost:45515}, handlesAlerts: true, hasTouchScreen: false, javascriptEnabled: true, locationContextEnabled: true, mobileEmulationEnabled: false, nativeEvents: true, networkConnectionEnabled: false, pageLoadStrategy: normal, platform: LINUX, platformName: LINUX, rotatable: false, setWindowRect: true, takesHeapSnapshot: true, takesScreenshot: true, unexpectedAlertBehaviour: , unhandledPromptBehavior: , version: 70.0.3538.67, webStorageEnabled: true}
Session ID: 1fa9639801bd6d87543859cb1b9ce8a8
*** Element info: {Using=xpath, value=//div[2]/app-upforreview-contentplayer//div/button[1]}
	at org.pageobjects.ContentCreateUploadPageObj.navigateToUpForReviewN(ContentCreateUploadPageObj.java:907)
	at org.testscript.regression.VerifyPublishedContentInPublishedBucket.verifyPublishedContentInPublishedBucket(VerifyPublishedContentInPublishedBucket.java:22)
... Removed 26 stack frames]]>
    </failure>
  </testcase> <!-- verifyPublishedContentInPublishedBucket -->
  <testcase classname="org.testscript.regression.NavigateToGetStartedAndExploreSunbird" name="verify_NavigateToGetStarted_ExploreSunbirdPage" time="121.957">
    <failure type="java.lang.AssertionError" message="Failed to verify that the user is able to get and access the content associated with the DIAL code Index 0 out-of-bounds for length 0">
      <![CDATA[java.lang.AssertionError: Failed to verify that the user is able to get and access the content associated with the DIAL code Index 0 out-of-bounds for length 0
	at org.pageobjects.GetPageObj.verifyDialCodeContentInExploreSunbird(GetPageObj.java:322)
	at org.testscript.regression.NavigateToGetStartedAndExploreSunbird.verify_NavigateToGetStarted_ExploreSunbirdPage(NavigateToGetStartedAndExploreSunbird.java:28)
... Removed 26 stack frames]]>
    </failure>
  </testcase> <!-- verify_NavigateToGetStarted_ExploreSunbirdPage -->
  <testcase classname="org.testscript.regression.SendForReviewContentUnderReviewSubmission" name="sendForReviewContentUnderReviewSubmission" time="133.417">
    <failure type="java.lang.AssertionError" message="The upload content is not displaying in the review submision page, ExceptionExpected condition failed: waiting for visibility of Proxy element for: DefaultElementLocator &amp;apos;By.xpath: //div[2]/app-workspacesidebar/div/a[4]&amp;apos; (tried for 60 second(s) with 500 milliseconds interval)">
      <![CDATA[java.lang.AssertionError: The upload content is not displaying in the review submision page, ExceptionExpected condition failed: waiting for visibility of Proxy element for: DefaultElementLocator 'By.xpath: //div[2]/app-workspacesidebar/div/a[4]' (tried for 60 second(s) with 500 milliseconds interval)
	at org.pageobjects.ContentCreateUploadPageObj.reviewSubmissionPage(ContentCreateUploadPageObj.java:696)
	at org.testscript.regression.SendForReviewContentUnderReviewSubmission.sendForReviewContentUnderReviewSubmission(SendForReviewContentUnderReviewSubmission.java:39)
... Removed 26 stack frames]]>
    </failure>
  </testcase> <!-- sendForReviewContentUnderReviewSubmission -->
  <testcase classname="org.testscript.regression.RejectTheUploadedContent" name="rejectTheUploadedContent" time="32.037">
    <failure type="java.lang.AssertionError" message="expected [CourseAT120] but found [CourseA Description]">
      <![CDATA[java.lang.AssertionError: expected [CourseAT120] but found [CourseA Description]
	at org.pageobjects.ContentCreateUploadPageObj.requestChanges(ContentCreateUploadPageObj.java:976)
	at org.testscript.regression.RejectTheUploadedContent.rejectTheUploadedContent(RejectTheUploadedContent.java:26)
... Removed 31 stack frames]]>
    </failure>
  </testcase> <!-- rejectTheUploadedContent -->
  <testcase classname="org.testscript.regression.LimitedSharedContentInLimitedSharingSection" name="workspace_LimitedPublishing" time="48.665"/>
  <testcase classname="org.testscript.regression.VerifyMyActivityLinkInProfileDropdown" name="verifyMyactivityLinkInProfileDropdown" time="210.253">
    <failure type="java.lang.AssertionError" message="Failed to copy content and validate itExpected condition failed: waiting for visibility of Proxy element for: DefaultElementLocator &amp;apos;By.xpath: //label[@class=&amp;apos;content-title popup-item ng-binding ng-scope&amp;apos;]&amp;apos; (tried for 60 second(s) with 500 milliseconds interval)">
      <![CDATA[java.lang.AssertionError: Failed to copy content and validate itExpected condition failed: waiting for visibility of Proxy element for: DefaultElementLocator 'By.xpath: //label[@class='content-title popup-item ng-binding ng-scope']' (tried for 60 second(s) with 500 milliseconds interval)
	at org.pageobjects.ContentCreationResourcePageObj.copyContentAndValidate(ContentCreationResourcePageObj.java:448)
	at org.testscript.regression.VerifyMyActivityLinkInProfileDropdown.verifyMyactivityLinkInProfileDropdown(VerifyMyActivityLinkInProfileDropdown.java:28)
... Removed 26 stack frames]]>
    </failure>
  </testcase> <!-- verifyMyactivityLinkInProfileDropdown -->
  <testcase classname="org.testscript.regression.LatestContentOnTopOfUpForReviewAndSearch" name="latestContentIsOnTopUpForReviewAndSearch" time="135.996">
    <failure type="java.lang.AssertionError" message="The upload content is not displaying in the review submision page, ExceptionExpected condition failed: waiting for visibility of Proxy element for: DefaultElementLocator &amp;apos;By.xpath: //div[2]/app-workspacesidebar/div/a[4]&amp;apos; (tried for 60 second(s) with 500 milliseconds interval)">
      <![CDATA[java.lang.AssertionError: The upload content is not displaying in the review submision page, ExceptionExpected condition failed: waiting for visibility of Proxy element for: DefaultElementLocator 'By.xpath: //div[2]/app-workspacesidebar/div/a[4]' (tried for 60 second(s) with 500 milliseconds interval)
	at org.pageobjects.ContentCreateUploadPageObj.reviewSubmissionPage(ContentCreateUploadPageObj.java:696)
	at org.testscript.regression.LatestContentOnTopOfUpForReviewAndSearch.latestContentIsOnTopUpForReviewAndSearch(LatestContentOnTopOfUpForReviewAndSearch.java:38)
... Removed 26 stack frames]]>
    </failure>
  </testcase> <!-- latestContentIsOnTopUpForReviewAndSearch -->
  <testcase classname="org.testscript.regression.VerifyPropertySectionAndPreviewSlides" name="verifyPropertySectionAndPreviewSlides" time="213.447">
    <failure type="java.lang.AssertionError" message="Failed to preview the slides of the content Expected condition failed: waiting for visibility of Proxy element for: DefaultElementLocator &amp;apos;By.xpath: //i[@class=&amp;apos;remove icon custom-cursor&amp;apos;]&amp;apos; (tried for 60 second(s) with 500 milliseconds interval)">
      <![CDATA[java.lang.AssertionError: Failed to preview the slides of the content Expected condition failed: waiting for visibility of Proxy element for: DefaultElementLocator 'By.xpath: //i[@class='remove icon custom-cursor']' (tried for 60 second(s) with 500 milliseconds interval)
	at org.pageobjects.ContentCreationResourcePageObj.previewSlides_AndFromBegining(ContentCreationResourcePageObj.java:714)
	at org.testscript.regression.VerifyPropertySectionAndPreviewSlides.verifyPropertySectionAndPreviewSlides(VerifyPropertySectionAndPreviewSlides.java:32)
... Removed 26 stack frames]]>
    </failure>
  </testcase> <!-- verifyPropertySectionAndPreviewSlides -->
  <testcase classname="org.testscript.regression.CopyContentFromLibraryAndVerify" name="verifyCopyContent_Library" time="122.548">
    <failure type="java.lang.AssertionError" message="Failed to copy content and validate itExpected condition failed: waiting for visibility of Proxy element for: DefaultElementLocator &amp;apos;By.xpath: //label[@class=&amp;apos;content-title popup-item ng-binding ng-scope&amp;apos;]&amp;apos; (tried for 60 second(s) with 500 milliseconds interval)">
      <![CDATA[java.lang.AssertionError: Failed to copy content and validate itExpected condition failed: waiting for visibility of Proxy element for: DefaultElementLocator 'By.xpath: //label[@class='content-title popup-item ng-binding ng-scope']' (tried for 60 second(s) with 500 milliseconds interval)
	at org.pageobjects.ContentCreationResourcePageObj.copyContentAndValidate(ContentCreationResourcePageObj.java:448)
	at org.testscript.regression.CopyContentFromLibraryAndVerify.verifyCopyContent_Library(CopyContentFromLibraryAndVerify.java:27)
... Removed 26 stack frames]]>
    </failure>
  </testcase> <!-- verifyCopyContent_Library -->
  <testcase classname="org.testscript.regression.CreateResourcePublishAndDeleteFromLimitedPublising" name="characterVerificationInPreviewKeyboard" time="87.011">
    <failure type="java.lang.AssertionError" message="Failed to edit details of the Resource in the Edit Details popup unknown error: Element &amp;lt;button class=&amp;quot;ui blue button &amp;quot; type=&amp;quot;button &amp;quot; ng-class=&amp;quot;{&amp;apos;disabled&amp;apos;:!editMode}&amp;quot; ng-click=&amp;quot;success(undefined, {form:metaForm})&amp;quot;&amp;gt;...&amp;lt;/button&amp;gt; is not clickable at point (1042, 490). Other element would receive the click: &amp;lt;div class=&amp;quot;ui dimmer modals page transition visible active&amp;quot; style=&amp;quot;display: block !important;&amp;quot;&amp;gt;...&amp;lt;/div&amp;gt;
  (Session info: chrome=70.0.3538.67)
  (Driver info: chromedriver=2.41.578700 (2f1ed5f9343c13f73144538f15c00b370eda6706),platform=Linux 4.15.0-42-generic x86_64) (WARNING: The server did not provide any stacktrace information)
Command duration or timeout: 0 milliseconds
Build info: version: &amp;apos;3.12.0&amp;apos;, revision: &amp;apos;7c6e0b3&amp;apos;, time: &amp;apos;2018-05-08T14:04:26.12Z&amp;apos;
System info: host: &amp;apos;Qualitrix-LinuxPC&amp;apos;, ip: &amp;apos;127.0.1.1&amp;apos;, os.name: &amp;apos;Linux&amp;apos;, os.arch: &amp;apos;amd64&amp;apos;, os.version: &amp;apos;4.15.0-42-generic&amp;apos;, java.version: &amp;apos;10.0.2&amp;apos;
Driver info: org.openqa.selenium.chrome.ChromeDriver
Capabilities {acceptInsecureCerts: false, acceptSslCerts: false, applicationCacheEnabled: false, browserConnectionEnabled: false, browserName: chrome, chrome: {chromedriverVersion: 2.41.578700 (2f1ed5f9343c13..., userDataDir: /tmp/.org.chromium.Chromium...}, cssSelectorsEnabled: true, databaseEnabled: false, goog:chromeOptions: {debuggerAddress: localhost:45213}, handlesAlerts: true, hasTouchScreen: false, javascriptEnabled: true, locationContextEnabled: true, mobileEmulationEnabled: false, nativeEvents: true, networkConnectionEnabled: false, pageLoadStrategy: normal, platform: LINUX, platformName: LINUX, rotatable: false, setWindowRect: true, takesHeapSnapshot: true, takesScreenshot: true, unexpectedAlertBehaviour: , unhandledPromptBehavior: , version: 70.0.3538.67, webStorageEnabled: true}
Session ID: 47df8b27a3b2800e5f78079cf17891a3">
      <![CDATA[java.lang.AssertionError: Failed to edit details of the Resource in the Edit Details popup unknown error: Element <button class="ui blue button " type="button " ng-class="{'disabled':!editMode}" ng-click="success(undefined, {form:metaForm})">...</button> is not clickable at point (1042, 490). Other element would receive the click: <div class="ui dimmer modals page transition visible active" style="display: block !important;">...</div>
  (Session info: chrome=70.0.3538.67)
  (Driver info: chromedriver=2.41.578700 (2f1ed5f9343c13f73144538f15c00b370eda6706),platform=Linux 4.15.0-42-generic x86_64) (WARNING: The server did not provide any stacktrace information)
Command duration or timeout: 0 milliseconds
Build info: version: '3.12.0', revision: '7c6e0b3', time: '2018-05-08T14:04:26.12Z'
System info: host: 'Qualitrix-LinuxPC', ip: '127.0.1.1', os.name: 'Linux', os.arch: 'amd64', os.version: '4.15.0-42-generic', java.version: '10.0.2'
Driver info: org.openqa.selenium.chrome.ChromeDriver
Capabilities {acceptInsecureCerts: false, acceptSslCerts: false, applicationCacheEnabled: false, browserConnectionEnabled: false, browserName: chrome, chrome: {chromedriverVersion: 2.41.578700 (2f1ed5f9343c13..., userDataDir: /tmp/.org.chromium.Chromium...}, cssSelectorsEnabled: true, databaseEnabled: false, goog:chromeOptions: {debuggerAddress: localhost:45213}, handlesAlerts: true, hasTouchScreen: false, javascriptEnabled: true, locationContextEnabled: true, mobileEmulationEnabled: false, nativeEvents: true, networkConnectionEnabled: false, pageLoadStrategy: normal, platform: LINUX, platformName: LINUX, rotatable: false, setWindowRect: true, takesHeapSnapshot: true, takesScreenshot: true, unexpectedAlertBehaviour: , unhandledPromptBehavior: , version: 70.0.3538.67, webStorageEnabled: true}
Session ID: 47df8b27a3b2800e5f78079cf17891a3
	at org.pageobjects.ContentCreationResourcePageObj.editResourceDetails(ContentCreationResourcePageObj.java:970)
	at org.testscript.regression.CreateResourcePublishAndDeleteFromLimitedPublising.characterVerificationInPreviewKeyboard(CreateResourcePublishAndDeleteFromLimitedPublising.java:32)
... Removed 26 stack frames]]>
    </failure>
  </testcase> <!-- characterVerificationInPreviewKeyboard -->
  <testcase classname="org.testscript.regression.UploadYoutubeFile" name="library_copyContent" time="64.385">
    <failure type="java.lang.AssertionError" message="Failed on saving and sending course for review, Exceptionelement not visible
  (Session info: chrome=70.0.3538.67)
  (Driver info: chromedriver=2.41.578700 (2f1ed5f9343c13f73144538f15c00b370eda6706),platform=Linux 4.15.0-42-generic x86_64) (WARNING: The server did not provide any stacktrace information)
Command duration or timeout: 0 milliseconds
Build info: version: &amp;apos;3.12.0&amp;apos;, revision: &amp;apos;7c6e0b3&amp;apos;, time: &amp;apos;2018-05-08T14:04:26.12Z&amp;apos;
System info: host: &amp;apos;Qualitrix-LinuxPC&amp;apos;, ip: &amp;apos;127.0.1.1&amp;apos;, os.name: &amp;apos;Linux&amp;apos;, os.arch: &amp;apos;amd64&amp;apos;, os.version: &amp;apos;4.15.0-42-generic&amp;apos;, java.version: &amp;apos;10.0.2&amp;apos;
Driver info: org.openqa.selenium.chrome.ChromeDriver
Capabilities {acceptInsecureCerts: false, acceptSslCerts: false, applicationCacheEnabled: false, browserConnectionEnabled: false, browserName: chrome, chrome: {chromedriverVersion: 2.41.578700 (2f1ed5f9343c13..., userDataDir: /tmp/.org.chromium.Chromium...}, cssSelectorsEnabled: true, databaseEnabled: false, goog:chromeOptions: {debuggerAddress: localhost:35085}, handlesAlerts: true, hasTouchScreen: false, javascriptEnabled: true, locationContextEnabled: true, mobileEmulationEnabled: false, nativeEvents: true, networkConnectionEnabled: false, pageLoadStrategy: normal, platform: LINUX, platformName: LINUX, rotatable: false, setWindowRect: true, takesHeapSnapshot: true, takesScreenshot: true, unexpectedAlertBehaviour: , unhandledPromptBehavior: , version: 70.0.3538.67, webStorageEnabled: true}
Session ID: 7ded023926433c29ef395781d758e546">
      <![CDATA[java.lang.AssertionError: Failed on saving and sending course for review, Exceptionelement not visible
  (Session info: chrome=70.0.3538.67)
  (Driver info: chromedriver=2.41.578700 (2f1ed5f9343c13f73144538f15c00b370eda6706),platform=Linux 4.15.0-42-generic x86_64) (WARNING: The server did not provide any stacktrace information)
Command duration or timeout: 0 milliseconds
Build info: version: '3.12.0', revision: '7c6e0b3', time: '2018-05-08T14:04:26.12Z'
System info: host: 'Qualitrix-LinuxPC', ip: '127.0.1.1', os.name: 'Linux', os.arch: 'amd64', os.version: '4.15.0-42-generic', java.version: '10.0.2'
Driver info: org.openqa.selenium.chrome.ChromeDriver
Capabilities {acceptInsecureCerts: false, acceptSslCerts: false, applicationCacheEnabled: false, browserConnectionEnabled: false, browserName: chrome, chrome: {chromedriverVersion: 2.41.578700 (2f1ed5f9343c13..., userDataDir: /tmp/.org.chromium.Chromium...}, cssSelectorsEnabled: true, databaseEnabled: false, goog:chromeOptions: {debuggerAddress: localhost:35085}, handlesAlerts: true, hasTouchScreen: false, javascriptEnabled: true, locationContextEnabled: true, mobileEmulationEnabled: false, nativeEvents: true, networkConnectionEnabled: false, pageLoadStrategy: normal, platform: LINUX, platformName: LINUX, rotatable: false, setWindowRect: true, takesHeapSnapshot: true, takesScreenshot: true, unexpectedAlertBehaviour: , unhandledPromptBehavior: , version: 70.0.3538.67, webStorageEnabled: true}
Session ID: 7ded023926433c29ef395781d758e546
	at org.pageobjects.ContentCreateUploadPageObj.saveAndSendUploadContentForReview(ContentCreateUploadPageObj.java:309)
	at org.testscript.regression.UploadYoutubeFile.library_copyContent(UploadYoutubeFile.java:40)
... Removed 26 stack frames]]>
    </failure>
  </testcase> <!-- library_copyContent -->
  <testcase classname="org.testscript.regression.VerifyUserNaviagationToContentEditor" name="verifyUserNavigateToContentEditorPage" time="37.125"/>
  <testcase classname="org.testscript.regression.ReviewAndPublishReceivedContent" name="reviewAndPublishReceivedContent" time="96.474">
    <failure type="java.lang.AssertionError" message="Failed to search in Up for review bucket">
      <![CDATA[java.lang.AssertionError: Failed to search in Up for review bucket
	at org.pageobjects.CreatorUserPageObj.searchInUpForReview(CreatorUserPageObj.java:2347)
	at org.testscript.regression.ReviewAndPublishReceivedContent.reviewAndPublishReceivedContent(ReviewAndPublishReceivedContent.java:36)
... Removed 26 stack frames]]>
    </failure>
  </testcase> <!-- reviewAndPublishReceivedContent -->
  <testcase classname="org.testscript.VerifyAppliedFilter" name="verifyAppliedFilter" time="32.214">
    <failure type="java.lang.AssertionError" message="expected [Automation Collection_CL0044] but found [Automation Collection_CL0043]">
      <![CDATA[java.lang.AssertionError: expected [Automation Collection_CL0044] but found [Automation Collection_CL0043]
	at org.pageobjects.ContentCreateUploadPageObj.showFilter(ContentCreateUploadPageObj.java:840)
	at org.testscript.VerifyAppliedFilter.verifyAppliedFilter(VerifyAppliedFilter.java:30)
... Removed 31 stack frames]]>
    </failure>
  </testcase> <!-- verifyAppliedFilter -->
  <testcase classname="org.testscript.SearchUsers" name="searchUsers" time="78.722"/>
  <testcase classname="org.testscript.ProfileInfoUpdate" name="profileInfoUpdate" time="82.229"/>
  <testcase classname="org.testscript.SearchCourse" name="searchCourse" time="31.532"/>
  <testcase classname="org.testscript.SearchInLibrary" name="librarySearch" time="81.517"/>
  <testcase classname="org.testscript.LoginAndChangePassword" name="loginAndChangePassword" time="3.466"/>
  <testcase classname="org.testscript.ConfirmInstructionReceivedInforgotPassword" name="confirmInstructionReceivedInforgotPassword" time="19.818"/>
  <testcase classname="org.testscript.CreateBookAndVerifyOnlyBooksPresent" name="createBookAndVerifyOnlyBooksPresent" time="20439.722">
    <failure type="java.lang.AssertionError" message="Failed on navigating to Workspace and create Book">
      <![CDATA[java.lang.AssertionError: Failed on navigating to Workspace and create Book
	at org.pageobjects.CreatorUserPageObj.navigateToWorkspace(CreatorUserPageObj.java:2717)
	at org.testscript.CreateBookAndVerifyOnlyBooksPresent.createBookAndVerifyOnlyBooksPresent(CreateBookAndVerifyOnlyBooksPresent.java:30)
... Removed 26 stack frames]]>
    </failure>
  </testcase> <!-- createBookAndVerifyOnlyBooksPresent -->
  <testcase classname="org.testscript.SendTheCourseForReview" name="sendTheCourseForReview" time="91.19"/>
  <testcase classname="org.testscript.VerifyTheBookAvailableForReview" name="verifyTheBookAvailableForReview" time="4.546">
    <failure type="java.lang.AssertionError" message="Failed on navigating to Workspace and create Book">
      <![CDATA[java.lang.AssertionError: Failed on navigating to Workspace and create Book
	at org.pageobjects.CreatorUserPageObj.navigateToWorkspace(CreatorUserPageObj.java:2717)
	at org.testscript.VerifyTheBookAvailableForReview.verifyTheBookAvailableForReview(VerifyTheBookAvailableForReview.java:32)
... Removed 26 stack frames]]>
    </failure>
  </testcase> <!-- verifyTheBookAvailableForReview -->
  <testcase classname="org.testscript.VerifyHomePage" name="verifyHomePage" time="20.592"/>
  <testcase classname="org.testscript.LessonplanCreation" name="createLessonAndVerify" time="243.082"/>
  <testcase classname="org.testscript.ResourceCreation" name="creatorResourceAndVerify" time="193.55"/>
  <testcase classname="org.testscript.TC_186" name="questionSetPlugin" time="48.131">
    <failure type="java.lang.AssertionError" message="Failed to Select MTF,MCQ,FTB element not visible
  (Session info: chrome=70.0.3538.67)
  (Driver info: chromedriver=2.41.578700 (2f1ed5f9343c13f73144538f15c00b370eda6706),platform=Linux 4.15.0-42-generic x86_64) (WARNING: The server did not provide any stacktrace information)
Command duration or timeout: 0 milliseconds
Build info: version: &amp;apos;3.12.0&amp;apos;, revision: &amp;apos;7c6e0b3&amp;apos;, time: &amp;apos;2018-05-08T14:04:26.12Z&amp;apos;
System info: host: &amp;apos;Qualitrix-LinuxPC&amp;apos;, ip: &amp;apos;127.0.1.1&amp;apos;, os.name: &amp;apos;Linux&amp;apos;, os.arch: &amp;apos;amd64&amp;apos;, os.version: &amp;apos;4.15.0-42-generic&amp;apos;, java.version: &amp;apos;10.0.2&amp;apos;
Driver info: org.openqa.selenium.chrome.ChromeDriver
Capabilities {acceptInsecureCerts: false, acceptSslCerts: false, applicationCacheEnabled: false, browserConnectionEnabled: false, browserName: chrome, chrome: {chromedriverVersion: 2.41.578700 (2f1ed5f9343c13..., userDataDir: /tmp/.org.chromium.Chromium...}, cssSelectorsEnabled: true, databaseEnabled: false, goog:chromeOptions: {debuggerAddress: localhost:42259}, handlesAlerts: true, hasTouchScreen: false, javascriptEnabled: true, locationContextEnabled: true, mobileEmulationEnabled: false, nativeEvents: true, networkConnectionEnabled: false, pageLoadStrategy: normal, platform: LINUX, platformName: LINUX, rotatable: false, setWindowRect: true, takesHeapSnapshot: true, takesScreenshot: true, unexpectedAlertBehaviour: , unhandledPromptBehavior: , version: 70.0.3538.67, webStorageEnabled: true}
Session ID: 8b46975c91d554209649192ca6b587bc">
      <![CDATA[java.lang.AssertionError: Failed to Select MTF,MCQ,FTB element not visible
  (Session info: chrome=70.0.3538.67)
  (Driver info: chromedriver=2.41.578700 (2f1ed5f9343c13f73144538f15c00b370eda6706),platform=Linux 4.15.0-42-generic x86_64) (WARNING: The server did not provide any stacktrace information)
Command duration or timeout: 0 milliseconds
Build info: version: '3.12.0', revision: '7c6e0b3', time: '2018-05-08T14:04:26.12Z'
System info: host: 'Qualitrix-LinuxPC', ip: '127.0.1.1', os.name: 'Linux', os.arch: 'amd64', os.version: '4.15.0-42-generic', java.version: '10.0.2'
Driver info: org.openqa.selenium.chrome.ChromeDriver
Capabilities {acceptInsecureCerts: false, acceptSslCerts: false, applicationCacheEnabled: false, browserConnectionEnabled: false, browserName: chrome, chrome: {chromedriverVersion: 2.41.578700 (2f1ed5f9343c13..., userDataDir: /tmp/.org.chromium.Chromium...}, cssSelectorsEnabled: true, databaseEnabled: false, goog:chromeOptions: {debuggerAddress: localhost:42259}, handlesAlerts: true, hasTouchScreen: false, javascriptEnabled: true, locationContextEnabled: true, mobileEmulationEnabled: false, nativeEvents: true, networkConnectionEnabled: false, pageLoadStrategy: normal, platform: LINUX, platformName: LINUX, rotatable: false, setWindowRect: true, takesHeapSnapshot: true, takesScreenshot: true, unexpectedAlertBehaviour: , unhandledPromptBehavior: , version: 70.0.3538.67, webStorageEnabled: true}
Session ID: 8b46975c91d554209649192ca6b587bc
	at org.pageobjects.QuestionSetPageObj.createresource(QuestionSetPageObj.java:112)
	at org.testscript.TC_186.questionSetPlugin(TC_186.java:32)
... Removed 26 stack frames]]>
    </failure>
  </testcase> <!-- questionSetPlugin -->
  <testcase classname="org.testscript.TC_200" name="TC_200_memberSearchInBatch" time="43.676">
    <failure type="java.lang.AssertionError" message="Failed on searching LessonPlan in library and copying it, Exception : no such element: Unable to locate element: {&amp;quot;method&amp;quot;:&amp;quot;xpath&amp;quot;,&amp;quot;selector&amp;quot;:&amp;quot;//i[@class=&amp;apos;ui large blue clone outline icon &amp;apos;]&amp;quot;}
  (Session info: chrome=70.0.3538.67)
  (Driver info: chromedriver=2.41.578700 (2f1ed5f9343c13f73144538f15c00b370eda6706),platform=Linux 4.15.0-42-generic x86_64) (WARNING: The server did not provide any stacktrace information)
Command duration or timeout: 0 milliseconds
For documentation on this error, please visit: http://seleniumhq.org/exceptions/no_such_element.html
Build info: version: &amp;apos;3.12.0&amp;apos;, revision: &amp;apos;7c6e0b3&amp;apos;, time: &amp;apos;2018-05-08T14:04:26.12Z&amp;apos;
System info: host: &amp;apos;Qualitrix-LinuxPC&amp;apos;, ip: &amp;apos;127.0.1.1&amp;apos;, os.name: &amp;apos;Linux&amp;apos;, os.arch: &amp;apos;amd64&amp;apos;, os.version: &amp;apos;4.15.0-42-generic&amp;apos;, java.version: &amp;apos;10.0.2&amp;apos;
Driver info: org.openqa.selenium.chrome.ChromeDriver
Capabilities {acceptInsecureCerts: false, acceptSslCerts: false, applicationCacheEnabled: false, browserConnectionEnabled: false, browserName: chrome, chrome: {chromedriverVersion: 2.41.578700 (2f1ed5f9343c13..., userDataDir: /tmp/.org.chromium.Chromium...}, cssSelectorsEnabled: true, databaseEnabled: false, goog:chromeOptions: {debuggerAddress: localhost:39879}, handlesAlerts: true, hasTouchScreen: false, javascriptEnabled: true, locationContextEnabled: true, mobileEmulationEnabled: false, nativeEvents: true, networkConnectionEnabled: false, pageLoadStrategy: normal, platform: LINUX, platformName: LINUX, rotatable: false, setWindowRect: true, takesHeapSnapshot: true, takesScreenshot: true, unexpectedAlertBehaviour: , unhandledPromptBehavior: , version: 70.0.3538.67, webStorageEnabled: true}
Session ID: db6ea8f0febd2c3380310bd1a3768ba9
*** Element info: {Using=xpath, value=//i[@class=&amp;apos;ui large blue clone outline icon &amp;apos;]}">
      <![CDATA[java.lang.AssertionError: Failed on searching LessonPlan in library and copying it, Exception : no such element: Unable to locate element: {"method":"xpath","selector":"//i[@class='ui large blue clone outline icon ']"}
  (Session info: chrome=70.0.3538.67)
  (Driver info: chromedriver=2.41.578700 (2f1ed5f9343c13f73144538f15c00b370eda6706),platform=Linux 4.15.0-42-generic x86_64) (WARNING: The server did not provide any stacktrace information)
Command duration or timeout: 0 milliseconds
For documentation on this error, please visit: http://seleniumhq.org/exceptions/no_such_element.html
Build info: version: '3.12.0', revision: '7c6e0b3', time: '2018-05-08T14:04:26.12Z'
System info: host: 'Qualitrix-LinuxPC', ip: '127.0.1.1', os.name: 'Linux', os.arch: 'amd64', os.version: '4.15.0-42-generic', java.version: '10.0.2'
Driver info: org.openqa.selenium.chrome.ChromeDriver
Capabilities {acceptInsecureCerts: false, acceptSslCerts: false, applicationCacheEnabled: false, browserConnectionEnabled: false, browserName: chrome, chrome: {chromedriverVersion: 2.41.578700 (2f1ed5f9343c13..., userDataDir: /tmp/.org.chromium.Chromium...}, cssSelectorsEnabled: true, databaseEnabled: false, goog:chromeOptions: {debuggerAddress: localhost:39879}, handlesAlerts: true, hasTouchScreen: false, javascriptEnabled: true, locationContextEnabled: true, mobileEmulationEnabled: false, nativeEvents: true, networkConnectionEnabled: false, pageLoadStrategy: normal, platform: LINUX, platformName: LINUX, rotatable: false, setWindowRect: true, takesHeapSnapshot: true, takesScreenshot: true, unexpectedAlertBehaviour: , unhandledPromptBehavior: , version: 70.0.3538.67, webStorageEnabled: true}
Session ID: db6ea8f0febd2c3380310bd1a3768ba9
*** Element info: {Using=xpath, value=//i[@class='ui large blue clone outline icon ']}
	at org.pageobjects.LessonPlanPageObj.searchInLibrary(LessonPlanPageObj.java:98)
	at org.testscript.TC_200.TC_200_memberSearchInBatch(TC_200.java:22)
... Removed 26 stack frames]]>
    </failure>
  </testcase> <!-- TC_200_memberSearchInBatch -->
  <testcase classname="org.testscript.TC_201" name="TC_201_memberSearchInBatch" time="21.298">
    <failure type="java.lang.AssertionError" message="FFailed on creating 3 child nodes, Exception : unknown error: Element &amp;lt;a class=&amp;quot;blueColor&amp;quot;&amp;gt;...&amp;lt;/a&amp;gt; is not clickable at point (202, 600). Other element would receive the click: &amp;lt;div class=&amp;quot;pg-loading-center-middle&amp;quot;&amp;gt;...&amp;lt;/div&amp;gt;
  (Session info: chrome=70.0.3538.67)
  (Driver info: chromedriver=2.41.578700 (2f1ed5f9343c13f73144538f15c00b370eda6706),platform=Linux 4.15.0-42-generic x86_64) (WARNING: The server did not provide any stacktrace information)
Command duration or timeout: 0 milliseconds
Build info: version: &amp;apos;3.12.0&amp;apos;, revision: &amp;apos;7c6e0b3&amp;apos;, time: &amp;apos;2018-05-08T14:04:26.12Z&amp;apos;
System info: host: &amp;apos;Qualitrix-LinuxPC&amp;apos;, ip: &amp;apos;127.0.1.1&amp;apos;, os.name: &amp;apos;Linux&amp;apos;, os.arch: &amp;apos;amd64&amp;apos;, os.version: &amp;apos;4.15.0-42-generic&amp;apos;, java.version: &amp;apos;10.0.2&amp;apos;
Driver info: org.openqa.selenium.chrome.ChromeDriver
Capabilities {acceptInsecureCerts: false, acceptSslCerts: false, applicationCacheEnabled: false, browserConnectionEnabled: false, browserName: chrome, chrome: {chromedriverVersion: 2.41.578700 (2f1ed5f9343c13..., userDataDir: /tmp/.org.chromium.Chromium...}, cssSelectorsEnabled: true, databaseEnabled: false, goog:chromeOptions: {debuggerAddress: localhost:46221}, handlesAlerts: true, hasTouchScreen: false, javascriptEnabled: true, locationContextEnabled: true, mobileEmulationEnabled: false, nativeEvents: true, networkConnectionEnabled: false, pageLoadStrategy: normal, platform: LINUX, platformName: LINUX, rotatable: false, setWindowRect: true, takesHeapSnapshot: true, takesScreenshot: true, unexpectedAlertBehaviour: , unhandledPromptBehavior: , version: 70.0.3538.67, webStorageEnabled: true}
Session ID: 784cd813d3ad91345218afce294a1aba">
      <![CDATA[java.lang.AssertionError: FFailed on creating 3 child nodes, Exception : unknown error: Element <a class="blueColor">...</a> is not clickable at point (202, 600). Other element would receive the click: <div class="pg-loading-center-middle">...</div>
  (Session info: chrome=70.0.3538.67)
  (Driver info: chromedriver=2.41.578700 (2f1ed5f9343c13f73144538f15c00b370eda6706),platform=Linux 4.15.0-42-generic x86_64) (WARNING: The server did not provide any stacktrace information)
Command duration or timeout: 0 milliseconds
Build info: version: '3.12.0', revision: '7c6e0b3', time: '2018-05-08T14:04:26.12Z'
System info: host: 'Qualitrix-LinuxPC', ip: '127.0.1.1', os.name: 'Linux', os.arch: 'amd64', os.version: '4.15.0-42-generic', java.version: '10.0.2'
Driver info: org.openqa.selenium.chrome.ChromeDriver
Capabilities {acceptInsecureCerts: false, acceptSslCerts: false, applicationCacheEnabled: false, browserConnectionEnabled: false, browserName: chrome, chrome: {chromedriverVersion: 2.41.578700 (2f1ed5f9343c13..., userDataDir: /tmp/.org.chromium.Chromium...}, cssSelectorsEnabled: true, databaseEnabled: false, goog:chromeOptions: {debuggerAddress: localhost:46221}, handlesAlerts: true, hasTouchScreen: false, javascriptEnabled: true, locationContextEnabled: true, mobileEmulationEnabled: false, nativeEvents: true, networkConnectionEnabled: false, pageLoadStrategy: normal, platform: LINUX, platformName: LINUX, rotatable: false, setWindowRect: true, takesHeapSnapshot: true, takesScreenshot: true, unexpectedAlertBehaviour: , unhandledPromptBehavior: , version: 70.0.3538.67, webStorageEnabled: true}
Session ID: 784cd813d3ad91345218afce294a1aba
	at org.pageobjects.LessonPlanPageObj.createChildNodes(LessonPlanPageObj.java:287)
	at org.testscript.TC_201.TC_201_memberSearchInBatch(TC_201.java:25)
... Removed 26 stack frames]]>
    </failure>
  </testcase> <!-- TC_201_memberSearchInBatch -->
  <testcase classname="org.testscript.TC_202" name="TC_202_memberSearchInBatch" time="21.959">
    <failure type="java.lang.AssertionError" message="Failed on creating a lesson plan with three resources, Exception : unknown error: Element &amp;lt;a class=&amp;quot;blueColor&amp;quot;&amp;gt;...&amp;lt;/a&amp;gt; is not clickable at point (202, 600). Other element would receive the click: &amp;lt;div class=&amp;quot;pg-loading-center-middle&amp;quot;&amp;gt;...&amp;lt;/div&amp;gt;
  (Session info: chrome=70.0.3538.67)
  (Driver info: chromedriver=2.41.578700 (2f1ed5f9343c13f73144538f15c00b370eda6706),platform=Linux 4.15.0-42-generic x86_64) (WARNING: The server did not provide any stacktrace information)
Command duration or timeout: 0 milliseconds
Build info: version: &amp;apos;3.12.0&amp;apos;, revision: &amp;apos;7c6e0b3&amp;apos;, time: &amp;apos;2018-05-08T14:04:26.12Z&amp;apos;
System info: host: &amp;apos;Qualitrix-LinuxPC&amp;apos;, ip: &amp;apos;127.0.1.1&amp;apos;, os.name: &amp;apos;Linux&amp;apos;, os.arch: &amp;apos;amd64&amp;apos;, os.version: &amp;apos;4.15.0-42-generic&amp;apos;, java.version: &amp;apos;10.0.2&amp;apos;
Driver info: org.openqa.selenium.chrome.ChromeDriver
Capabilities {acceptInsecureCerts: false, acceptSslCerts: false, applicationCacheEnabled: false, browserConnectionEnabled: false, browserName: chrome, chrome: {chromedriverVersion: 2.41.578700 (2f1ed5f9343c13..., userDataDir: /tmp/.org.chromium.Chromium...}, cssSelectorsEnabled: true, databaseEnabled: false, goog:chromeOptions: {debuggerAddress: localhost:37699}, handlesAlerts: true, hasTouchScreen: false, javascriptEnabled: true, locationContextEnabled: true, mobileEmulationEnabled: false, nativeEvents: true, networkConnectionEnabled: false, pageLoadStrategy: normal, platform: LINUX, platformName: LINUX, rotatable: false, setWindowRect: true, takesHeapSnapshot: true, takesScreenshot: true, unexpectedAlertBehaviour: , unhandledPromptBehavior: , version: 70.0.3538.67, webStorageEnabled: true}
Session ID: 7324537ea783c3fb356cf496d2e6f94b">
      <![CDATA[java.lang.AssertionError: Failed on creating a lesson plan with three resources, Exception : unknown error: Element <a class="blueColor">...</a> is not clickable at point (202, 600). Other element would receive the click: <div class="pg-loading-center-middle">...</div>
  (Session info: chrome=70.0.3538.67)
  (Driver info: chromedriver=2.41.578700 (2f1ed5f9343c13f73144538f15c00b370eda6706),platform=Linux 4.15.0-42-generic x86_64) (WARNING: The server did not provide any stacktrace information)
Command duration or timeout: 0 milliseconds
Build info: version: '3.12.0', revision: '7c6e0b3', time: '2018-05-08T14:04:26.12Z'
System info: host: 'Qualitrix-LinuxPC', ip: '127.0.1.1', os.name: 'Linux', os.arch: 'amd64', os.version: '4.15.0-42-generic', java.version: '10.0.2'
Driver info: org.openqa.selenium.chrome.ChromeDriver
Capabilities {acceptInsecureCerts: false, acceptSslCerts: false, applicationCacheEnabled: false, browserConnectionEnabled: false, browserName: chrome, chrome: {chromedriverVersion: 2.41.578700 (2f1ed5f9343c13..., userDataDir: /tmp/.org.chromium.Chromium...}, cssSelectorsEnabled: true, databaseEnabled: false, goog:chromeOptions: {debuggerAddress: localhost:37699}, handlesAlerts: true, hasTouchScreen: false, javascriptEnabled: true, locationContextEnabled: true, mobileEmulationEnabled: false, nativeEvents: true, networkConnectionEnabled: false, pageLoadStrategy: normal, platform: LINUX, platformName: LINUX, rotatable: false, setWindowRect: true, takesHeapSnapshot: true, takesScreenshot: true, unexpectedAlertBehaviour: , unhandledPromptBehavior: , version: 70.0.3538.67, webStorageEnabled: true}
Session ID: 7324537ea783c3fb356cf496d2e6f94b
	at org.pageobjects.LessonPlanPageObj.lessonPlanWithThreeResources(LessonPlanPageObj.java:367)
	at org.testscript.TC_202.TC_202_memberSearchInBatch(TC_202.java:25)
... Removed 26 stack frames]]>
    </failure>
  </testcase> <!-- TC_202_memberSearchInBatch -->
  <testcase classname="org.testscript.TC_203" name="TC_203_lessonPlan" time="22.969">
    <failure type="java.lang.AssertionError" message="Failed on creating the childnode , Exception : unknown error: Element &amp;lt;a class=&amp;quot;blueColor&amp;quot;&amp;gt;...&amp;lt;/a&amp;gt; is not clickable at point (202, 600). Other element would receive the click: &amp;lt;div class=&amp;quot;pg-loading-center-middle&amp;quot;&amp;gt;...&amp;lt;/div&amp;gt;
  (Session info: chrome=70.0.3538.67)
  (Driver info: chromedriver=2.41.578700 (2f1ed5f9343c13f73144538f15c00b370eda6706),platform=Linux 4.15.0-42-generic x86_64) (WARNING: The server did not provide any stacktrace information)
Command duration or timeout: 0 milliseconds
Build info: version: &amp;apos;3.12.0&amp;apos;, revision: &amp;apos;7c6e0b3&amp;apos;, time: &amp;apos;2018-05-08T14:04:26.12Z&amp;apos;
System info: host: &amp;apos;Qualitrix-LinuxPC&amp;apos;, ip: &amp;apos;127.0.1.1&amp;apos;, os.name: &amp;apos;Linux&amp;apos;, os.arch: &amp;apos;amd64&amp;apos;, os.version: &amp;apos;4.15.0-42-generic&amp;apos;, java.version: &amp;apos;10.0.2&amp;apos;
Driver info: org.openqa.selenium.chrome.ChromeDriver
Capabilities {acceptInsecureCerts: false, acceptSslCerts: false, applicationCacheEnabled: false, browserConnectionEnabled: false, browserName: chrome, chrome: {chromedriverVersion: 2.41.578700 (2f1ed5f9343c13..., userDataDir: /tmp/.org.chromium.Chromium...}, cssSelectorsEnabled: true, databaseEnabled: false, goog:chromeOptions: {debuggerAddress: localhost:45471}, handlesAlerts: true, hasTouchScreen: false, javascriptEnabled: true, locationContextEnabled: true, mobileEmulationEnabled: false, nativeEvents: true, networkConnectionEnabled: false, pageLoadStrategy: normal, platform: LINUX, platformName: LINUX, rotatable: false, setWindowRect: true, takesHeapSnapshot: true, takesScreenshot: true, unexpectedAlertBehaviour: , unhandledPromptBehavior: , version: 70.0.3538.67, webStorageEnabled: true}
Session ID: 55ffe9c19197e053aeb4786396088371">
      <![CDATA[java.lang.AssertionError: Failed on creating the childnode , Exception : unknown error: Element <a class="blueColor">...</a> is not clickable at point (202, 600). Other element would receive the click: <div class="pg-loading-center-middle">...</div>
  (Session info: chrome=70.0.3538.67)
  (Driver info: chromedriver=2.41.578700 (2f1ed5f9343c13f73144538f15c00b370eda6706),platform=Linux 4.15.0-42-generic x86_64) (WARNING: The server did not provide any stacktrace information)
Command duration or timeout: 0 milliseconds
Build info: version: '3.12.0', revision: '7c6e0b3', time: '2018-05-08T14:04:26.12Z'
System info: host: 'Qualitrix-LinuxPC', ip: '127.0.1.1', os.name: 'Linux', os.arch: 'amd64', os.version: '4.15.0-42-generic', java.version: '10.0.2'
Driver info: org.openqa.selenium.chrome.ChromeDriver
Capabilities {acceptInsecureCerts: false, acceptSslCerts: false, applicationCacheEnabled: false, browserConnectionEnabled: false, browserName: chrome, chrome: {chromedriverVersion: 2.41.578700 (2f1ed5f9343c13..., userDataDir: /tmp/.org.chromium.Chromium...}, cssSelectorsEnabled: true, databaseEnabled: false, goog:chromeOptions: {debuggerAddress: localhost:45471}, handlesAlerts: true, hasTouchScreen: false, javascriptEnabled: true, locationContextEnabled: true, mobileEmulationEnabled: false, nativeEvents: true, networkConnectionEnabled: false, pageLoadStrategy: normal, platform: LINUX, platformName: LINUX, rotatable: false, setWindowRect: true, takesHeapSnapshot: true, takesScreenshot: true, unexpectedAlertBehaviour: , unhandledPromptBehavior: , version: 70.0.3538.67, webStorageEnabled: true}
Session ID: 55ffe9c19197e053aeb4786396088371
	at org.pageobjects.LessonPlanPageObj.createChildNode(LessonPlanPageObj.java:680)
	at org.testscript.TC_203.TC_203_lessonPlan(TC_203.java:25)
... Removed 26 stack frames]]>
    </failure>
  </testcase> <!-- TC_203_lessonPlan -->
  <testcase classname="org.testscript.TC_204" name="TC_204_lessonPlan" time="21.191">
    <failure type="java.lang.AssertionError" message="Failed on creating the childnode , Exception : unknown error: Element &amp;lt;a class=&amp;quot;blueColor&amp;quot;&amp;gt;...&amp;lt;/a&amp;gt; is not clickable at point (202, 600). Other element would receive the click: &amp;lt;div class=&amp;quot;pg-loading-center-middle&amp;quot;&amp;gt;...&amp;lt;/div&amp;gt;
  (Session info: chrome=70.0.3538.67)
  (Driver info: chromedriver=2.41.578700 (2f1ed5f9343c13f73144538f15c00b370eda6706),platform=Linux 4.15.0-42-generic x86_64) (WARNING: The server did not provide any stacktrace information)
Command duration or timeout: 0 milliseconds
Build info: version: &amp;apos;3.12.0&amp;apos;, revision: &amp;apos;7c6e0b3&amp;apos;, time: &amp;apos;2018-05-08T14:04:26.12Z&amp;apos;
System info: host: &amp;apos;Qualitrix-LinuxPC&amp;apos;, ip: &amp;apos;127.0.1.1&amp;apos;, os.name: &amp;apos;Linux&amp;apos;, os.arch: &amp;apos;amd64&amp;apos;, os.version: &amp;apos;4.15.0-42-generic&amp;apos;, java.version: &amp;apos;10.0.2&amp;apos;
Driver info: org.openqa.selenium.chrome.ChromeDriver
Capabilities {acceptInsecureCerts: false, acceptSslCerts: false, applicationCacheEnabled: false, browserConnectionEnabled: false, browserName: chrome, chrome: {chromedriverVersion: 2.41.578700 (2f1ed5f9343c13..., userDataDir: /tmp/.org.chromium.Chromium...}, cssSelectorsEnabled: true, databaseEnabled: false, goog:chromeOptions: {debuggerAddress: localhost:38065}, handlesAlerts: true, hasTouchScreen: false, javascriptEnabled: true, locationContextEnabled: true, mobileEmulationEnabled: false, nativeEvents: true, networkConnectionEnabled: false, pageLoadStrategy: normal, platform: LINUX, platformName: LINUX, rotatable: false, setWindowRect: true, takesHeapSnapshot: true, takesScreenshot: true, unexpectedAlertBehaviour: , unhandledPromptBehavior: , version: 70.0.3538.67, webStorageEnabled: true}
Session ID: fdc3ac1e31974dc86f23c0c1eee006d7">
      <![CDATA[java.lang.AssertionError: Failed on creating the childnode , Exception : unknown error: Element <a class="blueColor">...</a> is not clickable at point (202, 600). Other element would receive the click: <div class="pg-loading-center-middle">...</div>
  (Session info: chrome=70.0.3538.67)
  (Driver info: chromedriver=2.41.578700 (2f1ed5f9343c13f73144538f15c00b370eda6706),platform=Linux 4.15.0-42-generic x86_64) (WARNING: The server did not provide any stacktrace information)
Command duration or timeout: 0 milliseconds
Build info: version: '3.12.0', revision: '7c6e0b3', time: '2018-05-08T14:04:26.12Z'
System info: host: 'Qualitrix-LinuxPC', ip: '127.0.1.1', os.name: 'Linux', os.arch: 'amd64', os.version: '4.15.0-42-generic', java.version: '10.0.2'
Driver info: org.openqa.selenium.chrome.ChromeDriver
Capabilities {acceptInsecureCerts: false, acceptSslCerts: false, applicationCacheEnabled: false, browserConnectionEnabled: false, browserName: chrome, chrome: {chromedriverVersion: 2.41.578700 (2f1ed5f9343c13..., userDataDir: /tmp/.org.chromium.Chromium...}, cssSelectorsEnabled: true, databaseEnabled: false, goog:chromeOptions: {debuggerAddress: localhost:38065}, handlesAlerts: true, hasTouchScreen: false, javascriptEnabled: true, locationContextEnabled: true, mobileEmulationEnabled: false, nativeEvents: true, networkConnectionEnabled: false, pageLoadStrategy: normal, platform: LINUX, platformName: LINUX, rotatable: false, setWindowRect: true, takesHeapSnapshot: true, takesScreenshot: true, unexpectedAlertBehaviour: , unhandledPromptBehavior: , version: 70.0.3538.67, webStorageEnabled: true}
Session ID: fdc3ac1e31974dc86f23c0c1eee006d7
	at org.pageobjects.LessonPlanPageObj.createChildNode(LessonPlanPageObj.java:680)
	at org.testscript.TC_204.TC_204_lessonPlan(TC_204.java:24)
... Removed 26 stack frames]]>
    </failure>
  </testcase> <!-- TC_204_lessonPlan -->
  <testcase classname="org.testscript.TC_205" name="TC_205_lessonPlan" time="20.936">
    <failure type="java.lang.AssertionError" message="Failed on creating the childnode , Exception : unknown error: Element &amp;lt;a class=&amp;quot;blueColor&amp;quot;&amp;gt;...&amp;lt;/a&amp;gt; is not clickable at point (202, 600). Other element would receive the click: &amp;lt;div class=&amp;quot;pg-loading-center-middle&amp;quot;&amp;gt;...&amp;lt;/div&amp;gt;
  (Session info: chrome=70.0.3538.67)
  (Driver info: chromedriver=2.41.578700 (2f1ed5f9343c13f73144538f15c00b370eda6706),platform=Linux 4.15.0-42-generic x86_64) (WARNING: The server did not provide any stacktrace information)
Command duration or timeout: 0 milliseconds
Build info: version: &amp;apos;3.12.0&amp;apos;, revision: &amp;apos;7c6e0b3&amp;apos;, time: &amp;apos;2018-05-08T14:04:26.12Z&amp;apos;
System info: host: &amp;apos;Qualitrix-LinuxPC&amp;apos;, ip: &amp;apos;127.0.1.1&amp;apos;, os.name: &amp;apos;Linux&amp;apos;, os.arch: &amp;apos;amd64&amp;apos;, os.version: &amp;apos;4.15.0-42-generic&amp;apos;, java.version: &amp;apos;10.0.2&amp;apos;
Driver info: org.openqa.selenium.chrome.ChromeDriver
Capabilities {acceptInsecureCerts: false, acceptSslCerts: false, applicationCacheEnabled: false, browserConnectionEnabled: false, browserName: chrome, chrome: {chromedriverVersion: 2.41.578700 (2f1ed5f9343c13..., userDataDir: /tmp/.org.chromium.Chromium...}, cssSelectorsEnabled: true, databaseEnabled: false, goog:chromeOptions: {debuggerAddress: localhost:44821}, handlesAlerts: true, hasTouchScreen: false, javascriptEnabled: true, locationContextEnabled: true, mobileEmulationEnabled: false, nativeEvents: true, networkConnectionEnabled: false, pageLoadStrategy: normal, platform: LINUX, platformName: LINUX, rotatable: false, setWindowRect: true, takesHeapSnapshot: true, takesScreenshot: true, unexpectedAlertBehaviour: , unhandledPromptBehavior: , version: 70.0.3538.67, webStorageEnabled: true}
Session ID: 152f3cef578eb34c29a92be590c0e628">
      <![CDATA[java.lang.AssertionError: Failed on creating the childnode , Exception : unknown error: Element <a class="blueColor">...</a> is not clickable at point (202, 600). Other element would receive the click: <div class="pg-loading-center-middle">...</div>
  (Session info: chrome=70.0.3538.67)
  (Driver info: chromedriver=2.41.578700 (2f1ed5f9343c13f73144538f15c00b370eda6706),platform=Linux 4.15.0-42-generic x86_64) (WARNING: The server did not provide any stacktrace information)
Command duration or timeout: 0 milliseconds
Build info: version: '3.12.0', revision: '7c6e0b3', time: '2018-05-08T14:04:26.12Z'
System info: host: 'Qualitrix-LinuxPC', ip: '127.0.1.1', os.name: 'Linux', os.arch: 'amd64', os.version: '4.15.0-42-generic', java.version: '10.0.2'
Driver info: org.openqa.selenium.chrome.ChromeDriver
Capabilities {acceptInsecureCerts: false, acceptSslCerts: false, applicationCacheEnabled: false, browserConnectionEnabled: false, browserName: chrome, chrome: {chromedriverVersion: 2.41.578700 (2f1ed5f9343c13..., userDataDir: /tmp/.org.chromium.Chromium...}, cssSelectorsEnabled: true, databaseEnabled: false, goog:chromeOptions: {debuggerAddress: localhost:44821}, handlesAlerts: true, hasTouchScreen: false, javascriptEnabled: true, locationContextEnabled: true, mobileEmulationEnabled: false, nativeEvents: true, networkConnectionEnabled: false, pageLoadStrategy: normal, platform: LINUX, platformName: LINUX, rotatable: false, setWindowRect: true, takesHeapSnapshot: true, takesScreenshot: true, unexpectedAlertBehaviour: , unhandledPromptBehavior: , version: 70.0.3538.67, webStorageEnabled: true}
Session ID: 152f3cef578eb34c29a92be590c0e628
	at org.pageobjects.LessonPlanPageObj.createChildNode(LessonPlanPageObj.java:680)
	at org.testscript.TC_205.TC_205_lessonPlan(TC_205.java:24)
... Removed 26 stack frames]]>
    </failure>
  </testcase> <!-- TC_205_lessonPlan -->
  <testcase classname="org.testscript.TC_206" name="TC_206_upForReview" time="10.172"/>
  <testcase classname="org.testscript.TC_207" name="TC_207_upForReview" time="33.725">
    <failure type="java.lang.AssertionError" message="Failed to search the content, Exception : no such element: Unable to locate element: {&amp;quot;method&amp;quot;:&amp;quot;tag name&amp;quot;,&amp;quot;selector&amp;quot;:&amp;quot;(//div[contains(@class,&amp;apos;UpReviewHeader&amp;apos;)])[1]&amp;quot;}
  (Session info: chrome=70.0.3538.67)
  (Driver info: chromedriver=2.41.578700 (2f1ed5f9343c13f73144538f15c00b370eda6706),platform=Linux 4.15.0-42-generic x86_64) (WARNING: The server did not provide any stacktrace information)
Command duration or timeout: 0 milliseconds
For documentation on this error, please visit: http://seleniumhq.org/exceptions/no_such_element.html
Build info: version: &amp;apos;3.12.0&amp;apos;, revision: &amp;apos;7c6e0b3&amp;apos;, time: &amp;apos;2018-05-08T14:04:26.12Z&amp;apos;
System info: host: &amp;apos;Qualitrix-LinuxPC&amp;apos;, ip: &amp;apos;127.0.1.1&amp;apos;, os.name: &amp;apos;Linux&amp;apos;, os.arch: &amp;apos;amd64&amp;apos;, os.version: &amp;apos;4.15.0-42-generic&amp;apos;, java.version: &amp;apos;10.0.2&amp;apos;
Driver info: org.openqa.selenium.chrome.ChromeDriver
Capabilities {acceptInsecureCerts: false, acceptSslCerts: false, applicationCacheEnabled: false, browserConnectionEnabled: false, browserName: chrome, chrome: {chromedriverVersion: 2.41.578700 (2f1ed5f9343c13..., userDataDir: /tmp/.org.chromium.Chromium...}, cssSelectorsEnabled: true, databaseEnabled: false, goog:chromeOptions: {debuggerAddress: localhost:44107}, handlesAlerts: true, hasTouchScreen: false, javascriptEnabled: true, locationContextEnabled: true, mobileEmulationEnabled: false, nativeEvents: true, networkConnectionEnabled: false, pageLoadStrategy: normal, platform: LINUX, platformName: LINUX, rotatable: false, setWindowRect: true, takesHeapSnapshot: true, takesScreenshot: true, unexpectedAlertBehaviour: , unhandledPromptBehavior: , version: 70.0.3538.67, webStorageEnabled: true}
Session ID: b51bca3303d18fcad3ea267cd120b512
*** Element info: {Using=tag name, value=(//div[contains(@class,&amp;apos;UpReviewHeader&amp;apos;)])[1]}">
      <![CDATA[java.lang.AssertionError: Failed to search the content, Exception : no such element: Unable to locate element: {"method":"tag name","selector":"(//div[contains(@class,'UpReviewHeader')])[1]"}
  (Session info: chrome=70.0.3538.67)
  (Driver info: chromedriver=2.41.578700 (2f1ed5f9343c13f73144538f15c00b370eda6706),platform=Linux 4.15.0-42-generic x86_64) (WARNING: The server did not provide any stacktrace information)
Command duration or timeout: 0 milliseconds
For documentation on this error, please visit: http://seleniumhq.org/exceptions/no_such_element.html
Build info: version: '3.12.0', revision: '7c6e0b3', time: '2018-05-08T14:04:26.12Z'
System info: host: 'Qualitrix-LinuxPC', ip: '127.0.1.1', os.name: 'Linux', os.arch: 'amd64', os.version: '4.15.0-42-generic', java.version: '10.0.2'
Driver info: org.openqa.selenium.chrome.ChromeDriver
Capabilities {acceptInsecureCerts: false, acceptSslCerts: false, applicationCacheEnabled: false, browserConnectionEnabled: false, browserName: chrome, chrome: {chromedriverVersion: 2.41.578700 (2f1ed5f9343c13..., userDataDir: /tmp/.org.chromium.Chromium...}, cssSelectorsEnabled: true, databaseEnabled: false, goog:chromeOptions: {debuggerAddress: localhost:44107}, handlesAlerts: true, hasTouchScreen: false, javascriptEnabled: true, locationContextEnabled: true, mobileEmulationEnabled: false, nativeEvents: true, networkConnectionEnabled: false, pageLoadStrategy: normal, platform: LINUX, platformName: LINUX, rotatable: false, setWindowRect: true, takesHeapSnapshot: true, takesScreenshot: true, unexpectedAlertBehaviour: , unhandledPromptBehavior: , version: 70.0.3538.67, webStorageEnabled: true}
Session ID: b51bca3303d18fcad3ea267cd120b512
*** Element info: {Using=tag name, value=(//div[contains(@class,'UpReviewHeader')])[1]}
	at org.pageobjects.UpForReviewPageObj.UpForReviewsearchContent(UpForReviewPageObj.java:96)
	at org.testscript.TC_207.TC_207_upForReview(TC_207.java:18)
... Removed 26 stack frames]]>
    </failure>
  </testcase> <!-- TC_207_upForReview -->
  <testcase classname="org.testscript.TC_208" name="TC_208_upForReview" time="88.012">
    <failure type="java.lang.AssertionError" message="User is trying to verify the sortBy filters, Exception : Expected condition failed: waiting for visibility of Proxy element for: DefaultElementLocator &amp;apos;By.xpath: //i[contains(@class,&amp;apos;close icon&amp;apos;)]&amp;apos; (tried for 60 second(s) with 500 milliseconds interval)">
      <![CDATA[java.lang.AssertionError: User is trying to verify the sortBy filters, Exception : Expected condition failed: waiting for visibility of Proxy element for: DefaultElementLocator 'By.xpath: //i[contains(@class,'close icon')]' (tried for 60 second(s) with 500 milliseconds interval)
	at org.pageobjects.UpForReviewPageObj.UpForReviewSortBy(UpForReviewPageObj.java:147)
	at org.testscript.TC_208.TC_208_upForReview(TC_208.java:18)
... Removed 26 stack frames]]>
    </failure>
  </testcase> <!-- TC_208_upForReview -->
  <testcase classname="org.testscript.TC_209" name="TC_209_upForReview" time="30.912"/>
  <testcase classname="org.testscript.TC_210" name="TC_210_upForReview" time="26.565"/>
  <testcase classname="org.testscript.TC_281" name="TC_281_allMyContent" time="16.059"/>
  <testcase classname="org.testscript.TC_282" name="TC_282_allMyContent" time="89.004">
    <failure type="java.lang.AssertionError" message="Failed on deleting content by statusunknown error: Element &amp;lt;sui-select-option _ngcontent-c26=&amp;quot;&amp;quot; class=&amp;quot;item&amp;quot;&amp;gt;...&amp;lt;/sui-select-option&amp;gt; is not clickable at point (505, 428). Other element would receive the click: &amp;lt;sui-select-option _ngcontent-c26=&amp;quot;&amp;quot; class=&amp;quot;item&amp;quot;&amp;gt;...&amp;lt;/sui-select-option&amp;gt;
  (Session info: chrome=70.0.3538.67)
  (Driver info: chromedriver=2.41.578700 (2f1ed5f9343c13f73144538f15c00b370eda6706),platform=Linux 4.15.0-42-generic x86_64) (WARNING: The server did not provide any stacktrace information)
Command duration or timeout: 0 milliseconds
Build info: version: &amp;apos;3.12.0&amp;apos;, revision: &amp;apos;7c6e0b3&amp;apos;, time: &amp;apos;2018-05-08T14:04:26.12Z&amp;apos;
System info: host: &amp;apos;Qualitrix-LinuxPC&amp;apos;, ip: &amp;apos;127.0.1.1&amp;apos;, os.name: &amp;apos;Linux&amp;apos;, os.arch: &amp;apos;amd64&amp;apos;, os.version: &amp;apos;4.15.0-42-generic&amp;apos;, java.version: &amp;apos;10.0.2&amp;apos;
Driver info: org.openqa.selenium.chrome.ChromeDriver
Capabilities {acceptInsecureCerts: false, acceptSslCerts: false, applicationCacheEnabled: false, browserConnectionEnabled: false, browserName: chrome, chrome: {chromedriverVersion: 2.41.578700 (2f1ed5f9343c13..., userDataDir: /tmp/.org.chromium.Chromium...}, cssSelectorsEnabled: true, databaseEnabled: false, goog:chromeOptions: {debuggerAddress: localhost:40603}, handlesAlerts: true, hasTouchScreen: false, javascriptEnabled: true, locationContextEnabled: true, mobileEmulationEnabled: false, nativeEvents: true, networkConnectionEnabled: false, pageLoadStrategy: normal, platform: LINUX, platformName: LINUX, rotatable: false, setWindowRect: true, takesHeapSnapshot: true, takesScreenshot: true, unexpectedAlertBehaviour: , unhandledPromptBehavior: , version: 70.0.3538.67, webStorageEnabled: true}
Session ID: 586662035f3b0d44ac8386a930f57176">
      <![CDATA[java.lang.AssertionError: Failed on deleting content by statusunknown error: Element <sui-select-option _ngcontent-c26="" class="item">...</sui-select-option> is not clickable at point (505, 428). Other element would receive the click: <sui-select-option _ngcontent-c26="" class="item">...</sui-select-option>
  (Session info: chrome=70.0.3538.67)
  (Driver info: chromedriver=2.41.578700 (2f1ed5f9343c13f73144538f15c00b370eda6706),platform=Linux 4.15.0-42-generic x86_64) (WARNING: The server did not provide any stacktrace information)
Command duration or timeout: 0 milliseconds
Build info: version: '3.12.0', revision: '7c6e0b3', time: '2018-05-08T14:04:26.12Z'
System info: host: 'Qualitrix-LinuxPC', ip: '127.0.1.1', os.name: 'Linux', os.arch: 'amd64', os.version: '4.15.0-42-generic', java.version: '10.0.2'
Driver info: org.openqa.selenium.chrome.ChromeDriver
Capabilities {acceptInsecureCerts: false, acceptSslCerts: false, applicationCacheEnabled: false, browserConnectionEnabled: false, browserName: chrome, chrome: {chromedriverVersion: 2.41.578700 (2f1ed5f9343c13..., userDataDir: /tmp/.org.chromium.Chromium...}, cssSelectorsEnabled: true, databaseEnabled: false, goog:chromeOptions: {debuggerAddress: localhost:40603}, handlesAlerts: true, hasTouchScreen: false, javascriptEnabled: true, locationContextEnabled: true, mobileEmulationEnabled: false, nativeEvents: true, networkConnectionEnabled: false, pageLoadStrategy: normal, platform: LINUX, platformName: LINUX, rotatable: false, setWindowRect: true, takesHeapSnapshot: true, takesScreenshot: true, unexpectedAlertBehaviour: , unhandledPromptBehavior: , version: 70.0.3538.67, webStorageEnabled: true}
Session ID: 586662035f3b0d44ac8386a930f57176
	at org.pageobjects.AllMyContentPageObj.deleteByStatus(AllMyContentPageObj.java:175)
	at org.testscript.TC_282.TC_282_allMyContent(TC_282.java:34)
... Removed 26 stack frames]]>
    </failure>
  </testcase> <!-- TC_282_allMyContent -->
  <testcase classname="org.testscript.TC_283" name="TC_283_allMyContent" time="31.931"/>
  <testcase classname="org.testscript.TC_284" name="TC_284_allMyContent" time="29.432"/>
  <testcase classname="org.testscript.TC_285" name="TC_285_allMyContent" time="29.204"/>
  <testcase classname="org.testscript.TC_286" name="TC_286_allMyContent" time="41.534"/>
  <testcase classname="org.testscript.TC_287" name="TC_287_allMyContent" time="28.882"/>
  <testcase classname="org.testscript.TC_288" name="TC_288_allMyContent" time="39.743"/>
  <testcase classname="org.testscript.TC_289" name="TC_289_Mentor" time="9.591"/>
  <testcase classname="org.testscript.TC_290" name="TC_290_openBatchCreation" time="80.645">
    <failure type="java.lang.AssertionError" message="Failed on saving and sending course for review">
      <![CDATA[java.lang.AssertionError: Failed on saving and sending course for review
	at org.pageobjects.MentorOrgPageObj.saveAndSendCourseForReview(MentorOrgPageObj.java:180)
	at org.testscript.TC_290.TC_290_openBatchCreation(TC_290.java:32)
... Removed 26 stack frames]]>
    </failure>
  </testcase> <!-- TC_290_openBatchCreation -->
  <testcase classname="org.testscript.TC_291" name="TC_291_rootOrg" time="85.5">
    <failure type="java.lang.AssertionError" message="Failed to create invite only batch, ExceptionExpected condition failed: waiting for visibility of Proxy element for: DefaultElementLocator &amp;apos;By.xpath: //i[contains(@class,&amp;apos;close icon&amp;apos;)]&amp;apos; (tried for 60 second(s) with 500 milliseconds interval)">
      <![CDATA[java.lang.AssertionError: Failed to create invite only batch, ExceptionExpected condition failed: waiting for visibility of Proxy element for: DefaultElementLocator 'By.xpath: //i[contains(@class,'close icon')]' (tried for 60 second(s) with 500 milliseconds interval)
	at org.pageobjects.MentorOrgPageObj.createInviteBatch(MentorOrgPageObj.java:401)
	at org.testscript.TC_291.TC_291_rootOrg(TC_291.java:19)
... Removed 26 stack frames]]>
    </failure>
  </testcase> <!-- TC_291_rootOrg -->
  <testcase classname="org.testscript.TC_292" name="TC_292_openBatchCreation" time="60.972">
    <failure type="java.lang.AssertionError" message="Failed on saving and sending course for review">
      <![CDATA[java.lang.AssertionError: Failed on saving and sending course for review
	at org.pageobjects.BatchUserPageObj.saveAndSendCourseForReview(BatchUserPageObj.java:164)
	at org.testscript.TC_292.TC_292_openBatchCreation(TC_292.java:32)
... Removed 26 stack frames]]>
    </failure>
  </testcase> <!-- TC_292_openBatchCreation -->
  <testcase classname="org.testscript.TC_293" name="TC_293_rootOrg" time="90.011">
    <failure type="java.lang.AssertionError" message="Failed to create invite only batch, ExceptionExpected condition failed: waiting for visibility of Proxy element for: DefaultElementLocator &amp;apos;By.xpath: (//div[contains(@class,&amp;apos;medium ellipsis mt-3&amp;apos;)])[1]&amp;apos; (tried for 60 second(s) with 500 milliseconds interval)">
      <![CDATA[java.lang.AssertionError: Failed to create invite only batch, ExceptionExpected condition failed: waiting for visibility of Proxy element for: DefaultElementLocator 'By.xpath: (//div[contains(@class,'medium ellipsis mt-3')])[1]' (tried for 60 second(s) with 500 milliseconds interval)
	at org.pageobjects.BatchUserPageObj.createInviteBatch(BatchUserPageObj.java:386)
	at org.testscript.TC_293.TC_293_rootOrg(TC_293.java:19)
... Removed 26 stack frames]]>
    </failure>
  </testcase> <!-- TC_293_rootOrg -->
  <testcase classname="org.testscript.TC_294" name="TC_294_rootOrg" time="90.184">
    <failure type="java.lang.AssertionError" message="Failed to create invite only batch, ExceptionExpected condition failed: waiting for visibility of Proxy element for: DefaultElementLocator &amp;apos;By.xpath: (//div[contains(@class,&amp;apos;medium ellipsis mt-3&amp;apos;)])[1]&amp;apos; (tried for 60 second(s) with 500 milliseconds interval)">
      <![CDATA[java.lang.AssertionError: Failed to create invite only batch, ExceptionExpected condition failed: waiting for visibility of Proxy element for: DefaultElementLocator 'By.xpath: (//div[contains(@class,'medium ellipsis mt-3')])[1]' (tried for 60 second(s) with 500 milliseconds interval)
	at org.pageobjects.BatchUserPageObj.createInviteBatch(BatchUserPageObj.java:386)
	at org.testscript.TC_294.TC_294_rootOrg(TC_294.java:19)
... Removed 26 stack frames]]>
    </failure>
  </testcase> <!-- TC_294_rootOrg -->
  <testcase classname="org.testscript.TC_295" name="TC_295_rootOrg" time="90.603">
    <failure type="java.lang.AssertionError" message="Failed to create invite only batch, ExceptionExpected condition failed: waiting for visibility of Proxy element for: DefaultElementLocator &amp;apos;By.xpath: (//div[contains(@class,&amp;apos;medium ellipsis mt-3&amp;apos;)])[1]&amp;apos; (tried for 60 second(s) with 500 milliseconds interval)">
      <![CDATA[java.lang.AssertionError: Failed to create invite only batch, ExceptionExpected condition failed: waiting for visibility of Proxy element for: DefaultElementLocator 'By.xpath: (//div[contains(@class,'medium ellipsis mt-3')])[1]' (tried for 60 second(s) with 500 milliseconds interval)
	at org.pageobjects.BatchUserPageObj.createInviteBatch(BatchUserPageObj.java:386)
	at org.testscript.TC_295.TC_295_rootOrg(TC_295.java:18)
... Removed 26 stack frames]]>
    </failure>
  </testcase> <!-- TC_295_rootOrg -->
  <testcase classname="org.testscript.TC_296" name="TC_296_rootOrg" time="91.176">
    <failure type="java.lang.AssertionError" message="Failed to create invite only batch, ExceptionExpected condition failed: waiting for visibility of Proxy element for: DefaultElementLocator &amp;apos;By.xpath: (//div[contains(@class,&amp;apos;medium ellipsis mt-3&amp;apos;)])[1]&amp;apos; (tried for 60 second(s) with 500 milliseconds interval)">
      <![CDATA[java.lang.AssertionError: Failed to create invite only batch, ExceptionExpected condition failed: waiting for visibility of Proxy element for: DefaultElementLocator 'By.xpath: (//div[contains(@class,'medium ellipsis mt-3')])[1]' (tried for 60 second(s) with 500 milliseconds interval)
	at org.pageobjects.BatchUserPageObj.createInviteBatch(BatchUserPageObj.java:386)
	at org.testscript.TC_296.TC_296_rootOrg(TC_296.java:18)
... Removed 26 stack frames]]>
    </failure>
  </testcase> <!-- TC_296_rootOrg -->
  <testcase classname="org.testscript.TC_297" name="TC_297_rootOrg" time="85.625">
    <failure type="java.lang.AssertionError" message="Failed to create invite only batch, ExceptionExpected condition failed: waiting for visibility of Proxy element for: DefaultElementLocator &amp;apos;By.xpath: //i[contains(@class,&amp;apos;close icon&amp;apos;)]&amp;apos; (tried for 60 second(s) with 500 milliseconds interval)">
      <![CDATA[java.lang.AssertionError: Failed to create invite only batch, ExceptionExpected condition failed: waiting for visibility of Proxy element for: DefaultElementLocator 'By.xpath: //i[contains(@class,'close icon')]' (tried for 60 second(s) with 500 milliseconds interval)
	at org.pageobjects.BatchUserPageObj.createInviteBatchwithStartDate(BatchUserPageObj.java:446)
	at org.testscript.TC_297.TC_297_rootOrg(TC_297.java:18)
... Removed 26 stack frames]]>
    </failure>
  </testcase> <!-- TC_297_rootOrg -->
  <testcase classname="org.testscript.TC_298" name="TC_298_rootOrg" time="84.505">
    <failure type="java.lang.AssertionError" message="Failed to create invite only batch, ExceptionExpected condition failed: waiting for visibility of Proxy element for: DefaultElementLocator &amp;apos;By.xpath: //i[contains(@class,&amp;apos;close icon&amp;apos;)]&amp;apos; (tried for 60 second(s) with 500 milliseconds interval)">
      <![CDATA[java.lang.AssertionError: Failed to create invite only batch, ExceptionExpected condition failed: waiting for visibility of Proxy element for: DefaultElementLocator 'By.xpath: //i[contains(@class,'close icon')]' (tried for 60 second(s) with 500 milliseconds interval)
	at org.pageobjects.BatchUserPageObj.createInviteBatchFutureStartDate(BatchUserPageObj.java:503)
	at org.testscript.TC_298.TC_298_rootOrg(TC_298.java:18)
... Removed 26 stack frames]]>
    </failure>
  </testcase> <!-- TC_298_rootOrg -->
  <testcase classname="org.testscript.TC_299" name="TC_299_rootOrg" time="84.358">
    <failure type="java.lang.AssertionError" message="Failed on navigating to Workspace and selecting batch, Exception : Expected condition failed: waiting for visibility of Proxy element for: DefaultElementLocator &amp;apos;By.xpath: //i[contains(@class,&amp;apos;close icon&amp;apos;)]&amp;apos; (tried for 60 second(s) with 500 milliseconds interval)">
      <![CDATA[java.lang.AssertionError: Failed on navigating to Workspace and selecting batch, Exception : Expected condition failed: waiting for visibility of Proxy element for: DefaultElementLocator 'By.xpath: //i[contains(@class,'close icon')]' (tried for 60 second(s) with 500 milliseconds interval)
	at org.pageobjects.BatchUserPageObj.navigateToWorkspaceAndSelectBatches(BatchUserPageObj.java:544)
	at org.testscript.TC_299.TC_299_rootOrg(TC_299.java:18)
... Removed 26 stack frames]]>
    </failure>
  </testcase> <!-- TC_299_rootOrg -->
  <testcase classname="org.testscript.TC_300" name="TC_300_rootOrg" time="84.463">
    <failure type="java.lang.AssertionError" message="Failed on navigating to Workspace and selecting batch, Exception : Expected condition failed: waiting for visibility of Proxy element for: DefaultElementLocator &amp;apos;By.xpath: //i[contains(@class,&amp;apos;close icon&amp;apos;)]&amp;apos; (tried for 60 second(s) with 500 milliseconds interval)">
      <![CDATA[java.lang.AssertionError: Failed on navigating to Workspace and selecting batch, Exception : Expected condition failed: waiting for visibility of Proxy element for: DefaultElementLocator 'By.xpath: //i[contains(@class,'close icon')]' (tried for 60 second(s) with 500 milliseconds interval)
	at org.pageobjects.BatchUserPageObj.navigateToWorkspaceAndSelectBatches(BatchUserPageObj.java:544)
	at org.testscript.TC_300.TC_300_rootOrg(TC_300.java:18)
... Removed 26 stack frames]]>
    </failure>
  </testcase> <!-- TC_300_rootOrg -->
  <testcase classname="org.testscript.TC_301" name="TC_301_rootOrg" time="84.292">
    <failure type="java.lang.AssertionError" message="Failed on navigating to Workspace and selecting batch, Exception : Expected condition failed: waiting for visibility of Proxy element for: DefaultElementLocator &amp;apos;By.xpath: //i[contains(@class,&amp;apos;close icon&amp;apos;)]&amp;apos; (tried for 60 second(s) with 500 milliseconds interval)">
      <![CDATA[java.lang.AssertionError: Failed on navigating to Workspace and selecting batch, Exception : Expected condition failed: waiting for visibility of Proxy element for: DefaultElementLocator 'By.xpath: //i[contains(@class,'close icon')]' (tried for 60 second(s) with 500 milliseconds interval)
	at org.pageobjects.BatchUserPageObj.navigateToWorkspaceAndSelectBatches(BatchUserPageObj.java:544)
	at org.testscript.TC_301.TC_301_rootOrg(TC_301.java:18)
... Removed 26 stack frames]]>
    </failure>
  </testcase> <!-- TC_301_rootOrg -->
  <testcase classname="org.testscript.TC_302" name="TC_302_rootOrg" time="83.523">
    <failure type="java.lang.AssertionError" message="Failed on navigating to Workspace and selecting batch, Exception : Expected condition failed: waiting for visibility of Proxy element for: DefaultElementLocator &amp;apos;By.xpath: //i[contains(@class,&amp;apos;close icon&amp;apos;)]&amp;apos; (tried for 60 second(s) with 500 milliseconds interval)">
      <![CDATA[java.lang.AssertionError: Failed on navigating to Workspace and selecting batch, Exception : Expected condition failed: waiting for visibility of Proxy element for: DefaultElementLocator 'By.xpath: //i[contains(@class,'close icon')]' (tried for 60 second(s) with 500 milliseconds interval)
	at org.pageobjects.BatchUserPageObj.navigateToWorkspaceAndSelectBatches(BatchUserPageObj.java:544)
	at org.testscript.TC_302.TC_302_rootOrg(TC_302.java:18)
... Removed 26 stack frames]]>
    </failure>
  </testcase> <!-- TC_302_rootOrg -->
  <testcase classname="org.testscript.TC_303" name="TC_303_rootOrg" time="84.439">
    <failure type="java.lang.AssertionError" message="Failed on navigating to Workspace and selecting batch, Exception : Expected condition failed: waiting for visibility of Proxy element for: DefaultElementLocator &amp;apos;By.xpath: //i[contains(@class,&amp;apos;close icon&amp;apos;)]&amp;apos; (tried for 60 second(s) with 500 milliseconds interval)">
      <![CDATA[java.lang.AssertionError: Failed on navigating to Workspace and selecting batch, Exception : Expected condition failed: waiting for visibility of Proxy element for: DefaultElementLocator 'By.xpath: //i[contains(@class,'close icon')]' (tried for 60 second(s) with 500 milliseconds interval)
	at org.pageobjects.BatchUserPageObj.navigateToWorkspaceAndSelectBatches(BatchUserPageObj.java:544)
	at org.testscript.TC_303.TC_303_rootOrg(TC_303.java:18)
... Removed 26 stack frames]]>
    </failure>
  </testcase> <!-- TC_303_rootOrg -->
  <testcase classname="org.testscript.TC_304" name="TC_304_rootOrg" time="83.483">
    <failure type="java.lang.AssertionError" message="Failed on navigating to Workspace and selecting batch, Exception : Expected condition failed: waiting for visibility of Proxy element for: DefaultElementLocator &amp;apos;By.xpath: //i[contains(@class,&amp;apos;close icon&amp;apos;)]&amp;apos; (tried for 60 second(s) with 500 milliseconds interval)">
      <![CDATA[java.lang.AssertionError: Failed on navigating to Workspace and selecting batch, Exception : Expected condition failed: waiting for visibility of Proxy element for: DefaultElementLocator 'By.xpath: //i[contains(@class,'close icon')]' (tried for 60 second(s) with 500 milliseconds interval)
	at org.pageobjects.BatchUserPageObj.navigateToWorkspaceAndSelectBatches(BatchUserPageObj.java:544)
	at org.testscript.TC_304.TC_304_rootOrg(TC_304.java:18)
... Removed 26 stack frames]]>
    </failure>
  </testcase> <!-- TC_304_rootOrg -->
  <testcase classname="org.testscript.TC_305" name="TC_305_rootOrg" time="84.489">
    <failure type="java.lang.AssertionError" message="Failed on navigating to Workspace and selecting batch, Exception : Expected condition failed: waiting for visibility of Proxy element for: DefaultElementLocator &amp;apos;By.xpath: //i[contains(@class,&amp;apos;close icon&amp;apos;)]&amp;apos; (tried for 60 second(s) with 500 milliseconds interval)">
      <![CDATA[java.lang.AssertionError: Failed on navigating to Workspace and selecting batch, Exception : Expected condition failed: waiting for visibility of Proxy element for: DefaultElementLocator 'By.xpath: //i[contains(@class,'close icon')]' (tried for 60 second(s) with 500 milliseconds interval)
	at org.pageobjects.BatchUserPageObj.navigateToWorkspaceAndSelectBatches(BatchUserPageObj.java:544)
	at org.testscript.TC_305.TC_305_rootOrg(TC_305.java:18)
... Removed 26 stack frames]]>
    </failure>
  </testcase> <!-- TC_305_rootOrg -->
  <testcase classname="org.testscript.TC_306" name="TC_306_rootOrg" time="84.265">
    <failure type="java.lang.AssertionError" message="Failed on navigating to Workspace and selecting batch, Exception : Expected condition failed: waiting for visibility of Proxy element for: DefaultElementLocator &amp;apos;By.xpath: //i[contains(@class,&amp;apos;close icon&amp;apos;)]&amp;apos; (tried for 60 second(s) with 500 milliseconds interval)">
      <![CDATA[java.lang.AssertionError: Failed on navigating to Workspace and selecting batch, Exception : Expected condition failed: waiting for visibility of Proxy element for: DefaultElementLocator 'By.xpath: //i[contains(@class,'close icon')]' (tried for 60 second(s) with 500 milliseconds interval)
	at org.pageobjects.BatchUserPageObj.navigateToWorkspaceAndSelectBatches(BatchUserPageObj.java:544)
	at org.testscript.TC_306.TC_306_rootOrg(TC_306.java:18)
... Removed 26 stack frames]]>
    </failure>
  </testcase> <!-- TC_306_rootOrg -->
  <testcase classname="org.testscript.TC_308" name="TC_308_rootOrg" time="90.303">
    <failure type="java.lang.AssertionError" message="Failed to create invite only batch, ExceptionExpected condition failed: waiting for visibility of Proxy element for: DefaultElementLocator &amp;apos;By.xpath: (//div[contains(@class,&amp;apos;medium ellipsis mt-3&amp;apos;)])[1]&amp;apos; (tried for 60 second(s) with 500 milliseconds interval)">
      <![CDATA[java.lang.AssertionError: Failed to create invite only batch, ExceptionExpected condition failed: waiting for visibility of Proxy element for: DefaultElementLocator 'By.xpath: (//div[contains(@class,'medium ellipsis mt-3')])[1]' (tried for 60 second(s) with 500 milliseconds interval)
	at org.pageobjects.BatchUserPageObj.createInviteBatch(BatchUserPageObj.java:386)
	at org.testscript.TC_308.TC_308_rootOrg(TC_308.java:18)
... Removed 26 stack frames]]>
    </failure>
  </testcase> <!-- TC_308_rootOrg -->
  <testcase classname="org.testscript.TC_310" name="TC_310_rootOrg" time="85.472">
    <failure type="java.lang.AssertionError" message="Failed on navigating to Workspace and selecting batch, Exception : Expected condition failed: waiting for visibility of Proxy element for: DefaultElementLocator &amp;apos;By.xpath: //i[contains(@class,&amp;apos;close icon&amp;apos;)]&amp;apos; (tried for 60 second(s) with 500 milliseconds interval)">
      <![CDATA[java.lang.AssertionError: Failed on navigating to Workspace and selecting batch, Exception : Expected condition failed: waiting for visibility of Proxy element for: DefaultElementLocator 'By.xpath: //i[contains(@class,'close icon')]' (tried for 60 second(s) with 500 milliseconds interval)
	at org.pageobjects.BatchUserPageObj.navigateToWorkspaceAndSelectBatches(BatchUserPageObj.java:544)
	at org.testscript.TC_310.TC_310_rootOrg(TC_310.java:18)
... Removed 26 stack frames]]>
    </failure>
  </testcase> <!-- TC_310_rootOrg -->
  <testcase classname="org.testscript.TC_318" name="TC_318_announcement_feature" time="85.012">
    <failure type="java.lang.AssertionError" message="Failed on navigating to announcement dashboard in drop down menu, Exception : Expected condition failed: waiting for visibility of Proxy element for: DefaultElementLocator &amp;apos;By.xpath: //i[contains(@class,&amp;apos;close icon&amp;apos;)]&amp;apos; (tried for 60 second(s) with 500 milliseconds interval)">
      <![CDATA[java.lang.AssertionError: Failed on navigating to announcement dashboard in drop down menu, Exception : Expected condition failed: waiting for visibility of Proxy element for: DefaultElementLocator 'By.xpath: //i[contains(@class,'close icon')]' (tried for 60 second(s) with 500 milliseconds interval)
	at org.pageobjects.AnnouncementPageObj.navigateToAnnouncementInDropDownMenu(AnnouncementPageObj.java:52)
	at org.testscript.TC_318.TC_318_announcement_feature(TC_318.java:22)
... Removed 26 stack frames]]>
    </failure>
  </testcase> <!-- TC_318_announcement_feature -->
  <testcase classname="org.testscript.TC_339" name="TC_339_announcement_feature" time="84.627">
    <failure type="java.lang.AssertionError" message="Failed on navigating to announcement dashboard in drop down menu, Exception : Expected condition failed: waiting for visibility of Proxy element for: DefaultElementLocator &amp;apos;By.xpath: //i[contains(@class,&amp;apos;close icon&amp;apos;)]&amp;apos; (tried for 60 second(s) with 500 milliseconds interval)">
      <![CDATA[java.lang.AssertionError: Failed on navigating to announcement dashboard in drop down menu, Exception : Expected condition failed: waiting for visibility of Proxy element for: DefaultElementLocator 'By.xpath: //i[contains(@class,'close icon')]' (tried for 60 second(s) with 500 milliseconds interval)
	at org.pageobjects.AnnouncementPageObj.navigateToAnnouncementInDropDownMenu(AnnouncementPageObj.java:52)
	at org.testscript.TC_339.TC_339_announcement_feature(TC_339.java:19)
... Removed 26 stack frames]]>
    </failure>
  </testcase> <!-- TC_339_announcement_feature -->
  <testcase classname="org.testscript.TC_337" name="TC_337_announcement_feature" time="84.546">
    <failure type="java.lang.AssertionError" message="Failed on navigating to announcement dashboard in drop down menu, Exception : Expected condition failed: waiting for visibility of Proxy element for: DefaultElementLocator &amp;apos;By.xpath: //i[contains(@class,&amp;apos;close icon&amp;apos;)]&amp;apos; (tried for 60 second(s) with 500 milliseconds interval)">
      <![CDATA[java.lang.AssertionError: Failed on navigating to announcement dashboard in drop down menu, Exception : Expected condition failed: waiting for visibility of Proxy element for: DefaultElementLocator 'By.xpath: //i[contains(@class,'close icon')]' (tried for 60 second(s) with 500 milliseconds interval)
	at org.pageobjects.AnnouncementPageObj.navigateToAnnouncementInDropDownMenu(AnnouncementPageObj.java:52)
	at org.testscript.TC_337.TC_337_announcement_feature(TC_337.java:19)
... Removed 26 stack frames]]>
    </failure>
  </testcase> <!-- TC_337_announcement_feature -->
  <testcase classname="org.testscript.TC_338" name="TC_338_announcement_feature" time="83.565">
    <failure type="java.lang.AssertionError" message="Failed on navigating to announcement dashboard in drop down menu, Exception : Expected condition failed: waiting for visibility of Proxy element for: DefaultElementLocator &amp;apos;By.xpath: //i[contains(@class,&amp;apos;close icon&amp;apos;)]&amp;apos; (tried for 60 second(s) with 500 milliseconds interval)">
      <![CDATA[java.lang.AssertionError: Failed on navigating to announcement dashboard in drop down menu, Exception : Expected condition failed: waiting for visibility of Proxy element for: DefaultElementLocator 'By.xpath: //i[contains(@class,'close icon')]' (tried for 60 second(s) with 500 milliseconds interval)
	at org.pageobjects.AnnouncementPageObj.navigateToAnnouncementInDropDownMenu(AnnouncementPageObj.java:52)
	at org.testscript.TC_338.TC_338_announcement_feature(TC_338.java:19)
... Removed 26 stack frames]]>
    </failure>
  </testcase> <!-- TC_338_announcement_feature -->
  <testcase classname="org.testscript.TC_340" name="TC_340_announcement_feature" time="83.453">
    <failure type="java.lang.AssertionError" message="Failed on navigating to announcement dashboard in drop down menu, Exception : Expected condition failed: waiting for visibility of Proxy element for: DefaultElementLocator &amp;apos;By.xpath: //i[contains(@class,&amp;apos;close icon&amp;apos;)]&amp;apos; (tried for 60 second(s) with 500 milliseconds interval)">
      <![CDATA[java.lang.AssertionError: Failed on navigating to announcement dashboard in drop down menu, Exception : Expected condition failed: waiting for visibility of Proxy element for: DefaultElementLocator 'By.xpath: //i[contains(@class,'close icon')]' (tried for 60 second(s) with 500 milliseconds interval)
	at org.pageobjects.AnnouncementPageObj.navigateToAnnouncementInDropDownMenu(AnnouncementPageObj.java:52)
	at org.testscript.TC_340.TC_340_announcement_feature(TC_340.java:19)
... Removed 26 stack frames]]>
    </failure>
  </testcase> <!-- TC_340_announcement_feature -->
  <testcase classname="org.testscript.TC_341" name="TC_341_announcement_feature" time="84.394">
    <failure type="java.lang.AssertionError" message="Failed on navigating to announcement dashboard in drop down menu, Exception : Expected condition failed: waiting for visibility of Proxy element for: DefaultElementLocator &amp;apos;By.xpath: //i[contains(@class,&amp;apos;close icon&amp;apos;)]&amp;apos; (tried for 60 second(s) with 500 milliseconds interval)">
      <![CDATA[java.lang.AssertionError: Failed on navigating to announcement dashboard in drop down menu, Exception : Expected condition failed: waiting for visibility of Proxy element for: DefaultElementLocator 'By.xpath: //i[contains(@class,'close icon')]' (tried for 60 second(s) with 500 milliseconds interval)
	at org.pageobjects.AnnouncementPageObj.navigateToAnnouncementInDropDownMenu(AnnouncementPageObj.java:52)
	at org.testscript.TC_341.TC_341_announcement_feature(TC_341.java:19)
... Removed 26 stack frames]]>
    </failure>
  </testcase> <!-- TC_341_announcement_feature -->
  <testcase classname="org.testscript.RejectTheContent" name="rejectTheContent" time="30.628">
    <failure type="java.lang.AssertionError" message="expected [CourseAT120] but found [CourseA Description]">
      <![CDATA[java.lang.AssertionError: expected [CourseAT120] but found [CourseA Description]
	at org.pageobjects.ContentCreateUploadPageObj.requestChanges(ContentCreateUploadPageObj.java:976)
	at org.testscript.RejectTheContent.rejectTheContent(RejectTheContent.java:21)
... Removed 31 stack frames]]>
    </failure>
  </testcase> <!-- rejectTheContent -->
  <testcase classname="org.testscript.VerifyLimitedSharing" name="verifyLimitedSharing" time="70.573">
    <failure type="java.lang.AssertionError" message="Could not select values from the dropdowns in edit details from, Exceptionunknown error: Element &amp;lt;div class=&amp;quot;ui search dropdown placeholder-padding ng-pristine ng-untouched ng-empty ng-invalid ng-invalid-required selection&amp;quot;&amp;gt;...&amp;lt;/div&amp;gt; is not clickable at point (904, 504). Other element would receive the click: &amp;lt;button id=&amp;quot;closePopUp &amp;quot; class=&amp;quot;ui orange button&amp;quot; ng-class=&amp;quot;{&amp;apos;disabled&amp;apos;:!editMode}&amp;quot; type=&amp;quot;button &amp;quot; ng-click=&amp;quot;cancel()&amp;quot;&amp;gt;...&amp;lt;/button&amp;gt;
  (Session info: chrome=70.0.3538.67)
  (Driver info: chromedriver=2.41.578700 (2f1ed5f9343c13f73144538f15c00b370eda6706),platform=Linux 4.15.0-42-generic x86_64) (WARNING: The server did not provide any stacktrace information)
Command duration or timeout: 0 milliseconds
Build info: version: &amp;apos;3.12.0&amp;apos;, revision: &amp;apos;7c6e0b3&amp;apos;, time: &amp;apos;2018-05-08T14:04:26.12Z&amp;apos;
System info: host: &amp;apos;Qualitrix-LinuxPC&amp;apos;, ip: &amp;apos;127.0.1.1&amp;apos;, os.name: &amp;apos;Linux&amp;apos;, os.arch: &amp;apos;amd64&amp;apos;, os.version: &amp;apos;4.15.0-42-generic&amp;apos;, java.version: &amp;apos;10.0.2&amp;apos;
Driver info: org.openqa.selenium.chrome.ChromeDriver
Capabilities {acceptInsecureCerts: false, acceptSslCerts: false, applicationCacheEnabled: false, browserConnectionEnabled: false, browserName: chrome, chrome: {chromedriverVersion: 2.41.578700 (2f1ed5f9343c13..., userDataDir: /tmp/.org.chromium.Chromium...}, cssSelectorsEnabled: true, databaseEnabled: false, goog:chromeOptions: {debuggerAddress: localhost:36985}, handlesAlerts: true, hasTouchScreen: false, javascriptEnabled: true, locationContextEnabled: true, mobileEmulationEnabled: false, nativeEvents: true, networkConnectionEnabled: false, pageLoadStrategy: normal, platform: LINUX, platformName: LINUX, rotatable: false, setWindowRect: true, takesHeapSnapshot: true, takesScreenshot: true, unexpectedAlertBehaviour: , unhandledPromptBehavior: , version: 70.0.3538.67, webStorageEnabled: true}
Session ID: 6b81cd1399bc0c610c20f4f2a9b8efe7">
      <![CDATA[java.lang.AssertionError: Could not select values from the dropdowns in edit details from, Exceptionunknown error: Element <div class="ui search dropdown placeholder-padding ng-pristine ng-untouched ng-empty ng-invalid ng-invalid-required selection">...</div> is not clickable at point (904, 504). Other element would receive the click: <button id="closePopUp " class="ui orange button" ng-class="{'disabled':!editMode}" type="button " ng-click="cancel()">...</button>
  (Session info: chrome=70.0.3538.67)
  (Driver info: chromedriver=2.41.578700 (2f1ed5f9343c13f73144538f15c00b370eda6706),platform=Linux 4.15.0-42-generic x86_64) (WARNING: The server did not provide any stacktrace information)
Command duration or timeout: 0 milliseconds
Build info: version: '3.12.0', revision: '7c6e0b3', time: '2018-05-08T14:04:26.12Z'
System info: host: 'Qualitrix-LinuxPC', ip: '127.0.1.1', os.name: 'Linux', os.arch: 'amd64', os.version: '4.15.0-42-generic', java.version: '10.0.2'
Driver info: org.openqa.selenium.chrome.ChromeDriver
Capabilities {acceptInsecureCerts: false, acceptSslCerts: false, applicationCacheEnabled: false, browserConnectionEnabled: false, browserName: chrome, chrome: {chromedriverVersion: 2.41.578700 (2f1ed5f9343c13..., userDataDir: /tmp/.org.chromium.Chromium...}, cssSelectorsEnabled: true, databaseEnabled: false, goog:chromeOptions: {debuggerAddress: localhost:36985}, handlesAlerts: true, hasTouchScreen: false, javascriptEnabled: true, locationContextEnabled: true, mobileEmulationEnabled: false, nativeEvents: true, networkConnectionEnabled: false, pageLoadStrategy: normal, platform: LINUX, platformName: LINUX, rotatable: false, setWindowRect: true, takesHeapSnapshot: true, takesScreenshot: true, unexpectedAlertBehaviour: , unhandledPromptBehavior: , version: 70.0.3538.67, webStorageEnabled: true}
Session ID: 6b81cd1399bc0c610c20f4f2a9b8efe7
	at org.pageobjects.ContentCreateUploadPageObj.selectValuesFromDropdowns(ContentCreateUploadPageObj.java:490)
	at org.testscript.VerifyLimitedSharing.verifyLimitedSharing(VerifyLimitedSharing.java:37)
... Removed 26 stack frames]]>
    </failure>
  </testcase> <!-- verifyLimitedSharing -->
  <testcase classname="org.testscript.regression.VerifyUploadAndDownloadContent" name="verifyUploadAndDownloadContent" time="65.485"/>
  <testcase classname="org.testscript.PublishTheContent" name="publishTheContent" time="53.064">
    <failure type="java.lang.AssertionError" message="The upload content is not displaying in the review submision page, Exceptionno such element: Unable to locate element: {&amp;quot;method&amp;quot;:&amp;quot;xpath&amp;quot;,&amp;quot;selector&amp;quot;:&amp;quot;//div[2]/app-upforreview-contentplayer//div/button[1]&amp;quot;}
  (Session info: chrome=70.0.3538.67)
  (Driver info: chromedriver=2.41.578700 (2f1ed5f9343c13f73144538f15c00b370eda6706),platform=Linux 4.15.0-42-generic x86_64) (WARNING: The server did not provide any stacktrace information)
Command duration or timeout: 0 milliseconds
For documentation on this error, please visit: http://seleniumhq.org/exceptions/no_such_element.html
Build info: version: &amp;apos;3.12.0&amp;apos;, revision: &amp;apos;7c6e0b3&amp;apos;, time: &amp;apos;2018-05-08T14:04:26.12Z&amp;apos;
System info: host: &amp;apos;Qualitrix-LinuxPC&amp;apos;, ip: &amp;apos;127.0.1.1&amp;apos;, os.name: &amp;apos;Linux&amp;apos;, os.arch: &amp;apos;amd64&amp;apos;, os.version: &amp;apos;4.15.0-42-generic&amp;apos;, java.version: &amp;apos;10.0.2&amp;apos;
Driver info: org.openqa.selenium.chrome.ChromeDriver
Capabilities {acceptInsecureCerts: false, acceptSslCerts: false, applicationCacheEnabled: false, browserConnectionEnabled: false, browserName: chrome, chrome: {chromedriverVersion: 2.41.578700 (2f1ed5f9343c13..., userDataDir: /tmp/.org.chromium.Chromium...}, cssSelectorsEnabled: true, databaseEnabled: false, goog:chromeOptions: {debuggerAddress: localhost:37449}, handlesAlerts: true, hasTouchScreen: false, javascriptEnabled: true, locationContextEnabled: true, mobileEmulationEnabled: false, nativeEvents: true, networkConnectionEnabled: false, pageLoadStrategy: normal, platform: LINUX, platformName: LINUX, rotatable: false, setWindowRect: true, takesHeapSnapshot: true, takesScreenshot: true, unexpectedAlertBehaviour: , unhandledPromptBehavior: , version: 70.0.3538.67, webStorageEnabled: true}
Session ID: 2744fe0ad076f9e03b0bf1c43e51c3ae
*** Element info: {Using=xpath, value=//div[2]/app-upforreview-contentplayer//div/button[1]}">
      <![CDATA[java.lang.AssertionError: The upload content is not displaying in the review submision page, Exceptionno such element: Unable to locate element: {"method":"xpath","selector":"//div[2]/app-upforreview-contentplayer//div/button[1]"}
  (Session info: chrome=70.0.3538.67)
  (Driver info: chromedriver=2.41.578700 (2f1ed5f9343c13f73144538f15c00b370eda6706),platform=Linux 4.15.0-42-generic x86_64) (WARNING: The server did not provide any stacktrace information)
Command duration or timeout: 0 milliseconds
For documentation on this error, please visit: http://seleniumhq.org/exceptions/no_such_element.html
Build info: version: '3.12.0', revision: '7c6e0b3', time: '2018-05-08T14:04:26.12Z'
System info: host: 'Qualitrix-LinuxPC', ip: '127.0.1.1', os.name: 'Linux', os.arch: 'amd64', os.version: '4.15.0-42-generic', java.version: '10.0.2'
Driver info: org.openqa.selenium.chrome.ChromeDriver
Capabilities {acceptInsecureCerts: false, acceptSslCerts: false, applicationCacheEnabled: false, browserConnectionEnabled: false, browserName: chrome, chrome: {chromedriverVersion: 2.41.578700 (2f1ed5f9343c13..., userDataDir: /tmp/.org.chromium.Chromium...}, cssSelectorsEnabled: true, databaseEnabled: false, goog:chromeOptions: {debuggerAddress: localhost:37449}, handlesAlerts: true, hasTouchScreen: false, javascriptEnabled: true, locationContextEnabled: true, mobileEmulationEnabled: false, nativeEvents: true, networkConnectionEnabled: false, pageLoadStrategy: normal, platform: LINUX, platformName: LINUX, rotatable: false, setWindowRect: true, takesHeapSnapshot: true, takesScreenshot: true, unexpectedAlertBehaviour: , unhandledPromptBehavior: , version: 70.0.3538.67, webStorageEnabled: true}
Session ID: 2744fe0ad076f9e03b0bf1c43e51c3ae
*** Element info: {Using=xpath, value=//div[2]/app-upforreview-contentplayer//div/button[1]}
	at org.pageobjects.ContentCreateUploadPageObj.navigateToUpForReviewN(ContentCreateUploadPageObj.java:907)
	at org.testscript.PublishTheContent.publishTheContent(PublishTheContent.java:20)
... Removed 26 stack frames]]>
    </failure>
  </testcase> <!-- publishTheContent -->
  <testcase classname="org.testscript.regression.SavedContentUnderAllUploads" name="savedContentUnderAllUploads" time="66.165">
    <failure type="java.lang.AssertionError" message="The upload content is not in all uploads after saving, Exceptionno such element: Unable to locate element: {&amp;quot;method&amp;quot;:&amp;quot;xpath&amp;quot;,&amp;quot;selector&amp;quot;:&amp;quot;//div[@class=&amp;apos;cardImageText center aligned &amp;apos;]/span&amp;quot;}
  (Session info: chrome=70.0.3538.67)
  (Driver info: chromedriver=2.41.578700 (2f1ed5f9343c13f73144538f15c00b370eda6706),platform=Linux 4.15.0-42-generic x86_64) (WARNING: The server did not provide any stacktrace information)
Command duration or timeout: 0 milliseconds
For documentation on this error, please visit: http://seleniumhq.org/exceptions/no_such_element.html
Build info: version: &amp;apos;3.12.0&amp;apos;, revision: &amp;apos;7c6e0b3&amp;apos;, time: &amp;apos;2018-05-08T14:04:26.12Z&amp;apos;
System info: host: &amp;apos;Qualitrix-LinuxPC&amp;apos;, ip: &amp;apos;127.0.1.1&amp;apos;, os.name: &amp;apos;Linux&amp;apos;, os.arch: &amp;apos;amd64&amp;apos;, os.version: &amp;apos;4.15.0-42-generic&amp;apos;, java.version: &amp;apos;10.0.2&amp;apos;
Driver info: org.openqa.selenium.chrome.ChromeDriver
Capabilities {acceptInsecureCerts: false, acceptSslCerts: false, applicationCacheEnabled: false, browserConnectionEnabled: false, browserName: chrome, chrome: {chromedriverVersion: 2.41.578700 (2f1ed5f9343c13..., userDataDir: /tmp/.org.chromium.Chromium...}, cssSelectorsEnabled: true, databaseEnabled: false, goog:chromeOptions: {debuggerAddress: localhost:35379}, handlesAlerts: true, hasTouchScreen: false, javascriptEnabled: true, locationContextEnabled: true, mobileEmulationEnabled: false, nativeEvents: true, networkConnectionEnabled: false, pageLoadStrategy: normal, platform: LINUX, platformName: LINUX, rotatable: false, setWindowRect: true, takesHeapSnapshot: true, takesScreenshot: true, unexpectedAlertBehaviour: , unhandledPromptBehavior: , version: 70.0.3538.67, webStorageEnabled: true}
Session ID: b025c986bf82b7194d94499802bfdcdf
*** Element info: {Using=xpath, value=//div[@class=&amp;apos;cardImageText center aligned &amp;apos;]/span}">
      <![CDATA[java.lang.AssertionError: The upload content is not in all uploads after saving, Exceptionno such element: Unable to locate element: {"method":"xpath","selector":"//div[@class='cardImageText center aligned ']/span"}
  (Session info: chrome=70.0.3538.67)
  (Driver info: chromedriver=2.41.578700 (2f1ed5f9343c13f73144538f15c00b370eda6706),platform=Linux 4.15.0-42-generic x86_64) (WARNING: The server did not provide any stacktrace information)
Command duration or timeout: 0 milliseconds
For documentation on this error, please visit: http://seleniumhq.org/exceptions/no_such_element.html
Build info: version: '3.12.0', revision: '7c6e0b3', time: '2018-05-08T14:04:26.12Z'
System info: host: 'Qualitrix-LinuxPC', ip: '127.0.1.1', os.name: 'Linux', os.arch: 'amd64', os.version: '4.15.0-42-generic', java.version: '10.0.2'
Driver info: org.openqa.selenium.chrome.ChromeDriver
Capabilities {acceptInsecureCerts: false, acceptSslCerts: false, applicationCacheEnabled: false, browserConnectionEnabled: false, browserName: chrome, chrome: {chromedriverVersion: 2.41.578700 (2f1ed5f9343c13..., userDataDir: /tmp/.org.chromium.Chromium...}, cssSelectorsEnabled: true, databaseEnabled: false, goog:chromeOptions: {debuggerAddress: localhost:35379}, handlesAlerts: true, hasTouchScreen: false, javascriptEnabled: true, locationContextEnabled: true, mobileEmulationEnabled: false, nativeEvents: true, networkConnectionEnabled: false, pageLoadStrategy: normal, platform: LINUX, platformName: LINUX, rotatable: false, setWindowRect: true, takesHeapSnapshot: true, takesScreenshot: true, unexpectedAlertBehaviour: , unhandledPromptBehavior: , version: 70.0.3538.67, webStorageEnabled: true}
Session ID: b025c986bf82b7194d94499802bfdcdf
*** Element info: {Using=xpath, value=//div[@class='cardImageText center aligned ']/span}
	at org.pageobjects.ContentCreateUploadPageObj.allUploadsContent(ContentCreateUploadPageObj.java:664)
	at org.testscript.regression.SavedContentUnderAllUploads.savedContentUnderAllUploads(SavedContentUnderAllUploads.java:38)
... Removed 26 stack frames]]>
    </failure>
  </testcase> <!-- savedContentUnderAllUploads -->
  <testcase classname="org.testscript.VerifyThatTopicsAreDisplayedOnMetaDataForm" name="verifyThatTopicsAreDisplayedOnMetaDataForm" time="45.994">
    <failure type="java.lang.AssertionError" message="expected [Topic
Topics
Selected Topics] but found [Topic]">
      <![CDATA[java.lang.AssertionError: expected [Topic
Topics
Selected Topics] but found [Topic]
	at org.pageobjects.TopicTreePageObject.createBook_verifyTopicTreePopup(TopicTreePageObject.java:107)
	at org.testscript.VerifyThatTopicsAreDisplayedOnMetaDataForm.verifyThatTopicsAreDisplayedOnMetaDataForm(VerifyThatTopicsAreDisplayedOnMetaDataForm.java:41)
... Removed 31 stack frames]]>
    </failure>
  </testcase> <!-- verifyThatTopicsAreDisplayedOnMetaDataForm -->
  <testcase classname="org.testscript.VerifyThatTopicsAreSelectedOnMetaDataPage" name="verifyThatTopicsAreSelectedOnMetaDataPage" time="85.119">
    <failure type="java.lang.AssertionError" message="expected [Choose All] but found [ Choose All]">
      <![CDATA[java.lang.AssertionError: expected [Choose All] but found [ Choose All]
	at org.pageobjects.TopicTreePageObject.searchForTopic(TopicTreePageObject.java:310)
	at org.testscript.VerifyThatTopicsAreSelectedOnMetaDataPage.verifyThatTopicsAreSelectedOnMetaDataPage(VerifyThatTopicsAreSelectedOnMetaDataPage.java:46)
... Removed 31 stack frames]]>
    </failure>
  </testcase> <!-- verifyThatTopicsAreSelectedOnMetaDataPage -->
  <testcase classname="org.testscript.CopyContentFromLibraryAndVerify" name="verifyCopyContent_Library" time="122.357">
    <failure type="java.lang.AssertionError" message="Failed to copy content and validate itExpected condition failed: waiting for visibility of Proxy element for: DefaultElementLocator &amp;apos;By.xpath: //label[@class=&amp;apos;content-title popup-item ng-binding ng-scope&amp;apos;]&amp;apos; (tried for 60 second(s) with 500 milliseconds interval)">
      <![CDATA[java.lang.AssertionError: Failed to copy content and validate itExpected condition failed: waiting for visibility of Proxy element for: DefaultElementLocator 'By.xpath: //label[@class='content-title popup-item ng-binding ng-scope']' (tried for 60 second(s) with 500 milliseconds interval)
	at org.pageobjects.ContentCreationResourcePageObj.copyContentAndValidate(ContentCreationResourcePageObj.java:448)
	at org.testscript.CopyContentFromLibraryAndVerify.verifyCopyContent_Library(CopyContentFromLibraryAndVerify.java:27)
... Removed 26 stack frames]]>
    </failure>
  </testcase> <!-- verifyCopyContent_Library -->
  <testcase classname="org.testscript.VerifyTheUploadedContent" name="verifyTheUploadedContent" time="148.316">
    <failure type="java.lang.AssertionError" message="Failed on logging out, Exception : Expected condition failed: waiting for visibility of Proxy element for: DefaultElementLocator &amp;apos;By.xpath: (//*[@id=&amp;apos;dropdown-menu-list-header&amp;apos;])[2]&amp;apos; (tried for 60 second(s) with 500 milliseconds interval)">
      <![CDATA[java.lang.AssertionError: Failed on logging out, Exception : Expected condition failed: waiting for visibility of Proxy element for: DefaultElementLocator 'By.xpath: (//*[@id='dropdown-menu-list-header'])[2]' (tried for 60 second(s) with 500 milliseconds interval)
	at org.pageobjects.SignUpPageObj.userLogout(SignUpPageObj.java:196)
	at org.testscript.VerifyTheUploadedContent.verifyTheUploadedContent(VerifyTheUploadedContent.java:41)
... Removed 26 stack frames]]>
    </failure>
  </testcase> <!-- verifyTheUploadedContent -->
  <testcase classname="org.testscript.VerifySaveContentInAllUploads" name="verifySaveContentInAllUploads" time="67.284">
    <failure type="java.lang.AssertionError" message="The upload content is not in all uploads after saving, Exceptionno such element: Unable to locate element: {&amp;quot;method&amp;quot;:&amp;quot;xpath&amp;quot;,&amp;quot;selector&amp;quot;:&amp;quot;//div[@class=&amp;apos;cardImageText center aligned &amp;apos;]/span&amp;quot;}
  (Session info: chrome=70.0.3538.67)
  (Driver info: chromedriver=2.41.578700 (2f1ed5f9343c13f73144538f15c00b370eda6706),platform=Linux 4.15.0-42-generic x86_64) (WARNING: The server did not provide any stacktrace information)
Command duration or timeout: 0 milliseconds
For documentation on this error, please visit: http://seleniumhq.org/exceptions/no_such_element.html
Build info: version: &amp;apos;3.12.0&amp;apos;, revision: &amp;apos;7c6e0b3&amp;apos;, time: &amp;apos;2018-05-08T14:04:26.12Z&amp;apos;
System info: host: &amp;apos;Qualitrix-LinuxPC&amp;apos;, ip: &amp;apos;127.0.1.1&amp;apos;, os.name: &amp;apos;Linux&amp;apos;, os.arch: &amp;apos;amd64&amp;apos;, os.version: &amp;apos;4.15.0-42-generic&amp;apos;, java.version: &amp;apos;10.0.2&amp;apos;
Driver info: org.openqa.selenium.chrome.ChromeDriver
Capabilities {acceptInsecureCerts: false, acceptSslCerts: false, applicationCacheEnabled: false, browserConnectionEnabled: false, browserName: chrome, chrome: {chromedriverVersion: 2.41.578700 (2f1ed5f9343c13..., userDataDir: /tmp/.org.chromium.Chromium...}, cssSelectorsEnabled: true, databaseEnabled: false, goog:chromeOptions: {debuggerAddress: localhost:45729}, handlesAlerts: true, hasTouchScreen: false, javascriptEnabled: true, locationContextEnabled: true, mobileEmulationEnabled: false, nativeEvents: true, networkConnectionEnabled: false, pageLoadStrategy: normal, platform: LINUX, platformName: LINUX, rotatable: false, setWindowRect: true, takesHeapSnapshot: true, takesScreenshot: true, unexpectedAlertBehaviour: , unhandledPromptBehavior: , version: 70.0.3538.67, webStorageEnabled: true}
Session ID: 830717bb0f819d0484fe17bb93965913
*** Element info: {Using=xpath, value=//div[@class=&amp;apos;cardImageText center aligned &amp;apos;]/span}">
      <![CDATA[java.lang.AssertionError: The upload content is not in all uploads after saving, Exceptionno such element: Unable to locate element: {"method":"xpath","selector":"//div[@class='cardImageText center aligned ']/span"}
  (Session info: chrome=70.0.3538.67)
  (Driver info: chromedriver=2.41.578700 (2f1ed5f9343c13f73144538f15c00b370eda6706),platform=Linux 4.15.0-42-generic x86_64) (WARNING: The server did not provide any stacktrace information)
Command duration or timeout: 0 milliseconds
For documentation on this error, please visit: http://seleniumhq.org/exceptions/no_such_element.html
Build info: version: '3.12.0', revision: '7c6e0b3', time: '2018-05-08T14:04:26.12Z'
System info: host: 'Qualitrix-LinuxPC', ip: '127.0.1.1', os.name: 'Linux', os.arch: 'amd64', os.version: '4.15.0-42-generic', java.version: '10.0.2'
Driver info: org.openqa.selenium.chrome.ChromeDriver
Capabilities {acceptInsecureCerts: false, acceptSslCerts: false, applicationCacheEnabled: false, browserConnectionEnabled: false, browserName: chrome, chrome: {chromedriverVersion: 2.41.578700 (2f1ed5f9343c13..., userDataDir: /tmp/.org.chromium.Chromium...}, cssSelectorsEnabled: true, databaseEnabled: false, goog:chromeOptions: {debuggerAddress: localhost:45729}, handlesAlerts: true, hasTouchScreen: false, javascriptEnabled: true, locationContextEnabled: true, mobileEmulationEnabled: false, nativeEvents: true, networkConnectionEnabled: false, pageLoadStrategy: normal, platform: LINUX, platformName: LINUX, rotatable: false, setWindowRect: true, takesHeapSnapshot: true, takesScreenshot: true, unexpectedAlertBehaviour: , unhandledPromptBehavior: , version: 70.0.3538.67, webStorageEnabled: true}
Session ID: 830717bb0f819d0484fe17bb93965913
*** Element info: {Using=xpath, value=//div[@class='cardImageText center aligned ']/span}
	at org.pageobjects.ContentCreateUploadPageObj.allUploadsContent(ContentCreateUploadPageObj.java:664)
	at org.testscript.VerifySaveContentInAllUploads.verifySaveContentInAllUploads(VerifySaveContentInAllUploads.java:37)
... Removed 26 stack frames]]>
    </failure>
  </testcase> <!-- verifySaveContentInAllUploads -->
  <testcase classname="org.testscript.VerifyContentInUpForReview" name="verifyContentInUpForReview" time="65.827">
    <failure type="java.lang.AssertionError" message="expected [BookAB0085] but found [CourseA Description]">
      <![CDATA[java.lang.AssertionError: expected [BookAB0085] but found [CourseA Description]
	at org.pageobjects.ContentCreateUploadPageObj.reviewSubmissionPage(ContentCreateUploadPageObj.java:684)
	at org.testscript.VerifyContentInUpForReview.verifyContentInUpForReview(VerifyContentInUpForReview.java:36)
... Removed 31 stack frames]]>
    </failure>
  </testcase> <!-- verifyContentInUpForReview -->
  <testcase classname="org.testscript.SearchContentWithFiltersAsReviewer" name="searchContentWithFiltersAsReviewer" time="88.66">
    <failure type="java.lang.AssertionError" message="Failed on creating the lesson plan">
      <![CDATA[java.lang.AssertionError: Failed on creating the lesson plan
	at org.pageobjects.CreatorUserPageObj.createLessonPlan(CreatorUserPageObj.java:521)
	at org.testscript.SearchContentWithFiltersAsReviewer.searchContentWithFiltersAsReviewer(SearchContentWithFiltersAsReviewer.java:25)
... Removed 26 stack frames]]>
    </failure>
  </testcase> <!-- searchContentWithFiltersAsReviewer -->
  <testcase classname="org.testscript.UploadContentSaveAndSendForReview" name="uploadContentSaveAndSendForReview" time="63.981">
    <failure type="java.lang.AssertionError" message="Failed on saving and sending course for review, Exceptionelement not visible
  (Session info: chrome=70.0.3538.67)
  (Driver info: chromedriver=2.41.578700 (2f1ed5f9343c13f73144538f15c00b370eda6706),platform=Linux 4.15.0-42-generic x86_64) (WARNING: The server did not provide any stacktrace information)
Command duration or timeout: 0 milliseconds
Build info: version: &amp;apos;3.12.0&amp;apos;, revision: &amp;apos;7c6e0b3&amp;apos;, time: &amp;apos;2018-05-08T14:04:26.12Z&amp;apos;
System info: host: &amp;apos;Qualitrix-LinuxPC&amp;apos;, ip: &amp;apos;127.0.1.1&amp;apos;, os.name: &amp;apos;Linux&amp;apos;, os.arch: &amp;apos;amd64&amp;apos;, os.version: &amp;apos;4.15.0-42-generic&amp;apos;, java.version: &amp;apos;10.0.2&amp;apos;
Driver info: org.openqa.selenium.chrome.ChromeDriver
Capabilities {acceptInsecureCerts: false, acceptSslCerts: false, applicationCacheEnabled: false, browserConnectionEnabled: false, browserName: chrome, chrome: {chromedriverVersion: 2.41.578700 (2f1ed5f9343c13..., userDataDir: /tmp/.org.chromium.Chromium...}, cssSelectorsEnabled: true, databaseEnabled: false, goog:chromeOptions: {debuggerAddress: localhost:40891}, handlesAlerts: true, hasTouchScreen: false, javascriptEnabled: true, locationContextEnabled: true, mobileEmulationEnabled: false, nativeEvents: true, networkConnectionEnabled: false, pageLoadStrategy: normal, platform: LINUX, platformName: LINUX, rotatable: false, setWindowRect: true, takesHeapSnapshot: true, takesScreenshot: true, unexpectedAlertBehaviour: , unhandledPromptBehavior: , version: 70.0.3538.67, webStorageEnabled: true}
Session ID: 43066deb69ca188006b6e8823031b13c">
      <![CDATA[java.lang.AssertionError: Failed on saving and sending course for review, Exceptionelement not visible
  (Session info: chrome=70.0.3538.67)
  (Driver info: chromedriver=2.41.578700 (2f1ed5f9343c13f73144538f15c00b370eda6706),platform=Linux 4.15.0-42-generic x86_64) (WARNING: The server did not provide any stacktrace information)
Command duration or timeout: 0 milliseconds
Build info: version: '3.12.0', revision: '7c6e0b3', time: '2018-05-08T14:04:26.12Z'
System info: host: 'Qualitrix-LinuxPC', ip: '127.0.1.1', os.name: 'Linux', os.arch: 'amd64', os.version: '4.15.0-42-generic', java.version: '10.0.2'
Driver info: org.openqa.selenium.chrome.ChromeDriver
Capabilities {acceptInsecureCerts: false, acceptSslCerts: false, applicationCacheEnabled: false, browserConnectionEnabled: false, browserName: chrome, chrome: {chromedriverVersion: 2.41.578700 (2f1ed5f9343c13..., userDataDir: /tmp/.org.chromium.Chromium...}, cssSelectorsEnabled: true, databaseEnabled: false, goog:chromeOptions: {debuggerAddress: localhost:40891}, handlesAlerts: true, hasTouchScreen: false, javascriptEnabled: true, locationContextEnabled: true, mobileEmulationEnabled: false, nativeEvents: true, networkConnectionEnabled: false, pageLoadStrategy: normal, platform: LINUX, platformName: LINUX, rotatable: false, setWindowRect: true, takesHeapSnapshot: true, takesScreenshot: true, unexpectedAlertBehaviour: , unhandledPromptBehavior: , version: 70.0.3538.67, webStorageEnabled: true}
Session ID: 43066deb69ca188006b6e8823031b13c
	at org.pageobjects.ContentCreateUploadPageObj.saveAndSendUploadContentForReview(ContentCreateUploadPageObj.java:309)
	at org.testscript.UploadContentSaveAndSendForReview.uploadContentSaveAndSendForReview(UploadContentSaveAndSendForReview.java:39)
... Removed 26 stack frames]]>
    </failure>
  </testcase> <!-- uploadContentSaveAndSendForReview -->
  <testcase classname="org.testscript.VerifyTheSorting" name="verifyTheSorting" time="11.394">
    <failure type="java.lang.AssertionError" message="expected [CourseAT253] but found [CourseA Description]">
      <![CDATA[java.lang.AssertionError: expected [CourseAT253] but found [CourseA Description]
	at org.pageobjects.ContentCreateUploadPageObj.navigateToUpForReview(ContentCreateUploadPageObj.java:721)
	at org.testscript.VerifyTheSorting.verifyTheSorting(VerifyTheSorting.java:31)
... Removed 31 stack frames]]>
    </failure>
  </testcase> <!-- verifyTheSorting -->
  <testcase classname="org.testscript.EditAndVerifyTopicTree" name="editAndVerifyTopicTree" time="122.279">
    <failure type="java.lang.AssertionError" message="Failed on logging out, Exception : Expected condition failed: waiting for visibility of Proxy element for: DefaultElementLocator &amp;apos;By.xpath: (//*[@id=&amp;apos;dropdown-menu-list-header&amp;apos;])[2]&amp;apos; (tried for 60 second(s) with 500 milliseconds interval)">
      <![CDATA[java.lang.AssertionError: Failed on logging out, Exception : Expected condition failed: waiting for visibility of Proxy element for: DefaultElementLocator 'By.xpath: (//*[@id='dropdown-menu-list-header'])[2]' (tried for 60 second(s) with 500 milliseconds interval)
	at org.pageobjects.SignUpPageObj.userLogout(SignUpPageObj.java:196)
	at org.testscript.EditAndVerifyTopicTree.editAndVerifyTopicTree(EditAndVerifyTopicTree.java:40)
... Removed 26 stack frames]]>
    </failure>
  </testcase> <!-- editAndVerifyTopicTree -->
  <testcase classname="org.testscript.VerifycopyContent" name="verifycopyContent" time="13.374">
    <failure type="java.lang.AssertionError" message="expected [Automation Content_CN0040_H5P] but found [ Automation Content_CN0049_WEBM]">
      <![CDATA[java.lang.AssertionError: expected [Automation Content_CN0040_H5P] but found [ Automation Content_CN0049_WEBM]
	at org.pageobjects.ContentCreateUploadPageObj.navigateToLibraryAndSearchContent(ContentCreateUploadPageObj.java:165)
	at org.testscript.VerifycopyContent.verifycopyContent(VerifycopyContent.java:36)
... Removed 31 stack frames]]>
    </failure>
  </testcase> <!-- verifycopyContent -->
  <testcase classname="org.testscript.regression.SortTheResultInUpForReview" name="workspace_upForReviewSortBy" time="9.432">
    <failure type="java.lang.AssertionError" message="The upload content is not sort, Exceptionelement not visible
  (Session info: chrome=70.0.3538.67)
  (Driver info: chromedriver=2.41.578700 (2f1ed5f9343c13f73144538f15c00b370eda6706),platform=Linux 4.15.0-42-generic x86_64) (WARNING: The server did not provide any stacktrace information)
Command duration or timeout: 0 milliseconds
Build info: version: &amp;apos;3.12.0&amp;apos;, revision: &amp;apos;7c6e0b3&amp;apos;, time: &amp;apos;2018-05-08T14:04:26.12Z&amp;apos;
System info: host: &amp;apos;Qualitrix-LinuxPC&amp;apos;, ip: &amp;apos;127.0.1.1&amp;apos;, os.name: &amp;apos;Linux&amp;apos;, os.arch: &amp;apos;amd64&amp;apos;, os.version: &amp;apos;4.15.0-42-generic&amp;apos;, java.version: &amp;apos;10.0.2&amp;apos;
Driver info: org.openqa.selenium.chrome.ChromeDriver
Capabilities {acceptInsecureCerts: false, acceptSslCerts: false, applicationCacheEnabled: false, browserConnectionEnabled: false, browserName: chrome, chrome: {chromedriverVersion: 2.41.578700 (2f1ed5f9343c13..., userDataDir: /tmp/.org.chromium.Chromium...}, cssSelectorsEnabled: true, databaseEnabled: false, goog:chromeOptions: {debuggerAddress: localhost:38513}, handlesAlerts: true, hasTouchScreen: false, javascriptEnabled: true, locationContextEnabled: true, mobileEmulationEnabled: false, nativeEvents: true, networkConnectionEnabled: false, pageLoadStrategy: normal, platform: LINUX, platformName: LINUX, rotatable: false, setWindowRect: true, takesHeapSnapshot: true, takesScreenshot: true, unexpectedAlertBehaviour: , unhandledPromptBehavior: , version: 70.0.3538.67, webStorageEnabled: true}
Session ID: 706887d81574fa80ab3e0cdfc8ee68f3">
      <![CDATA[java.lang.AssertionError: The upload content is not sort, Exceptionelement not visible
  (Session info: chrome=70.0.3538.67)
  (Driver info: chromedriver=2.41.578700 (2f1ed5f9343c13f73144538f15c00b370eda6706),platform=Linux 4.15.0-42-generic x86_64) (WARNING: The server did not provide any stacktrace information)
Command duration or timeout: 0 milliseconds
Build info: version: '3.12.0', revision: '7c6e0b3', time: '2018-05-08T14:04:26.12Z'
System info: host: 'Qualitrix-LinuxPC', ip: '127.0.1.1', os.name: 'Linux', os.arch: 'amd64', os.version: '4.15.0-42-generic', java.version: '10.0.2'
Driver info: org.openqa.selenium.chrome.ChromeDriver
Capabilities {acceptInsecureCerts: false, acceptSslCerts: false, applicationCacheEnabled: false, browserConnectionEnabled: false, browserName: chrome, chrome: {chromedriverVersion: 2.41.578700 (2f1ed5f9343c13..., userDataDir: /tmp/.org.chromium.Chromium...}, cssSelectorsEnabled: true, databaseEnabled: false, goog:chromeOptions: {debuggerAddress: localhost:38513}, handlesAlerts: true, hasTouchScreen: false, javascriptEnabled: true, locationContextEnabled: true, mobileEmulationEnabled: false, nativeEvents: true, networkConnectionEnabled: false, pageLoadStrategy: normal, platform: LINUX, platformName: LINUX, rotatable: false, setWindowRect: true, takesHeapSnapshot: true, takesScreenshot: true, unexpectedAlertBehaviour: , unhandledPromptBehavior: , version: 70.0.3538.67, webStorageEnabled: true}
Session ID: 706887d81574fa80ab3e0cdfc8ee68f3
	at org.pageobjects.ContentCreateUploadPageObj.clickOnSortBy(ContentCreateUploadPageObj.java:794)
	at org.testscript.regression.SortTheResultInUpForReview.workspace_upForReviewSortBy(SortTheResultInUpForReview.java:32)
... Removed 26 stack frames]]>
    </failure>
  </testcase> <!-- workspace_upForReviewSortBy -->
  <testcase classname="org.testscript.CreateCourseAndVerify" name="createCourseAndVerify" time="215.831"/>
  <testcase classname="org.testscript.regression.VerifySortOption" name="verifySortFeatureOptions" time="63.098">
    <failure type="java.lang.AssertionError" message="Failed on validating SoryBy Options in Library Page">
      <![CDATA[java.lang.AssertionError: Failed on validating SoryBy Options in Library Page
	at org.pageobjects.ContentCreationResourcePageObj.VerifySortByIsExists(ContentCreationResourcePageObj.java:170)
	at org.testscript.regression.VerifySortOption.verifySortFeatureOptions(VerifySortOption.java:33)
... Removed 26 stack frames]]>
    </failure>
  </testcase> <!-- verifySortFeatureOptions -->
  <testcase classname="org.testscript.regression.VerifyAnnouncementPageContent" name="verifyAnnouncementMessage" time="22.162"/>
  <testcase classname="org.testscript.regression.SearchParticularContentInAllMyContent" name="VerifySortFeatureOptions" time="18.154"/>
  <testcase classname="org.testscript.CourseCreation" name="courseCreation" time="187.794"/>
  <testcase classname="org.testscript.regression.VerifyAnnouncementPageContent" name="VerifyAnnouncementDetails" time="20.844"/>
  <testcase classname="org.testscript.BookCreation" name="bookCreation" time="5.597">
    <failure type="java.lang.AssertionError" message="Failed on navigating to Workspace and create Book">
      <![CDATA[java.lang.AssertionError: Failed on navigating to Workspace and create Book
	at org.pageobjects.CreatorUserPageObj.navigateToWorkspace(CreatorUserPageObj.java:2717)
	at org.testscript.BookCreation.bookCreation(BookCreation.java:39)
... Removed 26 stack frames]]>
    </failure>
  </testcase> <!-- bookCreation -->
  <testcase classname="org.testscript.regression.VerifyAnnouncementPageContent" name="VerifyAnnouncementCreationFields" time="13.804">
    <failure type="java.lang.AssertionError" message="expected:&amp;lt;&amp;gt; but was:&amp;lt;TITLE&amp;gt;">
      <![CDATA[java.lang.AssertionError: expected:<> but was:<TITLE>
	at org.generic.GenericFunctions.FetchFieldsAndAssert(GenericFunctions.java:747)
	at org.testscript.regression.VerifyAnnouncementPageContent.VerifyAnnouncementCreationFields(VerifyAnnouncementPageContent.java:86)
... Removed 27 stack frames]]>
    </failure>
  </testcase> <!-- VerifyAnnouncementCreationFields -->
  <testcase classname="org.testscript.UploadContentTypeMp4AndVerify" name="uploadContentTypeMp4AndVerify" time="275.895"/>
  <testcase classname="org.testscript.UploadContentTypeEpubAndVerify" name="uploadContentTypeEpubAndVerify" time="306.435"/>
  <testcase classname="org.testscript.UploadContentTypeHtmlAndVerify" name="uploadContentTypeHtmlAndVerify" time="276.604"/>
  <testcase classname="org.testscript.UploadContentTypePdfAndVerify" name="uploadContentTypePdfAndVerify" time="279.077">
    <failure type="java.lang.AssertionError" message="Failed on logging In, Exception : Expected condition failed: waiting for visibility of Proxy element for: DefaultElementLocator &amp;apos;By.xpath: (//a[contains(text(),&amp;apos;LOGIN&amp;apos;)])[2]&amp;apos; (tried for 60 second(s) with 500 milliseconds interval)">
      <![CDATA[java.lang.AssertionError: Failed on logging In, Exception : Expected condition failed: waiting for visibility of Proxy element for: DefaultElementLocator 'By.xpath: (//a[contains(text(),'LOGIN')])[2]' (tried for 60 second(s) with 500 milliseconds interval)
	at org.pageobjects.SignUpPageObj.userLogin(SignUpPageObj.java:166)
	at org.testscript.UploadContentTypePdfAndVerify.uploadContentTypePdfAndVerify(UploadContentTypePdfAndVerify.java:41)
... Removed 26 stack frames]]>
    </failure>
  </testcase> <!-- uploadContentTypePdfAndVerify -->
  <testcase classname="org.testscript.UploadYoutubeContent" name="uploadYoutubeContent" time="81.343">
    <failure type="java.lang.AssertionError" message="Failed on logging In, Exception : Expected condition failed: waiting for visibility of Proxy element for: DefaultElementLocator &amp;apos;By.xpath: (//a[contains(text(),&amp;apos;LOGIN&amp;apos;)])[2]&amp;apos; (tried for 60 second(s) with 500 milliseconds interval)">
      <![CDATA[java.lang.AssertionError: Failed on logging In, Exception : Expected condition failed: waiting for visibility of Proxy element for: DefaultElementLocator 'By.xpath: (//a[contains(text(),'LOGIN')])[2]' (tried for 60 second(s) with 500 milliseconds interval)
	at org.pageobjects.SignUpPageObj.userLogin(SignUpPageObj.java:166)
	at org.testscript.UploadYoutubeContent.uploadYoutubeContent(UploadYoutubeContent.java:29)
... Removed 26 stack frames]]>
    </failure>
  </testcase> <!-- uploadYoutubeContent -->
  <testcase classname="org.testscript.VerifyElementsInAdminDashboard" name="verifyElementsInAdminDashboard" time="81.211">
    <failure type="java.lang.AssertionError" message="Failed on logging In, Exception : Expected condition failed: waiting for visibility of Proxy element for: DefaultElementLocator &amp;apos;By.xpath: (//a[contains(text(),&amp;apos;LOGIN&amp;apos;)])[2]&amp;apos; (tried for 60 second(s) with 500 milliseconds interval)">
      <![CDATA[java.lang.AssertionError: Failed on logging In, Exception : Expected condition failed: waiting for visibility of Proxy element for: DefaultElementLocator 'By.xpath: (//a[contains(text(),'LOGIN')])[2]' (tried for 60 second(s) with 500 milliseconds interval)
	at org.pageobjects.SignUpPageObj.userLogin(SignUpPageObj.java:166)
	at org.testscript.VerifyElementsInAdminDashboard.verifyElementsInAdminDashboard(VerifyElementsInAdminDashboard.java:28)
... Removed 26 stack frames]]>
    </failure>
  </testcase> <!-- verifyElementsInAdminDashboard -->
  <testcase classname="org.testscript.UploadEpubContent" name="uploadEpubContent" time="81.33">
    <failure type="java.lang.AssertionError" message="Failed on logging In, Exception : Expected condition failed: waiting for visibility of Proxy element for: DefaultElementLocator &amp;apos;By.xpath: (//a[contains(text(),&amp;apos;LOGIN&amp;apos;)])[2]&amp;apos; (tried for 60 second(s) with 500 milliseconds interval)">
      <![CDATA[java.lang.AssertionError: Failed on logging In, Exception : Expected condition failed: waiting for visibility of Proxy element for: DefaultElementLocator 'By.xpath: (//a[contains(text(),'LOGIN')])[2]' (tried for 60 second(s) with 500 milliseconds interval)
	at org.pageobjects.SignUpPageObj.userLogin(SignUpPageObj.java:166)
	at org.testscript.UploadEpubContent.uploadEpubContent(UploadEpubContent.java:29)
... Removed 26 stack frames]]>
    </failure>
  </testcase> <!-- uploadEpubContent -->
  <testcase classname="org.testscript.AdminCreationAndDownloadCsv" name="adminCreationAndDownloadCsv" time="81.198">
    <failure type="java.lang.AssertionError" message="Failed on logging In, Exception : Expected condition failed: waiting for visibility of Proxy element for: DefaultElementLocator &amp;apos;By.xpath: (//a[contains(text(),&amp;apos;LOGIN&amp;apos;)])[2]&amp;apos; (tried for 60 second(s) with 500 milliseconds interval)">
      <![CDATA[java.lang.AssertionError: Failed on logging In, Exception : Expected condition failed: waiting for visibility of Proxy element for: DefaultElementLocator 'By.xpath: (//a[contains(text(),'LOGIN')])[2]' (tried for 60 second(s) with 500 milliseconds interval)
	at org.pageobjects.SignUpPageObj.userLogin(SignUpPageObj.java:166)
	at org.testscript.AdminCreationAndDownloadCsv.adminCreationAndDownloadCsv(AdminCreationAndDownloadCsv.java:27)
... Removed 26 stack frames]]>
    </failure>
  </testcase> <!-- adminCreationAndDownloadCsv -->
  <testcase classname="org.testscript.AdminCreationAndDownloadCsv" name="adminCreationAndDownloadCsv" time="81.315">
    <failure type="java.lang.AssertionError" message="Failed on logging In, Exception : Expected condition failed: waiting for visibility of Proxy element for: DefaultElementLocator &amp;apos;By.xpath: (//a[contains(text(),&amp;apos;LOGIN&amp;apos;)])[2]&amp;apos; (tried for 60 second(s) with 500 milliseconds interval)">
      <![CDATA[java.lang.AssertionError: Failed on logging In, Exception : Expected condition failed: waiting for visibility of Proxy element for: DefaultElementLocator 'By.xpath: (//a[contains(text(),'LOGIN')])[2]' (tried for 60 second(s) with 500 milliseconds interval)
	at org.pageobjects.SignUpPageObj.userLogin(SignUpPageObj.java:166)
	at org.testscript.AdminCreationAndDownloadCsv.adminCreationAndDownloadCsv(AdminCreationAndDownloadCsv.java:27)
... Removed 26 stack frames]]>
    </failure>
  </testcase> <!-- adminCreationAndDownloadCsv -->
  <testcase classname="org.testscript.UploadHtmlContent" name="uploadHtmlContent" time="81.266">
    <failure type="java.lang.AssertionError" message="Failed on logging In, Exception : Expected condition failed: waiting for visibility of Proxy element for: DefaultElementLocator &amp;apos;By.xpath: (//a[contains(text(),&amp;apos;LOGIN&amp;apos;)])[2]&amp;apos; (tried for 60 second(s) with 500 milliseconds interval)">
      <![CDATA[java.lang.AssertionError: Failed on logging In, Exception : Expected condition failed: waiting for visibility of Proxy element for: DefaultElementLocator 'By.xpath: (//a[contains(text(),'LOGIN')])[2]' (tried for 60 second(s) with 500 milliseconds interval)
	at org.pageobjects.SignUpPageObj.userLogin(SignUpPageObj.java:166)
	at org.testscript.UploadHtmlContent.uploadHtmlContent(UploadHtmlContent.java:29)
... Removed 26 stack frames]]>
    </failure>
  </testcase> <!-- uploadHtmlContent -->
  <testcase classname="org.testscript.UploadContentTypeH5pAndVerify" name="uploadH5pContentAndVerify" time="81.333">
    <failure type="java.lang.AssertionError" message="Failed on logging In, Exception : Expected condition failed: waiting for visibility of Proxy element for: DefaultElementLocator &amp;apos;By.xpath: (//a[contains(text(),&amp;apos;LOGIN&amp;apos;)])[2]&amp;apos; (tried for 60 second(s) with 500 milliseconds interval)">
      <![CDATA[java.lang.AssertionError: Failed on logging In, Exception : Expected condition failed: waiting for visibility of Proxy element for: DefaultElementLocator 'By.xpath: (//a[contains(text(),'LOGIN')])[2]' (tried for 60 second(s) with 500 milliseconds interval)
	at org.pageobjects.SignUpPageObj.userLogin(SignUpPageObj.java:166)
	at org.testscript.UploadContentTypeH5pAndVerify.uploadH5pContentAndVerify(UploadContentTypeH5pAndVerify.java:29)
... Removed 26 stack frames]]>
    </failure>
  </testcase> <!-- uploadH5pContentAndVerify -->
  <testcase classname="org.testscript.UploadH5pContent" name="uploadH5pContent" time="81.228">
    <failure type="java.lang.AssertionError" message="Failed on logging In, Exception : Expected condition failed: waiting for visibility of Proxy element for: DefaultElementLocator &amp;apos;By.xpath: (//a[contains(text(),&amp;apos;LOGIN&amp;apos;)])[2]&amp;apos; (tried for 60 second(s) with 500 milliseconds interval)">
      <![CDATA[java.lang.AssertionError: Failed on logging In, Exception : Expected condition failed: waiting for visibility of Proxy element for: DefaultElementLocator 'By.xpath: (//a[contains(text(),'LOGIN')])[2]' (tried for 60 second(s) with 500 milliseconds interval)
	at org.pageobjects.SignUpPageObj.userLogin(SignUpPageObj.java:166)
	at org.testscript.UploadH5pContent.uploadH5pContent(UploadH5pContent.java:28)
... Removed 26 stack frames]]>
    </failure>
  </testcase> <!-- uploadH5pContent -->
  <testcase classname="org.testscript.CollectionCreation" name="collectionCreation" time="81.26">
    <failure type="java.lang.AssertionError" message="Failed on logging In, Exception : Expected condition failed: waiting for visibility of Proxy element for: DefaultElementLocator &amp;apos;By.xpath: (//a[contains(text(),&amp;apos;LOGIN&amp;apos;)])[2]&amp;apos; (tried for 60 second(s) with 500 milliseconds interval)">
      <![CDATA[java.lang.AssertionError: Failed on logging In, Exception : Expected condition failed: waiting for visibility of Proxy element for: DefaultElementLocator 'By.xpath: (//a[contains(text(),'LOGIN')])[2]' (tried for 60 second(s) with 500 milliseconds interval)
	at org.pageobjects.SignUpPageObj.userLogin(SignUpPageObj.java:166)
	at org.testscript.CollectionCreation.collectionCreation(CollectionCreation.java:28)
... Removed 26 stack frames]]>
    </failure>
  </testcase> <!-- collectionCreation -->
  <testcase classname="org.testscript.NavigateToMyActivity" name="navigateToMyActivity" time="81.345">
    <failure type="java.lang.AssertionError" message="Failed on logging In, Exception : Expected condition failed: waiting for visibility of Proxy element for: DefaultElementLocator &amp;apos;By.xpath: (//a[contains(text(),&amp;apos;LOGIN&amp;apos;)])[2]&amp;apos; (tried for 60 second(s) with 500 milliseconds interval)">
      <![CDATA[java.lang.AssertionError: Failed on logging In, Exception : Expected condition failed: waiting for visibility of Proxy element for: DefaultElementLocator 'By.xpath: (//a[contains(text(),'LOGIN')])[2]' (tried for 60 second(s) with 500 milliseconds interval)
	at org.pageobjects.SignUpPageObj.userLogin(SignUpPageObj.java:166)
	at org.testscript.NavigateToMyActivity.navigateToMyActivity(NavigateToMyActivity.java:34)
... Removed 26 stack frames]]>
    </failure>
  </testcase> <!-- navigateToMyActivity -->
  <testcase classname="org.testscript.EditContentAndSendForReview" name="editContentAndSendForReview" time="81.379">
    <failure type="java.lang.AssertionError" message="Failed on logging In, Exception : Expected condition failed: waiting for visibility of Proxy element for: DefaultElementLocator &amp;apos;By.xpath: (//a[contains(text(),&amp;apos;LOGIN&amp;apos;)])[2]&amp;apos; (tried for 60 second(s) with 500 milliseconds interval)">
      <![CDATA[java.lang.AssertionError: Failed on logging In, Exception : Expected condition failed: waiting for visibility of Proxy element for: DefaultElementLocator 'By.xpath: (//a[contains(text(),'LOGIN')])[2]' (tried for 60 second(s) with 500 milliseconds interval)
	at org.pageobjects.SignUpPageObj.userLogin(SignUpPageObj.java:166)
	at org.testscript.EditContentAndSendForReview.editContentAndSendForReview(EditContentAndSendForReview.java:35)
... Removed 26 stack frames]]>
    </failure>
  </testcase> <!-- editContentAndSendForReview -->
  <testcase classname="org.testscript.LimitedSharingTheContent" name="limitedSharingTheContent" time="81.406">
    <failure type="java.lang.AssertionError" message="Failed on logging In, Exception : Expected condition failed: waiting for visibility of Proxy element for: DefaultElementLocator &amp;apos;By.xpath: (//a[contains(text(),&amp;apos;LOGIN&amp;apos;)])[2]&amp;apos; (tried for 60 second(s) with 500 milliseconds interval)">
      <![CDATA[java.lang.AssertionError: Failed on logging In, Exception : Expected condition failed: waiting for visibility of Proxy element for: DefaultElementLocator 'By.xpath: (//a[contains(text(),'LOGIN')])[2]' (tried for 60 second(s) with 500 milliseconds interval)
	at org.pageobjects.SignUpPageObj.userLogin(SignUpPageObj.java:166)
	at org.testscript.LimitedSharingTheContent.limitedSharingTheContent(LimitedSharingTheContent.java:34)
... Removed 26 stack frames]]>
    </failure>
  </testcase> <!-- limitedSharingTheContent -->
  <testcase classname="org.testscript.CheckInReviewSubmission" name="checkInReviewSubmission" time="81.377">
    <failure type="java.lang.AssertionError" message="Failed on logging In, Exception : Expected condition failed: waiting for visibility of Proxy element for: DefaultElementLocator &amp;apos;By.xpath: (//a[contains(text(),&amp;apos;LOGIN&amp;apos;)])[2]&amp;apos; (tried for 60 second(s) with 500 milliseconds interval)">
      <![CDATA[java.lang.AssertionError: Failed on logging In, Exception : Expected condition failed: waiting for visibility of Proxy element for: DefaultElementLocator 'By.xpath: (//a[contains(text(),'LOGIN')])[2]' (tried for 60 second(s) with 500 milliseconds interval)
	at org.pageobjects.SignUpPageObj.userLogin(SignUpPageObj.java:166)
	at org.testscript.CheckInReviewSubmission.checkInReviewSubmission(CheckInReviewSubmission.java:34)
... Removed 26 stack frames]]>
    </failure>
  </testcase> <!-- checkInReviewSubmission -->
  <testcase classname="org.testscript.VerifyPublishedBucket" name="verifyPublishedBucket" time="81.346">
    <failure type="java.lang.AssertionError" message="Failed on logging In, Exception : Expected condition failed: waiting for visibility of Proxy element for: DefaultElementLocator &amp;apos;By.xpath: (//a[contains(text(),&amp;apos;LOGIN&amp;apos;)])[2]&amp;apos; (tried for 60 second(s) with 500 milliseconds interval)">
      <![CDATA[java.lang.AssertionError: Failed on logging In, Exception : Expected condition failed: waiting for visibility of Proxy element for: DefaultElementLocator 'By.xpath: (//a[contains(text(),'LOGIN')])[2]' (tried for 60 second(s) with 500 milliseconds interval)
	at org.pageobjects.SignUpPageObj.userLogin(SignUpPageObj.java:166)
	at org.testscript.VerifyPublishedBucket.verifyPublishedBucket(VerifyPublishedBucket.java:35)
... Removed 26 stack frames]]>
    </failure>
  </testcase> <!-- verifyPublishedBucket -->
  <testcase classname="org.testscript.VerifyBookCreator" name="verifyBookCreation" time="81.323">
    <failure type="java.lang.AssertionError" message="Failed on logging In, Exception : Expected condition failed: waiting for visibility of Proxy element for: DefaultElementLocator &amp;apos;By.xpath: (//a[contains(text(),&amp;apos;LOGIN&amp;apos;)])[2]&amp;apos; (tried for 60 second(s) with 500 milliseconds interval)">
      <![CDATA[java.lang.AssertionError: Failed on logging In, Exception : Expected condition failed: waiting for visibility of Proxy element for: DefaultElementLocator 'By.xpath: (//a[contains(text(),'LOGIN')])[2]' (tried for 60 second(s) with 500 milliseconds interval)
	at org.pageobjects.SignUpPageObj.userLogin(SignUpPageObj.java:166)
	at org.testscript.VerifyBookCreator.verifyBookCreation(VerifyBookCreator.java:27)
... Removed 26 stack frames]]>
    </failure>
  </testcase> <!-- verifyBookCreation -->
</testsuite> <!-- Test -->
