<?xml version="1.0" encoding="UTF-8"?>
<!-- Generated by org.testng.reporters.JUnitXMLReporter -->
<testsuite ignored="0" hostname="Qualitrix-LinuxPC" failures="1" tests="1" name="regressiontest-P1" time="209.04" errors="0" timestamp="23 Nov 2018 11:57:43 GMT">
  <testcase classname="org.testscripts.ConsumeOpenCourseByPublicUserAndCheckCourseStatAsMentor" name="consumeOpenCourseByPublicUserAndCheckCourseStatAsMentor" time="200.853">
    <failure type="java.lang.AssertionError" message="Failed on navigating to Course section, search course and create open batch, Exception : unknown error: Element &amp;lt;a _ngcontent-c6=&amp;quot;&amp;quot; apptelemetryinteract=&amp;quot;&amp;quot; class=&amp;quot;item&amp;quot; routerlink=&amp;quot;/learn&amp;quot; href=&amp;quot;/learn&amp;quot;&amp;gt;...&amp;lt;/a&amp;gt; is not clickable at point (928, 38). Other element would receive the click: &amp;lt;sui-dimmer _ngcontent-c9=&amp;quot;&amp;quot; class=&amp;quot;page transition ui dimmer visible fade animating out&amp;quot; _nghost-c20=&amp;quot;&amp;quot; style=&amp;quot;animation-duration: 500ms; display: block;&amp;quot;&amp;gt;...&amp;lt;/sui-dimmer&amp;gt;
  (Session info: chrome=70.0.3538.67)
  (Driver info: chromedriver=2.41.578700 (2f1ed5f9343c13f73144538f15c00b370eda6706),platform=Linux 4.15.0-39-generic x86_64) (WARNING: The server did not provide any stacktrace information)
Command duration or timeout: 0 milliseconds
Build info: version: &amp;apos;3.12.0&amp;apos;, revision: &amp;apos;7c6e0b3&amp;apos;, time: &amp;apos;2018-05-08T14:04:26.12Z&amp;apos;
System info: host: &amp;apos;Qualitrix-LinuxPC&amp;apos;, ip: &amp;apos;127.0.1.1&amp;apos;, os.name: &amp;apos;Linux&amp;apos;, os.arch: &amp;apos;amd64&amp;apos;, os.version: &amp;apos;4.15.0-39-generic&amp;apos;, java.version: &amp;apos;10.0.2&amp;apos;
Driver info: org.openqa.selenium.chrome.ChromeDriver
Capabilities {acceptInsecureCerts: false, acceptSslCerts: false, applicationCacheEnabled: false, browserConnectionEnabled: false, browserName: chrome, chrome: {chromedriverVersion: 2.41.578700 (2f1ed5f9343c13..., userDataDir: /tmp/.org.chromium.Chromium...}, cssSelectorsEnabled: true, databaseEnabled: false, goog:chromeOptions: {debuggerAddress: localhost:39393}, handlesAlerts: true, hasTouchScreen: false, javascriptEnabled: true, locationContextEnabled: true, mobileEmulationEnabled: false, nativeEvents: true, networkConnectionEnabled: false, pageLoadStrategy: normal, platform: LINUX, platformName: LINUX, rotatable: false, setWindowRect: true, takesHeapSnapshot: true, takesScreenshot: true, unexpectedAlertBehaviour: , unhandledPromptBehavior: , version: 70.0.3538.67, webStorageEnabled: true}
Session ID: 90ad44a8e84cb820295ef9c8021e91d1">
      <![CDATA[java.lang.AssertionError: Failed on navigating to Course section, search course and create open batch, Exception : unknown error: Element <a _ngcontent-c6="" apptelemetryinteract="" class="item" routerlink="/learn" href="/learn">...</a> is not clickable at point (928, 38). Other element would receive the click: <sui-dimmer _ngcontent-c9="" class="page transition ui dimmer visible fade animating out" _nghost-c20="" style="animation-duration: 500ms; display: block;">...</sui-dimmer>
  (Session info: chrome=70.0.3538.67)
  (Driver info: chromedriver=2.41.578700 (2f1ed5f9343c13f73144538f15c00b370eda6706),platform=Linux 4.15.0-39-generic x86_64) (WARNING: The server did not provide any stacktrace information)
Command duration or timeout: 0 milliseconds
Build info: version: '3.12.0', revision: '7c6e0b3', time: '2018-05-08T14:04:26.12Z'
System info: host: 'Qualitrix-LinuxPC', ip: '127.0.1.1', os.name: 'Linux', os.arch: 'amd64', os.version: '4.15.0-39-generic', java.version: '10.0.2'
Driver info: org.openqa.selenium.chrome.ChromeDriver
Capabilities {acceptInsecureCerts: false, acceptSslCerts: false, applicationCacheEnabled: false, browserConnectionEnabled: false, browserName: chrome, chrome: {chromedriverVersion: 2.41.578700 (2f1ed5f9343c13..., userDataDir: /tmp/.org.chromium.Chromium...}, cssSelectorsEnabled: true, databaseEnabled: false, goog:chromeOptions: {debuggerAddress: localhost:39393}, handlesAlerts: true, hasTouchScreen: false, javascriptEnabled: true, locationContextEnabled: true, mobileEmulationEnabled: false, nativeEvents: true, networkConnectionEnabled: false, pageLoadStrategy: normal, platform: LINUX, platformName: LINUX, rotatable: false, setWindowRect: true, takesHeapSnapshot: true, takesScreenshot: true, unexpectedAlertBehaviour: , unhandledPromptBehavior: , version: 70.0.3538.67, webStorageEnabled: true}
Session ID: 90ad44a8e84cb820295ef9c8021e91d1
	at org.pageobjects.CreateMentorPageObj.navigateToCourseAndSearchForOpenBatch(CreateMentorPageObj.java:163)
	at org.testscripts.ConsumeOpenCourseByPublicUserAndCheckCourseStatAsMentor.consumeOpenCourseByPublicUserAndCheckCourseStatAsMentor(ConsumeOpenCourseByPublicUserAndCheckCourseStatAsMentor.java:89)
... Removed 26 stack frames]]>
    </failure>
  </testcase> <!-- consumeOpenCourseByPublicUserAndCheckCourseStatAsMentor -->
</testsuite> <!-- regressiontest-P1 -->
