<?xml version="1.0" encoding="UTF-8"?>
<!-- Generated by org.testng.reporters.JUnitReportReporter -->
<<<<<<< HEAD
<testsuite ignored="0" hostname="Qualitrix-LinuxPC" failures="1" tests="3" name="org.testscript.regression.VerifyAnnouncementPageContent" time="80.540" errors="0" timestamp="10 Dec 2018 03:46:53 GMT" skipped="0">
  <testcase classname="org.testscript.regression.VerifyAnnouncementPageContent" name="verifyAnnouncementMessage" time="30.341"/>
  <testcase classname="org.testscript.regression.VerifyAnnouncementPageContent" name="VerifyAnnouncementCreationFields" time="21.222">
    <failure message="expected:&lt;&gt; but was:&lt;TITLE&gt;" type="java.lang.AssertionError">
      <![CDATA[java.lang.AssertionError: expected:<> but was:<TITLE>
	at org.testng.AssertJUnit.assertEquals(AssertJUnit.java:101)
	at org.testng.AssertJUnit.assertEquals(AssertJUnit.java:108)
	at org.generic.GenericFunctions.FetchFieldsAndAssert(GenericFunctions.java:747)
	at org.testscript.regression.VerifyAnnouncementPageContent.VerifyAnnouncementCreationFields(VerifyAnnouncementPageContent.java:86)
	at java.base/jdk.internal.reflect.NativeMethodAccessorImpl.invoke0(Native Method)
	at java.base/jdk.internal.reflect.NativeMethodAccessorImpl.invoke(NativeMethodAccessorImpl.java:62)
	at java.base/jdk.internal.reflect.DelegatingMethodAccessorImpl.invoke(DelegatingMethodAccessorImpl.java:43)
	at java.base/java.lang.reflect.Method.invoke(Method.java:564)
	at org.testng.internal.MethodInvocationHelper.invokeMethod(MethodInvocationHelper.java:104)
	at org.testng.internal.Invoker.invokeMethod(Invoker.java:645)
	at org.testng.internal.Invoker.invokeTestMethod(Invoker.java:851)
	at org.testng.internal.Invoker.invokeTestMethods(Invoker.java:1177)
	at org.testng.internal.TestMethodWorker.invokeTestMethods(TestMethodWorker.java:129)
	at org.testng.internal.TestMethodWorker.run(TestMethodWorker.java:112)
	at org.testng.TestRunner.privateRun(TestRunner.java:756)
	at org.testng.TestRunner.run(TestRunner.java:610)
	at org.testng.SuiteRunner.runTest(SuiteRunner.java:387)
	at org.testng.SuiteRunner.runSequentially(SuiteRunner.java:382)
	at org.testng.SuiteRunner.privateRun(SuiteRunner.java:340)
	at org.testng.SuiteRunner.run(SuiteRunner.java:289)
	at org.testng.SuiteRunnerWorker.runSuite(SuiteRunnerWorker.java:52)
	at org.testng.SuiteRunnerWorker.run(SuiteRunnerWorker.java:86)
	at org.testng.TestNG.runSuitesSequentially(TestNG.java:1293)
	at org.testng.TestNG.runSuitesLocally(TestNG.java:1218)
	at org.testng.TestNG.runSuites(TestNG.java:1133)
	at org.testng.TestNG.run(TestNG.java:1104)
	at org.testng.remote.AbstractRemoteTestNG.run(AbstractRemoteTestNG.java:114)
	at org.testng.remote.RemoteTestNG.initAndRun(RemoteTestNG.java:251)
	at org.testng.remote.RemoteTestNG.main(RemoteTestNG.java:77)
]]>
    </failure>
=======
<<<<<<< HEAD
<testsuite name="org.testscript.regression.VerifyAnnouncementPageContent" tests="3" time="0.004" ignored="0" failures="0" timestamp="07 Dec 2018 09:32:40 GMT" skipped="3" hostname="QUALITRIX-PC" errors="0">
  <testcase name="verifyAnnouncementMessage" time="0.003" classname="org.testscript.regression.VerifyAnnouncementPageContent">
    <skipped/>
  </testcase> <!-- verifyAnnouncementMessage -->
  <testcase name="VerifyAnnouncementDetails" time="0.000" classname="org.testscript.regression.VerifyAnnouncementPageContent">
    <skipped/>
  </testcase> <!-- VerifyAnnouncementDetails -->
  <testcase name="VerifyAnnouncementCreationFields" time="0.001" classname="org.testscript.regression.VerifyAnnouncementPageContent">
=======
<testsuite ignored="0" hostname="Qualitrix-LinuxPC" failures="0" tests="3" name="org.testscript.regression.VerifyAnnouncementPageContent" time="0.001" errors="0" timestamp="07 Dec 2018 12:46:58 GMT" skipped="3">
  <testcase classname="org.testscript.regression.VerifyAnnouncementPageContent" name="VerifyAnnouncementDetails" time="0.001">
    <skipped/>
  </testcase> <!-- VerifyAnnouncementDetails -->
  <testcase classname="org.testscript.regression.VerifyAnnouncementPageContent" name="VerifyAnnouncementCreationFields" time="0.000">
>>>>>>> fd04c9623bd7c1c59433d937381798497fdf2ad8
    <skipped/>
>>>>>>> 6565901281ae9a3a962beb76e038941897e5ac3b
  </testcase> <!-- VerifyAnnouncementCreationFields -->
  <testcase classname="org.testscript.regression.VerifyAnnouncementPageContent" name="VerifyAnnouncementDetails" time="28.977"/>
</testsuite> <!-- org.testscript.regression.VerifyAnnouncementPageContent -->
